2018-03-08-14-26-33,"mushroom_cap-surface_Kmeans Clutering_euclidean_ic0.0_ip0.001_k10.json",{"0":0,"1":0,"2":0,"3":0,"4":0,"5":0,"6":0,"7":0,"8":0,"9":0,"10":0,"undefined":null}
2018-03-08-14-26-33,"mushroom_cap-surface_Kmeans Clutering_euclidean_ic0.0_ip0.001_k10.json",{"0":0,"1":0,"2":0,"3":0,"4":0,"5":0,"6":0,"7":0,"8":0,"9":0,"10":0,"undefined":null}
2018-03-08-14-26-33,"mushroom_cap-surface_Kmeans Clutering_euclidean_ic0.0_ip0.001_k10.json",{"0":1,"1":0,"2":0,"3":0,"4":0,"5":0,"6":0,"7":0,"8":0,"9":0,"10":0,"undefined":null}
2018-03-08-14-26-33,"mushroom_cap-surface_Kmeans Clutering_euclidean_ic0.0_ip0.001_k10.json",{"0":2,"1":0,"2":0,"3":0,"4":0,"5":0,"6":0,"7":0,"8":0,"9":0,"10":0,"undefined":null}
2018-03-08-14-26-34,"mushroom_cap-surface_Kmeans Clutering_euclidean_ic0.0_ip0.001_k10.json",{"0":3,"1":0,"2":0,"3":0,"4":0,"5":0,"6":0,"7":0,"8":0,"9":0,"10":0,"undefined":null}
2018-03-08-14-26-34,"mushroom_cap-surface_Kmeans Clutering_euclidean_ic0.0_ip0.001_k10.json",{"0":3,"1":0,"2":0,"3":0,"4":0,"5":0,"6":1,"7":0,"8":0,"9":0,"10":0,"undefined":null}
2018-03-08-14-26-34,"mushroom_cap-surface_Kmeans Clutering_euclidean_ic0.0_ip0.001_k10.json",{"0":3,"1":0,"2":0,"3":0,"4":0,"5":0,"6":2,"7":0,"8":0,"9":0,"10":0,"undefined":null}
2018-03-08-14-26-35,"mushroom_cap-surface_Kmeans Clutering_euclidean_ic0.0_ip0.001_k10.json",{"0":3,"1":0,"2":0,"3":0,"4":0,"5":0,"6":3,"7":0,"8":0,"9":0,"10":0,"undefined":null}
2018-03-08-14-26-35,"mushroom_cap-surface_Kmeans Clutering_euclidean_ic0.0_ip0.001_k10.json",{"0":3,"1":0,"2":0,"3":0,"4":0,"5":0,"6":3,"7":0,"8":0,"9":0,"10":0,"undefined":null}
2018-03-08-14-26-39,"mushroom_cap-surface_Kmeans Clutering_euclidean_ic0.0_ip0.001_k10.json",{"0":3,"1":0,"2":0,"3":0,"4":0,"5":0,"6":3,"7":1,"8":0,"9":0,"10":0,"undefined":null}
2018-03-08-14-26-39,"mushroom_cap-surface_Kmeans Clutering_euclidean_ic0.0_ip0.001_k10.json",{"0":3,"1":0,"2":0,"3":0,"4":0,"5":0,"6":3,"7":2,"8":0,"9":0,"10":0,"undefined":null}
2018-03-08-14-26-40,"mushroom_cap-surface_Kmeans Clutering_euclidean_ic0.0_ip0.001_k10.json",{"0":3,"1":0,"2":0,"3":0,"4":0,"5":0,"6":3,"7":3,"8":0,"9":0,"10":0,"undefined":null}
2018-03-08-14-26-40,"mushroom_cap-surface_Kmeans Clutering_euclidean_ic0.0_ip0.001_k10.json",{"0":3,"1":0,"2":0,"3":0,"4":0,"5":0,"6":3,"7":3,"8":1,"9":0,"10":0,"undefined":null}
2018-03-08-14-26-41,"mushroom_cap-surface_Kmeans Clutering_euclidean_ic0.0_ip0.001_k10.json",{"0":3,"1":0,"2":0,"3":0,"4":0,"5":0,"6":3,"7":3,"8":2,"9":0,"10":0,"undefined":null}
2018-03-08-14-26-41,"mushroom_cap-surface_Kmeans Clutering_euclidean_ic0.0_ip0.001_k10.json",{"0":3,"1":0,"2":0,"3":0,"4":0,"5":0,"6":3,"7":3,"8":3,"9":0,"10":0,"undefined":null}
2018-03-08-14-26-41,"mushroom_cap-surface_Kmeans Clutering_euclidean_ic0.0_ip0.001_k10.json",{"0":3,"1":0,"2":0,"3":0,"4":0,"5":0,"6":3,"7":3,"8":3,"9":1,"10":0,"undefined":null}
2018-03-08-14-26-42,"mushroom_cap-surface_Kmeans Clutering_euclidean_ic0.0_ip0.001_k10.json",{"0":3,"1":0,"2":0,"3":0,"4":0,"5":0,"6":3,"7":3,"8":3,"9":2,"10":0,"undefined":null}
2018-03-08-14-26-45,"mushroom_cap-surface_Kmeans Clutering_euclidean_ic0.0_ip0.001_k10.json",{"0":3,"1":0,"2":0,"3":0,"4":0,"5":0,"6":3,"7":3,"8":3,"9":2,"10":1,"undefined":null}
2018-03-08-14-26-45,"mushroom_cap-surface_Kmeans Clutering_euclidean_ic0.0_ip0.001_k10.json",{"0":3,"1":0,"2":0,"3":0,"4":0,"5":0,"6":3,"7":3,"8":3,"9":2,"10":2,"undefined":null}
2018-03-08-14-26-46,"mushroom_cap-surface_Kmeans Clutering_euclidean_ic0.0_ip0.001_k10.json",{"0":3,"1":0,"2":0,"3":0,"4":0,"5":0,"6":3,"7":3,"8":3,"9":2,"10":3,"undefined":null}
2018-03-08-14-26-46,"mushroom_cap-surface_Kmeans Clutering_euclidean_ic0.0_ip0.001_k10.json",{"0":3,"1":0,"2":0,"3":0,"4":0,"5":0,"6":3,"7":3,"8":3,"9":2,"10":1,"undefined":null}
2018-03-08-14-26-46,"mushroom_cap-surface_Kmeans Clutering_euclidean_ic0.0_ip0.001_k10.json",{"0":3,"1":0,"2":0,"3":0,"4":0,"5":0,"6":3,"7":3,"8":3,"9":2,"10":2,"undefined":null}
2018-03-08-14-26-57,"mushroom_type_Breadth First Picking_euclidean_ic0.0_ip0.9_k10.json",{"0":0,"1":0,"2":0,"3":0,"4":0,"5":0,"6":3,"7":3,"8":3,"9":0,"10":2,"21":0,"22":0,"24":0,"25":0,"146":0,"153":1,"156":0,"157":0,"undefined":null}
2018-03-08-14-26-57,"mushroom_type_Breadth First Picking_euclidean_ic0.0_ip0.9_k10.json",{"0":0,"1":0,"2":0,"3":0,"4":0,"5":0,"6":3,"7":3,"8":3,"9":0,"10":2,"21":0,"22":0,"24":0,"25":0,"146":0,"153":2,"156":0,"157":0,"undefined":null}
2018-03-08-14-27-00,"mushroom_type_Breadth First Picking_euclidean_ic0.0_ip0.9_k10.json",{"0":0,"1":0,"2":0,"3":0,"4":0,"5":0,"6":3,"7":3,"8":3,"9":0,"10":2,"21":0,"22":0,"24":0,"25":0,"146":0,"153":2,"156":1,"157":0,"undefined":null}
2018-03-08-14-27-00,"mushroom_type_Breadth First Picking_euclidean_ic0.0_ip0.9_k10.json",{"0":0,"1":0,"2":0,"3":0,"4":0,"5":0,"6":3,"7":3,"8":3,"9":0,"10":2,"21":0,"22":0,"24":0,"25":0,"146":0,"153":2,"156":2,"157":0,"undefined":null}
2018-03-08-14-27-02,"mushroom_type_Breadth First Picking_euclidean_ic0.0_ip0.9_k10.json",{"0":0,"1":0,"2":0,"3":0,"4":0,"5":0,"6":3,"7":3,"8":3,"9":0,"10":2,"21":0,"22":0,"24":0,"25":0,"146":1,"153":2,"156":2,"157":0,"undefined":null}
2018-03-08-14-27-02,"mushroom_type_Breadth First Picking_euclidean_ic0.0_ip0.9_k10.json",{"0":0,"1":0,"2":0,"3":0,"4":0,"5":0,"6":3,"7":3,"8":3,"9":0,"10":2,"21":0,"22":0,"24":0,"25":0,"146":2,"153":2,"156":2,"157":0,"undefined":null}
2018-03-08-14-27-04,"mushroom_type_Breadth First Picking_euclidean_ic0.0_ip0.9_k10.json",{"0":0,"1":0,"2":0,"3":0,"4":0,"5":0,"6":3,"7":3,"8":3,"9":0,"10":2,"21":0,"22":0,"24":0,"25":0,"146":2,"153":2,"156":2,"157":1,"undefined":null}
2018-03-08-14-27-04,"mushroom_type_Breadth First Picking_euclidean_ic0.0_ip0.9_k10.json",{"0":0,"1":0,"2":0,"3":0,"4":0,"5":0,"6":3,"7":3,"8":3,"9":0,"10":2,"21":0,"22":0,"24":0,"25":0,"146":2,"153":2,"156":2,"157":2,"undefined":null}
2018-03-08-14-27-06,"mushroom_type_Breadth First Picking_euclidean_ic0.0_ip0.9_k10.json",{"0":0,"1":0,"2":0,"3":0,"4":0,"5":0,"6":3,"7":3,"8":3,"9":0,"10":2,"21":0,"22":0,"24":1,"25":0,"146":2,"153":2,"156":2,"157":2,"undefined":null}
2018-03-08-14-27-06,"mushroom_type_Breadth First Picking_euclidean_ic0.0_ip0.9_k10.json",{"0":0,"1":0,"2":0,"3":0,"4":0,"5":0,"6":3,"7":3,"8":3,"9":0,"10":2,"21":0,"22":0,"24":2,"25":0,"146":2,"153":2,"156":2,"157":2,"undefined":null}
2018-03-08-14-27-07,"mushroom_type_Breadth First Picking_euclidean_ic0.0_ip0.9_k10.json",{"0":0,"1":0,"2":0,"3":0,"4":0,"5":0,"6":3,"7":3,"8":3,"9":0,"10":2,"21":0,"22":0,"24":2,"25":1,"146":2,"153":2,"156":2,"157":2,"undefined":null}
2018-03-08-14-27-08,"mushroom_type_Breadth First Picking_euclidean_ic0.0_ip0.9_k10.json",{"0":0,"1":0,"2":0,"3":0,"4":0,"5":0,"6":3,"7":3,"8":3,"9":0,"10":2,"21":0,"22":0,"24":2,"25":2,"146":2,"153":2,"156":2,"157":2,"undefined":null}
2018-03-08-15-05-05,"mushroom_cap-surface_Breadth First Search_euclidean_ic0.0_ip0.001_k10.json",{"0":0,"1":0,"2":0,"3":0,"4":0,"5":0,"6":1,"7":0,"8":0,"9":0,"10":0}
2018-03-08-15-05-05,"mushroom_cap-surface_Breadth First Search_euclidean_ic0.0_ip0.001_k10.json",{"0":0,"1":0,"2":0,"3":0,"4":0,"5":0,"6":2,"7":0,"8":0,"9":0,"10":0}
2018-03-08-15-05-06,"mushroom_cap-surface_Breadth First Search_euclidean_ic0.0_ip0.001_k10.json",{"0":1,"1":0,"2":0,"3":0,"4":0,"5":0,"6":2,"7":0,"8":0,"9":0,"10":0}
2018-03-08-15-05-07,"mushroom_cap-surface_Breadth First Search_euclidean_ic0.0_ip0.001_k10.json",{"0":2,"1":0,"2":0,"3":0,"4":0,"5":0,"6":2,"7":0,"8":0,"9":0,"10":0}
2018-03-08-15-05-08,"mushroom_cap-surface_Breadth First Search_euclidean_ic0.0_ip0.001_k10.json",{"0":2,"1":0,"2":0,"3":0,"4":0,"5":0,"6":2,"7":1,"8":0,"9":0,"10":0}
2018-03-08-15-05-08,"mushroom_cap-surface_Breadth First Search_euclidean_ic0.0_ip0.001_k10.json",{"0":2,"1":0,"2":0,"3":0,"4":0,"5":0,"6":2,"7":2,"8":0,"9":0,"10":0}
2018-03-08-15-05-11,"mushroom_cap-surface_Breadth First Search_euclidean_ic0.0_ip0.001_k10.json",{"0":2,"1":0,"2":0,"3":0,"4":0,"5":0,"6":2,"7":2,"8":0,"9":1,"10":0}
2018-03-08-15-05-11,"mushroom_cap-surface_Breadth First Search_euclidean_ic0.0_ip0.001_k10.json",{"0":2,"1":0,"2":0,"3":0,"4":0,"5":0,"6":2,"7":2,"8":0,"9":2,"10":0}
2018-03-08-15-05-53,"mushroom_type_Breadth First Picking_euclidean_ic0.0_ip0.9_k10.json",{"0":0,"1":0,"2":0,"3":0,"4":0,"5":0,"6":0,"7":0,"8":0,"9":0,"10":0,"21":0,"22":0,"24":0,"25":0,"146":0,"153":1,"156":0,"157":0}
2018-03-08-15-05-53,"mushroom_type_Breadth First Picking_euclidean_ic0.0_ip0.9_k10.json",{"0":0,"1":0,"2":0,"3":0,"4":0,"5":0,"6":0,"7":0,"8":0,"9":0,"10":0,"21":0,"22":0,"24":0,"25":0,"146":0,"153":2,"156":0,"157":0}
2018-03-08-15-06-06,"mushroom_type_Breadth First Picking_euclidean_ic0.0_ip0.9_k10.json",{"0":0,"1":0,"2":0,"3":0,"4":0,"5":0,"6":0,"7":0,"8":0,"9":0,"10":0,"21":0,"22":0,"24":0,"25":0,"146":0,"153":2,"156":0,"157":0,"undefined":null}
2018-03-08-15-06-34,"mushroom_type_Breadth First Picking_euclidean_ic0.0_ip0.9_k10.json",{"0":0,"1":0,"2":0,"3":0,"4":0,"5":0,"6":0,"7":0,"8":0,"9":0,"10":0,"21":0,"22":0,"24":0,"25":0,"146":0,"153":2,"156":0,"157":0,"undefined":null}
2018-03-08-15-07-16,"mushroom_type_Random Walk in Lattice_euclidean_ic0.0_ip0.001_k10.json",{"0":0,"1":0,"2":0,"3":0,"4":0,"5":0,"6":0,"7":0,"8":0,"9":0,"10":0,"21":0,"22":0,"24":0,"25":0,"146":0,"153":2,"156":0,"157":0,"undefined":null}
2018-03-08-15-07-23,"mushroom_type_Random Walk in Lattice_euclidean_ic0.0_ip0.001_k10.json",{"0":0,"1":0,"2":0,"3":0,"4":0,"5":0,"6":0,"7":0,"8":0,"9":0,"10":0,"21":0,"22":0,"24":0,"25":0,"146":0,"153":2,"156":0,"157":0,"undefined":null}
2018-03-08-15-07-38,"mushroom_type_Random Walk in Lattice_euclidean_ic0.0_ip0.001_k10.json",{"0":0,"1":0,"2":0,"3":0,"4":0,"5":0,"6":0,"7":0,"8":0,"9":0,"10":0,"21":0,"22":0,"24":0,"25":0,"146":0,"153":2,"156":0,"157":0,"undefined":null}
2018-03-08-15-11-13,"default",{"0":0,"1":0,"2":0,"3":0,"4":0,"5":0,"6":1,"7":0,"8":0,"9":0,"10":0}
2018-03-08-15-11-13,"default",{"0":0,"1":0,"2":0,"3":0,"4":0,"5":0,"6":2,"7":0,"8":0,"9":0,"10":0}
2018-03-08-15-11-56,"default",{"0":0,"1":0,"2":0,"3":0,"4":0,"5":0,"6":2,"7":0,"8":0,"9":0,"10":0,"undefined":null}
2018-03-08-15-12-00,"default",{"0":0,"1":0,"2":0,"3":0,"4":0,"5":0,"6":2,"7":0,"8":0,"9":0,"10":0,"undefined":null}
2018-03-08-15-12-05,"default",{"0":1,"1":0,"2":0,"3":0,"4":0,"5":0,"6":2,"7":0,"8":0,"9":0,"10":0,"undefined":null}
2018-03-08-15-12-06,"default",{"0":2,"1":0,"2":0,"3":0,"4":0,"5":0,"6":2,"7":0,"8":0,"9":0,"10":0,"undefined":null}
2018-03-08-15-12-07,"default",{"0":3,"1":0,"2":0,"3":0,"4":0,"5":0,"6":2,"7":0,"8":0,"9":0,"10":0,"undefined":null}
2018-03-08-15-12-21,"default",{"0":1,"1":0,"2":0,"3":0,"4":0,"5":0,"6":2,"7":0,"8":0,"9":0,"10":0,"undefined":null}
2018-03-08-15-12-22,"default",{"0":2,"1":0,"2":0,"3":0,"4":0,"5":0,"6":2,"7":0,"8":0,"9":0,"10":0,"undefined":null}
2018-03-08-15-12-25,"default",{"0":3,"1":0,"2":0,"3":0,"4":0,"5":0,"6":2,"7":0,"8":0,"9":0,"10":0,"undefined":null}
2018-03-08-15-12-26,"default",{"0":1,"1":0,"2":0,"3":0,"4":0,"5":0,"6":2,"7":0,"8":0,"9":0,"10":0,"undefined":null}
2018-03-08-15-12-43,"default",{"0":1,"1":0,"2":0,"3":0,"4":0,"5":0,"6":2,"7":0,"8":0,"9":0,"10":0,"undefined":null}
2018-03-08-23-08-26,"default",{"0":1,"1":0,"2":0,"3":0,"4":0,"5":0,"6":0,"7":0,"8":0,"9":0,"10":0}
2018-03-08-23-08-26,"default",{"0":2,"1":0,"2":0,"3":0,"4":0,"5":0,"6":0,"7":0,"8":0,"9":0,"10":0}
2018-03-08-23-08-27,"default",{"0":3,"1":0,"2":0,"3":0,"4":0,"5":0,"6":0,"7":0,"8":0,"9":0,"10":0}
2018-03-08-23-08-27,"default",{"0":1,"1":0,"2":0,"3":0,"4":0,"5":0,"6":0,"7":0,"8":0,"9":0,"10":0}
2018-03-08-23-08-28,"default",{"0":2,"1":0,"2":0,"3":0,"4":0,"5":0,"6":0,"7":0,"8":0,"9":0,"10":0}
2018-03-08-23-08-32,"default",{"0":3,"1":0,"2":0,"3":0,"4":0,"5":0,"6":0,"7":0,"8":0,"9":0,"10":0}
2018-03-08-23-08-38,"default",{"0":1,"1":0,"2":0,"3":0,"4":0,"5":0,"6":0,"7":0,"8":0,"9":0,"10":0}
2018-03-08-23-08-38,"default",{"0":2,"1":0,"2":0,"3":0,"4":0,"5":0,"6":0,"7":0,"8":0,"9":0,"10":0}
2018-03-08-23-08-38,"default",{"0":3,"1":0,"2":0,"3":0,"4":0,"5":0,"6":0,"7":0,"8":0,"9":0,"10":0}
2018-03-08-23-08-39,"default",{"0":1,"1":0,"2":0,"3":0,"4":0,"5":0,"6":0,"7":0,"8":0,"9":0,"10":0}
2018-03-08-23-08-55,"default",{"0":2,"1":0,"2":0,"3":0,"4":0,"5":0,"6":0,"7":0,"8":0,"9":0,"10":0}
2018-03-08-23-08-55,"default",{"0":3,"1":0,"2":0,"3":0,"4":0,"5":0,"6":0,"7":0,"8":0,"9":0,"10":0}
2018-03-08-23-08-56,"default",{"0":1,"1":0,"2":0,"3":0,"4":0,"5":0,"6":0,"7":0,"8":0,"9":0,"10":0}
2018-03-08-23-08-56,"default",{"0":2,"1":0,"2":0,"3":0,"4":0,"5":0,"6":0,"7":0,"8":0,"9":0,"10":0}
2018-03-08-23-08-56,"default",{"0":2,"1":0,"2":0,"3":0,"4":0,"5":0,"6":1,"7":0,"8":0,"9":0,"10":0}
2018-03-08-23-08-57,"default",{"0":2,"1":0,"2":0,"3":0,"4":0,"5":0,"6":2,"7":0,"8":0,"9":0,"10":0}
2018-03-08-23-09-54,"default",{"0":0,"1":0,"2":0,"3":0,"4":0,"5":0,"6":0,"7":0,"8":0,"9":0,"10":0,"undefined":null}
2018-03-08-23-09-55,"default",{"0":1,"1":0,"2":0,"3":0,"4":0,"5":0,"6":0,"7":0,"8":0,"9":0,"10":0,"undefined":null}
2018-03-08-23-09-55,"default",{"0":2,"1":0,"2":0,"3":0,"4":0,"5":0,"6":0,"7":0,"8":0,"9":0,"10":0,"undefined":null}
2018-03-08-23-09-55,"default",{"0":3,"1":0,"2":0,"3":0,"4":0,"5":0,"6":0,"7":0,"8":0,"9":0,"10":0,"undefined":null}
2018-03-08-23-09-55,"default",{"0":1,"1":0,"2":0,"3":0,"4":0,"5":0,"6":0,"7":0,"8":0,"9":0,"10":0,"undefined":null}
2018-03-08-23-11-51,"default",{"0":1,"1":0,"2":0,"3":0,"4":0,"5":0,"6":0,"7":0,"8":0,"9":0,"10":0}
2018-03-08-23-11-52,"default",{"0":2,"1":0,"2":0,"3":0,"4":0,"5":0,"6":0,"7":0,"8":0,"9":0,"10":0}
2018-03-08-23-11-52,"default",{"0":3,"1":0,"2":0,"3":0,"4":0,"5":0,"6":0,"7":0,"8":0,"9":0,"10":0}
2018-03-08-23-11-54,"default",{"0":3,"1":0,"2":0,"3":0,"4":0,"5":0,"6":1,"7":0,"8":0,"9":0,"10":0}
2018-03-08-23-11-54,"default",{"0":3,"1":0,"2":0,"3":0,"4":0,"5":0,"6":2,"7":0,"8":0,"9":0,"10":0}
2018-03-08-23-11-54,"default",{"0":3,"1":0,"2":0,"3":0,"4":0,"5":0,"6":3,"7":0,"8":0,"9":0,"10":0}
2018-03-08-23-11-55,"default",{"0":3,"1":0,"2":0,"3":0,"4":0,"5":0,"6":1,"7":0,"8":0,"9":0,"10":0}
2018-03-08-23-16-19,"default",{"0":1,"1":0,"2":0,"3":0,"4":0,"5":0,"6":0,"7":0,"8":0,"9":0,"10":0}
2018-03-08-23-16-19,"default",{"0":2,"1":0,"2":0,"3":0,"4":0,"5":0,"6":0,"7":0,"8":0,"9":0,"10":0}
2018-03-08-23-16-19,"default",{"0":3,"1":0,"2":0,"3":0,"4":0,"5":0,"6":0,"7":0,"8":0,"9":0,"10":0}
2018-03-08-23-17-05,"default",{"0":1,"1":0,"2":0,"3":0,"4":0,"5":0,"6":0,"7":0,"8":0,"9":0,"10":0}
2018-03-08-23-17-05,"default",{"0":2,"1":0,"2":0,"3":0,"4":0,"5":0,"6":0,"7":0,"8":0,"9":0,"10":0}
2018-03-08-23-17-05,"default",{"0":3,"1":0,"2":0,"3":0,"4":0,"5":0,"6":0,"7":0,"8":0,"9":0,"10":0}
2018-03-08-23-18-53,"default",{"0":0,"1":0,"2":0,"3":0,"4":0,"5":0,"6":0,"7":0,"8":0,"9":0,"10":0,"undefined":null}
2018-03-08-23-18-53,"default",{"0":0,"1":0,"2":0,"3":0,"4":0,"5":0,"6":0,"7":0,"8":0,"9":0,"10":0,"undefined":null}
2018-03-08-23-18-54,"default",{"0":0,"1":0,"2":0,"3":0,"4":0,"5":0,"6":0,"7":0,"8":0,"9":0,"10":0,"undefined":null}
2018-03-08-23-18-54,"default",{"0":0,"1":0,"2":0,"3":0,"4":0,"5":0,"6":0,"7":0,"8":0,"9":0,"10":0,"undefined":null}
2018-03-08-23-18-54,"default",{"0":0,"1":0,"2":0,"3":0,"4":0,"5":0,"6":0,"7":0,"8":0,"9":0,"10":0,"undefined":null}
2018-03-08-23-18-55,"default",{"0":1,"1":0,"2":0,"3":0,"4":0,"5":0,"6":0,"7":0,"8":0,"9":0,"10":0,"undefined":null}
2018-03-08-23-18-55,"default",{"0":2,"1":0,"2":0,"3":0,"4":0,"5":0,"6":0,"7":0,"8":0,"9":0,"10":0,"undefined":null}
2018-03-08-23-18-56,"default",{"0":3,"1":0,"2":0,"3":0,"4":0,"5":0,"6":0,"7":0,"8":0,"9":0,"10":0,"undefined":null}
2018-03-08-23-22-33,"default",{"0":1,"1":0,"2":0,"3":0,"4":0,"5":0,"6":0,"7":0,"8":0,"9":0,"10":0}
2018-03-08-23-22-33,"default",{"0":2,"1":0,"2":0,"3":0,"4":0,"5":0,"6":0,"7":0,"8":0,"9":0,"10":0}
2018-03-08-23-22-34,"default",{"0":3,"1":0,"2":0,"3":0,"4":0,"5":0,"6":0,"7":0,"8":0,"9":0,"10":0}
2018-03-08-23-23-20,"default",{"0":1,"1":0,"2":0,"3":0,"4":0,"5":0,"6":0,"7":0,"8":0,"9":0,"10":0}
2018-03-08-23-23-20,"default",{"0":2,"1":0,"2":0,"3":0,"4":0,"5":0,"6":0,"7":0,"8":0,"9":0,"10":0}
2018-03-08-23-23-21,"default",{"0":3,"1":0,"2":0,"3":0,"4":0,"5":0,"6":0,"7":0,"8":0,"9":0,"10":0}
2018-03-08-23-23-22,"default",{"0":3,"1":0,"2":0,"3":0,"4":0,"5":0,"6":0,"7":0,"8":0,"9":0,"10":0,"undefined":null}
2018-03-08-23-23-22,"default",{"0":3,"1":0,"2":0,"3":0,"4":0,"5":0,"6":0,"7":0,"8":0,"9":0,"10":0,"undefined":null}
2018-03-08-23-23-22,"default",{"0":3,"1":0,"2":0,"3":0,"4":0,"5":0,"6":0,"7":0,"8":0,"9":0,"10":0,"undefined":null}
2018-03-08-23-23-23,"default",{"0":3,"1":0,"2":0,"3":0,"4":0,"5":1,"6":0,"7":0,"8":0,"9":0,"10":0,"undefined":null}
2018-03-08-23-23-23,"default",{"0":3,"1":0,"2":0,"3":0,"4":0,"5":2,"6":0,"7":0,"8":0,"9":0,"10":0,"undefined":null}
2018-03-08-23-23-23,"default",{"0":3,"1":0,"2":0,"3":0,"4":0,"5":3,"6":0,"7":0,"8":0,"9":0,"10":0,"undefined":null}
2018-03-08-23-23-24,"default",{"0":3,"1":0,"2":0,"3":0,"4":0,"5":3,"6":1,"7":0,"8":0,"9":0,"10":0,"undefined":null}
2018-03-08-23-23-24,"default",{"0":3,"1":0,"2":0,"3":0,"4":0,"5":3,"6":2,"7":0,"8":0,"9":0,"10":0,"undefined":null}
2018-03-08-23-23-24,"default",{"0":3,"1":0,"2":0,"3":0,"4":0,"5":3,"6":3,"7":0,"8":0,"9":0,"10":0,"undefined":null}
2018-03-08-23-23-39,"default",{"0":1,"1":0,"2":0,"3":0,"4":0,"5":0,"6":0,"7":0,"8":0,"9":0,"10":0}
2018-03-08-23-23-39,"default",{"0":2,"1":0,"2":0,"3":0,"4":0,"5":0,"6":0,"7":0,"8":0,"9":0,"10":0}
2018-03-08-23-23-39,"default",{"0":3,"1":0,"2":0,"3":0,"4":0,"5":0,"6":0,"7":0,"8":0,"9":0,"10":0}
2018-03-08-23-25-18,"default",{"0":1,"1":0,"2":0,"3":0,"4":0,"5":0,"6":0,"7":0,"8":0,"9":0,"10":0}
2018-03-08-23-25-18,"default",{"0":2,"1":0,"2":0,"3":0,"4":0,"5":0,"6":0,"7":0,"8":0,"9":0,"10":0}
2018-03-08-23-25-18,"default",{"0":3,"1":0,"2":0,"3":0,"4":0,"5":0,"6":0,"7":0,"8":0,"9":0,"10":0}
2018-03-08-23-25-48,"default",{"0":1,"1":0,"2":0,"3":0,"4":0,"5":0,"6":0,"7":0,"8":0,"9":0,"10":0}
2018-03-08-23-25-48,"default",{"0":2,"1":0,"2":0,"3":0,"4":0,"5":0,"6":0,"7":0,"8":0,"9":0,"10":0}
2018-03-08-23-25-48,"default",{"0":3,"1":0,"2":0,"3":0,"4":0,"5":0,"6":0,"7":0,"8":0,"9":0,"10":0}
2018-03-08-23-26-03,"mushroom_type_Random Walk in Lattice_euclidean_ic0.0_ip0.001_k10.json",{"0":3,"1":0,"2":0,"3":0,"4":0,"5":0,"6":0,"7":0,"8":0,"9":0,"10":0,"undefined":null}
2018-03-08-23-26-04,"mushroom_type_Random Walk in Lattice_euclidean_ic0.0_ip0.001_k10.json",{"0":3,"1":0,"2":0,"3":0,"4":0,"5":0,"6":0,"7":0,"8":1,"9":0,"10":0,"undefined":null}
2018-03-08-23-26-04,"mushroom_type_Random Walk in Lattice_euclidean_ic0.0_ip0.001_k10.json",{"0":3,"1":0,"2":0,"3":0,"4":0,"5":0,"6":0,"7":0,"8":2,"9":0,"10":0,"undefined":null}
2018-03-08-23-26-04,"mushroom_type_Random Walk in Lattice_euclidean_ic0.0_ip0.001_k10.json",{"0":3,"1":0,"2":0,"3":0,"4":0,"5":0,"6":0,"7":0,"8":3,"9":0,"10":0,"undefined":null}
2018-03-08-23-27-21,"default",{"0":1,"1":0,"2":0,"3":0,"4":0,"5":0,"6":0,"7":0,"8":0,"9":0,"10":0}
2018-03-08-23-27-21,"default",{"0":2,"1":0,"2":0,"3":0,"4":0,"5":0,"6":0,"7":0,"8":0,"9":0,"10":0}
2018-03-08-23-27-21,"default",{"0":3,"1":0,"2":0,"3":0,"4":0,"5":0,"6":0,"7":0,"8":0,"9":0,"10":0}
2018-03-08-23-27-23,"default",{"0":3,"1":0,"2":0,"3":0,"4":0,"5":1,"6":0,"7":0,"8":0,"9":0,"10":0}
2018-03-08-23-27-23,"default",{"0":3,"1":0,"2":0,"3":0,"4":0,"5":2,"6":0,"7":0,"8":0,"9":0,"10":0}
2018-03-08-23-27-23,"default",{"0":3,"1":0,"2":0,"3":0,"4":0,"5":3,"6":0,"7":0,"8":0,"9":0,"10":0}
2018-03-08-23-27-34,"default",{"0":3,"1":0,"2":0,"3":0,"4":0,"5":3,"6":0,"7":0,"8":0,"9":0,"10":0,"undefined":null}
2018-03-08-23-31-30,"default",{"0":0,"1":0,"2":0,"3":0,"4":0,"5":0,"6":0,"7":0,"8":0,"9":0,"10":0,"undefined":null}
2018-03-08-23-31-30,"default",{"0":0,"1":0,"2":0,"3":0,"4":0,"5":0,"6":0,"7":0,"8":0,"9":0,"10":0,"undefined":null}
2018-03-08-23-31-30,"default",{"0":0,"1":0,"2":0,"3":0,"4":0,"5":0,"6":0,"7":0,"8":0,"9":0,"10":0,"undefined":null}
2018-03-08-23-31-31,"default",{"0":1,"1":0,"2":0,"3":0,"4":0,"5":0,"6":0,"7":0,"8":0,"9":0,"10":0,"undefined":null}
2018-03-08-23-31-31,"default",{"0":2,"1":0,"2":0,"3":0,"4":0,"5":0,"6":0,"7":0,"8":0,"9":0,"10":0,"undefined":null}
2018-03-08-23-31-32,"default",{"0":3,"1":0,"2":0,"3":0,"4":0,"5":0,"6":0,"7":0,"8":0,"9":0,"10":0,"undefined":null}
2018-03-08-23-31-36,"default",{"0":3,"1":0,"2":0,"3":0,"4":0,"5":1,"6":0,"7":0,"8":0,"9":0,"10":0,"undefined":null}
2018-03-08-23-31-36,"default",{"0":3,"1":0,"2":0,"3":0,"4":0,"5":2,"6":0,"7":0,"8":0,"9":0,"10":0,"undefined":null}
2018-03-08-23-31-36,"default",{"0":3,"1":0,"2":0,"3":0,"4":0,"5":3,"6":0,"7":0,"8":0,"9":0,"10":0,"undefined":null}
2018-03-08-23-32-01,"default",{"0":3,"1":0,"2":0,"3":0,"4":0,"5":3,"6":0,"7":0,"8":1,"9":0,"10":0,"undefined":null}
2018-03-08-23-32-01,"default",{"0":3,"1":0,"2":0,"3":0,"4":0,"5":3,"6":0,"7":0,"8":2,"9":0,"10":0,"undefined":null}
2018-03-08-23-32-03,"default",{"0":3,"1":0,"2":0,"3":0,"4":0,"5":3,"6":0,"7":0,"8":3,"9":0,"10":0,"undefined":null}
2018-03-08-23-33-15,"default",{"0":3,"1":0,"2":0,"3":0,"4":0,"5":3,"6":0,"7":0,"8":1,"9":0,"10":0,"undefined":null}
2018-03-08-23-33-16,"default",{"0":3,"1":0,"2":0,"3":0,"4":0,"5":3,"6":0,"7":1,"8":1,"9":0,"10":0,"undefined":null}
2018-03-08-23-33-17,"default",{"0":3,"1":0,"2":0,"3":0,"4":0,"5":3,"6":0,"7":2,"8":1,"9":0,"10":0,"undefined":null}
2018-03-08-23-33-21,"default",{"0":3,"1":0,"2":0,"3":0,"4":0,"5":3,"6":0,"7":3,"8":1,"9":0,"10":0,"undefined":null}
2018-03-08-23-33-46,"default",{"0":1,"1":0,"2":0,"3":0,"4":0,"5":0,"6":0,"7":0,"8":0,"9":0,"10":0}
2018-03-08-23-33-46,"default",{"0":2,"1":0,"2":0,"3":0,"4":0,"5":0,"6":0,"7":0,"8":0,"9":0,"10":0}
2018-03-08-23-33-47,"default",{"0":3,"1":0,"2":0,"3":0,"4":0,"5":0,"6":0,"7":0,"8":0,"9":0,"10":0}
2018-03-08-23-33-48,"default",{"0":3,"1":0,"2":0,"3":0,"4":0,"5":1,"6":0,"7":0,"8":0,"9":0,"10":0}
2018-03-08-23-33-48,"default",{"0":3,"1":0,"2":0,"3":0,"4":0,"5":2,"6":0,"7":0,"8":0,"9":0,"10":0}
2018-03-08-23-33-48,"default",{"0":3,"1":0,"2":0,"3":0,"4":0,"5":3,"6":0,"7":0,"8":0,"9":0,"10":0}
2018-03-08-23-33-49,"default",{"0":3,"1":0,"2":0,"3":0,"4":0,"5":3,"6":1,"7":0,"8":0,"9":0,"10":0}
2018-03-08-23-33-49,"default",{"0":3,"1":0,"2":0,"3":0,"4":0,"5":3,"6":2,"7":0,"8":0,"9":0,"10":0}
2018-03-08-23-33-49,"default",{"0":3,"1":0,"2":0,"3":0,"4":0,"5":3,"6":3,"7":0,"8":0,"9":0,"10":0}
2018-03-08-23-33-50,"default",{"0":3,"1":0,"2":0,"3":0,"4":0,"5":3,"6":3,"7":0,"8":0,"9":0,"10":0,"undefined":null}
2018-03-08-23-34-35,"default",{"0":1,"1":0,"2":0,"3":0,"4":0,"5":0,"6":0,"7":0,"8":0,"9":0,"10":0}
2018-03-08-23-34-35,"default",{"0":2,"1":0,"2":0,"3":0,"4":0,"5":0,"6":0,"7":0,"8":0,"9":0,"10":0}
2018-03-08-23-34-36,"default",{"0":3,"1":0,"2":0,"3":0,"4":0,"5":0,"6":0,"7":0,"8":0,"9":0,"10":0}
2018-03-08-23-34-38,"default",{"0":3,"1":0,"2":0,"3":0,"4":0,"5":1,"6":0,"7":0,"8":0,"9":0,"10":0}
2018-03-08-23-34-38,"default",{"0":3,"1":0,"2":0,"3":0,"4":0,"5":2,"6":0,"7":0,"8":0,"9":0,"10":0}
2018-03-08-23-34-38,"default",{"0":3,"1":0,"2":0,"3":0,"4":0,"5":3,"6":0,"7":0,"8":0,"9":0,"10":0}
2018-03-08-23-34-38,"default",{"0":3,"1":0,"2":0,"3":0,"4":0,"5":1,"6":0,"7":0,"8":0,"9":0,"10":0}
2018-03-08-23-35-05,"default",{"0":1,"1":0,"2":0,"3":0,"4":0,"5":0,"6":0,"7":0,"8":0,"9":0,"10":0}
2018-03-08-23-35-06,"default",{"0":2,"1":0,"2":0,"3":0,"4":0,"5":0,"6":0,"7":0,"8":0,"9":0,"10":0}
2018-03-08-23-35-06,"default",{"0":3,"1":0,"2":0,"3":0,"4":0,"5":0,"6":0,"7":0,"8":0,"9":0,"10":0}
2018-03-08-23-35-49,"default",{"0":0,"1":0,"2":0,"3":0,"4":0,"5":1,"6":0,"7":0,"8":0,"9":0,"10":0}
2018-03-08-23-35-49,"default",{"0":0,"1":0,"2":0,"3":0,"4":0,"5":2,"6":0,"7":0,"8":0,"9":0,"10":0}
2018-03-08-23-35-50,"default",{"0":1,"1":0,"2":0,"3":0,"4":0,"5":2,"6":0,"7":0,"8":0,"9":0,"10":0}
2018-03-08-23-35-50,"default",{"0":2,"1":0,"2":0,"3":0,"4":0,"5":2,"6":0,"7":0,"8":0,"9":0,"10":0}
2018-03-08-23-35-51,"default",{"0":2,"1":0,"2":0,"3":0,"4":0,"5":2,"6":0,"7":0,"8":0,"9":0,"10":0,"undefined":null}
2018-03-08-23-35-51,"default",{"0":2,"1":0,"2":0,"3":0,"4":0,"5":2,"6":0,"7":0,"8":0,"9":0,"10":0,"undefined":null}
2018-03-08-23-35-52,"default",{"0":2,"1":0,"2":0,"3":0,"4":0,"5":2,"6":0,"7":0,"8":0,"9":0,"10":0,"undefined":null}
2018-03-08-23-35-52,"default",{"0":2,"1":0,"2":0,"3":0,"4":0,"5":2,"6":0,"7":0,"8":0,"9":0,"10":0,"undefined":null}
2018-03-08-23-36-02,"mushroom_type_Breadth First Picking_euclidean_ic0.0_ip0.9_k10.json",{"0":1,"9":0,"21":0,"22":0,"24":0,"25":0,"146":0,"153":0,"156":0,"157":0}
2018-03-08-23-36-02,"mushroom_type_Breadth First Picking_euclidean_ic0.0_ip0.9_k10.json",{"0":2,"9":0,"21":0,"22":0,"24":0,"25":0,"146":0,"153":0,"156":0,"157":0}
2018-03-08-23-36-03,"mushroom_type_Breadth First Picking_euclidean_ic0.0_ip0.9_k10.json",{"0":2,"9":0,"21":0,"22":0,"24":0,"25":0,"146":0,"153":1,"156":0,"157":0}
2018-03-08-23-36-03,"mushroom_type_Breadth First Picking_euclidean_ic0.0_ip0.9_k10.json",{"0":2,"9":0,"21":0,"22":0,"24":0,"25":0,"146":0,"153":2,"156":0,"157":0}
2018-03-08-23-36-04,"mushroom_type_Breadth First Picking_euclidean_ic0.0_ip0.9_k10.json",{"0":2,"9":0,"21":0,"22":0,"24":0,"25":0,"146":0,"153":2,"156":1,"157":0}
2018-03-08-23-36-04,"mushroom_type_Breadth First Picking_euclidean_ic0.0_ip0.9_k10.json",{"0":2,"9":0,"21":0,"22":0,"24":0,"25":0,"146":0,"153":2,"156":2,"157":0}
2018-03-08-23-36-05,"mushroom_type_Breadth First Picking_euclidean_ic0.0_ip0.9_k10.json",{"0":2,"9":0,"21":0,"22":0,"24":0,"25":0,"146":0,"153":2,"156":2,"157":1}
2018-03-08-23-36-05,"mushroom_type_Breadth First Picking_euclidean_ic0.0_ip0.9_k10.json",{"0":2,"9":0,"21":0,"22":0,"24":0,"25":0,"146":0,"153":2,"156":2,"157":2}
2018-03-08-23-36-07,"mushroom_type_Breadth First Picking_euclidean_ic0.0_ip0.9_k10.json",{"0":2,"9":0,"21":0,"22":0,"24":0,"25":1,"146":0,"153":2,"156":2,"157":2}
2018-03-08-23-36-08,"mushroom_type_Breadth First Picking_euclidean_ic0.0_ip0.9_k10.json",{"0":2,"9":0,"21":0,"22":0,"24":0,"25":2,"146":0,"153":2,"156":2,"157":2}
2018-03-08-23-36-08,"mushroom_type_Breadth First Picking_euclidean_ic0.0_ip0.9_k10.json",{"0":2,"9":0,"21":0,"22":0,"24":1,"25":2,"146":0,"153":2,"156":2,"157":2}
2018-03-08-23-36-08,"mushroom_type_Breadth First Picking_euclidean_ic0.0_ip0.9_k10.json",{"0":2,"9":0,"21":0,"22":0,"24":2,"25":2,"146":0,"153":2,"156":2,"157":2}
2018-03-08-23-36-09,"mushroom_type_Breadth First Picking_euclidean_ic0.0_ip0.9_k10.json",{"0":2,"9":0,"21":0,"22":1,"24":2,"25":2,"146":0,"153":2,"156":2,"157":2}
2018-03-08-23-36-09,"mushroom_type_Breadth First Picking_euclidean_ic0.0_ip0.9_k10.json",{"0":2,"9":0,"21":0,"22":2,"24":2,"25":2,"146":0,"153":2,"156":2,"157":2}
2018-03-08-23-36-12,"mushroom_type_Breadth First Picking_euclidean_ic0.0_ip0.9_k10.json",{"0":2,"9":0,"21":0,"22":2,"24":2,"25":2,"146":0,"153":2,"156":2,"157":2,"undefined":null}
2018-03-08-23-36-12,"mushroom_type_Breadth First Picking_euclidean_ic0.0_ip0.9_k10.json",{"0":2,"9":0,"21":0,"22":2,"24":2,"25":2,"146":0,"153":2,"156":2,"157":2,"undefined":null}
2018-03-08-23-36-12,"mushroom_type_Breadth First Picking_euclidean_ic0.0_ip0.9_k10.json",{"0":2,"9":0,"21":1,"22":2,"24":2,"25":2,"146":0,"153":2,"156":2,"157":2,"undefined":null}
2018-03-08-23-36-13,"mushroom_type_Breadth First Picking_euclidean_ic0.0_ip0.9_k10.json",{"0":2,"9":0,"21":2,"22":2,"24":2,"25":2,"146":0,"153":2,"156":2,"157":2,"undefined":null}
2018-03-08-23-36-13,"mushroom_type_Breadth First Picking_euclidean_ic0.0_ip0.9_k10.json",{"0":2,"9":0,"21":3,"22":2,"24":2,"25":2,"146":0,"153":2,"156":2,"157":2,"undefined":null}
2018-03-08-23-40-08,"default",{"0":0,"1":0,"2":0,"3":0,"4":0,"5":0,"6":1,"7":0,"8":0,"9":0,"10":0}
2018-03-08-23-40-08,"default",{"0":0,"1":0,"2":0,"3":0,"4":0,"5":0,"6":2,"7":0,"8":0,"9":0,"10":0}
2018-03-08-23-40-09,"default",{"0":0,"1":0,"2":0,"3":0,"4":0,"5":0,"6":2,"7":1,"8":0,"9":0,"10":0}
2018-03-08-23-40-32,"default",{"0":1,"1":0,"2":0,"3":0,"4":0,"5":0,"6":0,"7":0,"8":0,"9":0,"10":0}
2018-03-08-23-40-32,"default",{"0":2,"1":0,"2":0,"3":0,"4":0,"5":0,"6":0,"7":0,"8":0,"9":0,"10":0}
2018-03-08-23-40-33,"default",{"0":2,"1":0,"2":0,"3":0,"4":0,"5":0,"6":1,"7":0,"8":0,"9":0,"10":0}
2018-03-08-23-40-33,"default",{"0":2,"1":0,"2":0,"3":0,"4":0,"5":0,"6":2,"7":0,"8":0,"9":0,"10":0}
2018-03-08-23-40-35,"default",{"0":2,"1":0,"2":0,"3":0,"4":1,"5":0,"6":2,"7":0,"8":0,"9":0,"10":0}
2018-03-08-23-40-35,"default",{"0":2,"1":0,"2":0,"3":0,"4":2,"5":0,"6":2,"7":0,"8":0,"9":0,"10":0}
2018-03-08-23-40-36,"default",{"0":2,"1":0,"2":0,"3":0,"4":3,"5":0,"6":2,"7":0,"8":0,"9":0,"10":0}
2018-03-08-23-40-37,"default",{"0":2,"1":0,"2":0,"3":0,"4":3,"5":0,"6":2,"7":0,"8":0,"9":0,"10":1}
2018-03-08-23-40-38,"default",{"0":2,"1":0,"2":0,"3":0,"4":3,"5":0,"6":2,"7":0,"8":0,"9":0,"10":2}
2018-03-08-23-40-38,"default",{"0":2,"1":0,"2":0,"3":0,"4":3,"5":0,"6":2,"7":0,"8":0,"9":0,"10":3}
2018-03-08-23-42-05,"1","T1","titanic_survived_breadth_first_picking_euclidean_ic0.0_ip0.9_k10.json",{"0":1,"1":0,"2":0,"3":0,"4":0,"6":0,"7":0,"8":0,"9":0,"10":0}
2018-03-08-23-42-06,"1","T1","titanic_survived_breadth_first_picking_euclidean_ic0.0_ip0.9_k10.json",{"0":2,"1":0,"2":0,"3":0,"4":0,"6":0,"7":0,"8":0,"9":0,"10":0}
2018-03-08-23-42-06,"1","T1","titanic_survived_breadth_first_picking_euclidean_ic0.0_ip0.9_k10.json",{"0":3,"1":0,"2":0,"3":0,"4":0,"6":0,"7":0,"8":0,"9":0,"10":0}
2018-03-08-23-42-07,"1","T1","titanic_survived_breadth_first_picking_euclidean_ic0.0_ip0.9_k10.json",{"0":1,"1":0,"2":0,"3":0,"4":0,"6":0,"7":0,"8":0,"9":0,"10":0}
2018-03-08-23-42-07,"1","T1","titanic_survived_breadth_first_picking_euclidean_ic0.0_ip0.9_k10.json",{"0":2,"1":0,"2":0,"3":0,"4":0,"6":0,"7":0,"8":0,"9":0,"10":0}
2018-03-08-23-42-08,"1","T1","titanic_survived_breadth_first_picking_euclidean_ic0.0_ip0.9_k10.json",{"0":3,"1":0,"2":0,"3":0,"4":0,"6":0,"7":0,"8":0,"9":0,"10":0}
2018-03-08-23-42-08,"1","T1","titanic_survived_breadth_first_picking_euclidean_ic0.0_ip0.9_k10.json",{"0":3,"1":0,"2":0,"3":0,"4":0,"6":0,"7":0,"8":0,"9":0,"10":0,"undefined":null}
2018-03-08-23-42-12,"1","A1","ct_police_stop_is-arrested_breadth_first_picking_euclidean_ic0.0_ip0.9_k10.json",{"0":0,"1":0,"2":0,"3":0,"4":0,"6":0,"7":0,"8":0,"9":0,"10":0,"12":1,"138":0,"141":0,"193":0,"196":0,"852":0,"1074":0,"1083":0,"4105":0,"undefined":null}
2018-03-08-23-42-12,"1","A1","ct_police_stop_is-arrested_breadth_first_picking_euclidean_ic0.0_ip0.9_k10.json",{"0":0,"1":0,"2":0,"3":0,"4":0,"6":0,"7":0,"8":0,"9":0,"10":0,"12":2,"138":0,"141":0,"193":0,"196":0,"852":0,"1074":0,"1083":0,"4105":0,"undefined":null}
2018-03-08-23-42-12,"1","A1","ct_police_stop_is-arrested_breadth_first_picking_euclidean_ic0.0_ip0.9_k10.json",{"0":0,"1":0,"2":0,"3":0,"4":0,"6":0,"7":0,"8":0,"9":0,"10":0,"12":3,"138":0,"141":0,"193":0,"196":0,"852":0,"1074":0,"1083":0,"4105":0,"undefined":null}
2018-03-08-23-42-13,"1","A1","ct_police_stop_is-arrested_breadth_first_picking_euclidean_ic0.0_ip0.9_k10.json",{"0":1,"1":0,"2":0,"3":0,"4":0,"6":0,"7":0,"8":0,"9":0,"10":0,"12":3,"138":0,"141":0,"193":0,"196":0,"852":0,"1074":0,"1083":0,"4105":0,"undefined":null}
2018-03-08-23-42-13,"1","A1","ct_police_stop_is-arrested_breadth_first_picking_euclidean_ic0.0_ip0.9_k10.json",{"0":2,"1":0,"2":0,"3":0,"4":0,"6":0,"7":0,"8":0,"9":0,"10":0,"12":3,"138":0,"141":0,"193":0,"196":0,"852":0,"1074":0,"1083":0,"4105":0,"undefined":null}
2018-03-08-23-42-13,"1","A1","ct_police_stop_is-arrested_breadth_first_picking_euclidean_ic0.0_ip0.9_k10.json",{"0":3,"1":0,"2":0,"3":0,"4":0,"6":0,"7":0,"8":0,"9":0,"10":0,"12":3,"138":0,"141":0,"193":0,"196":0,"852":0,"1074":0,"1083":0,"4105":0,"undefined":null}
2018-03-08-23-42-46,"1","A1","ct_police_stop_is-arrested_breadth_first_picking_euclidean_ic0.0_ip0.9_k10.json",{"0":3,"1":0,"2":0,"3":0,"4":0,"6":0,"7":0,"8":0,"9":0,"10":0,"12":3,"138":0,"141":1,"193":0,"196":0,"852":0,"1074":0,"1083":0,"4105":0,"undefined":null}
2018-03-08-23-42-46,"1","A1","ct_police_stop_is-arrested_breadth_first_picking_euclidean_ic0.0_ip0.9_k10.json",{"0":3,"1":0,"2":0,"3":0,"4":0,"6":0,"7":0,"8":0,"9":0,"10":0,"12":3,"138":0,"141":2,"193":0,"196":0,"852":0,"1074":0,"1083":0,"4105":0,"undefined":null}
2018-03-08-23-42-46,"1","A1","ct_police_stop_is-arrested_breadth_first_picking_euclidean_ic0.0_ip0.9_k10.json",{"0":3,"1":0,"2":0,"3":0,"4":0,"6":0,"7":0,"8":0,"9":0,"10":0,"12":3,"138":0,"141":3,"193":0,"196":0,"852":0,"1074":0,"1083":0,"4105":0,"undefined":null}
2018-03-08-23-42-47,"1","A1","ct_police_stop_is-arrested_breadth_first_picking_euclidean_ic0.0_ip0.9_k10.json",{"0":3,"1":0,"2":0,"3":0,"4":0,"6":0,"7":0,"8":0,"9":0,"10":0,"12":3,"138":0,"141":3,"193":0,"196":0,"852":0,"1074":0,"1083":0,"4105":0,"undefined":null}
2018-03-08-23-43-02,"1","B1","mushroom_type_breadth_first_picking_euclidean_ic0.0_ip0.9_k10.json",{"0":1,"1":0,"2":0,"3":0,"4":0,"6":0,"7":0,"8":0,"9":0,"10":0,"12":3,"21":0,"22":0,"24":0,"25":0,"138":0,"141":3,"146":0,"153":0,"156":0,"157":0,"193":0,"196":0,"852":0,"1074":0,"1083":0,"4105":0,"undefined":null}
2018-03-08-23-43-02,"1","B1","mushroom_type_breadth_first_picking_euclidean_ic0.0_ip0.9_k10.json",{"0":2,"1":0,"2":0,"3":0,"4":0,"6":0,"7":0,"8":0,"9":0,"10":0,"12":3,"21":0,"22":0,"24":0,"25":0,"138":0,"141":3,"146":0,"153":0,"156":0,"157":0,"193":0,"196":0,"852":0,"1074":0,"1083":0,"4105":0,"undefined":null}
2018-03-08-23-43-03,"1","B1","mushroom_type_breadth_first_picking_euclidean_ic0.0_ip0.9_k10.json",{"0":3,"1":0,"2":0,"3":0,"4":0,"6":0,"7":0,"8":0,"9":0,"10":0,"12":3,"21":0,"22":0,"24":0,"25":0,"138":0,"141":3,"146":0,"153":0,"156":0,"157":0,"193":0,"196":0,"852":0,"1074":0,"1083":0,"4105":0,"undefined":null}
2018-03-08-23-43-03,"1","B1","mushroom_type_breadth_first_picking_euclidean_ic0.0_ip0.9_k10.json",{"0":1,"1":0,"2":0,"3":0,"4":0,"6":0,"7":0,"8":0,"9":0,"10":0,"12":3,"21":0,"22":0,"24":0,"25":0,"138":0,"141":3,"146":0,"153":0,"156":0,"157":0,"193":0,"196":0,"852":0,"1074":0,"1083":0,"4105":0,"undefined":null}
2018-03-08-23-43-04,"1","B1","mushroom_type_breadth_first_picking_euclidean_ic0.0_ip0.9_k10.json",{"0":2,"1":0,"2":0,"3":0,"4":0,"6":0,"7":0,"8":0,"9":0,"10":0,"12":3,"21":0,"22":0,"24":0,"25":0,"138":0,"141":3,"146":0,"153":0,"156":0,"157":0,"193":0,"196":0,"852":0,"1074":0,"1083":0,"4105":0,"undefined":null}
2018-03-08-23-43-04,"1","B1","mushroom_type_breadth_first_picking_euclidean_ic0.0_ip0.9_k10.json",{"0":2,"1":0,"2":0,"3":0,"4":0,"6":0,"7":0,"8":0,"9":0,"10":0,"12":3,"21":0,"22":1,"24":0,"25":0,"138":0,"141":3,"146":0,"153":0,"156":0,"157":0,"193":0,"196":0,"852":0,"1074":0,"1083":0,"4105":0,"undefined":null}
2018-03-08-23-43-04,"1","B1","mushroom_type_breadth_first_picking_euclidean_ic0.0_ip0.9_k10.json",{"0":2,"1":0,"2":0,"3":0,"4":0,"6":0,"7":0,"8":0,"9":0,"10":0,"12":3,"21":0,"22":2,"24":0,"25":0,"138":0,"141":3,"146":0,"153":0,"156":0,"157":0,"193":0,"196":0,"852":0,"1074":0,"1083":0,"4105":0,"undefined":null}
2018-03-08-23-43-04,"1","B1","mushroom_type_breadth_first_picking_euclidean_ic0.0_ip0.9_k10.json",{"0":2,"1":0,"2":0,"3":0,"4":0,"6":0,"7":0,"8":0,"9":0,"10":0,"12":3,"21":0,"22":3,"24":0,"25":0,"138":0,"141":3,"146":0,"153":0,"156":0,"157":0,"193":0,"196":0,"852":0,"1074":0,"1083":0,"4105":0,"undefined":null}
2018-03-08-23-43-05,"1","B1","mushroom_type_breadth_first_picking_euclidean_ic0.0_ip0.9_k10.json",{"0":2,"1":0,"2":0,"3":0,"4":0,"6":0,"7":0,"8":0,"9":0,"10":0,"12":3,"21":0,"22":3,"24":1,"25":0,"138":0,"141":3,"146":0,"153":0,"156":0,"157":0,"193":0,"196":0,"852":0,"1074":0,"1083":0,"4105":0,"undefined":null}
2018-03-08-23-43-05,"1","B1","mushroom_type_breadth_first_picking_euclidean_ic0.0_ip0.9_k10.json",{"0":2,"1":0,"2":0,"3":0,"4":0,"6":0,"7":0,"8":0,"9":0,"10":0,"12":3,"21":0,"22":3,"24":2,"25":0,"138":0,"141":3,"146":0,"153":0,"156":0,"157":0,"193":0,"196":0,"852":0,"1074":0,"1083":0,"4105":0,"undefined":null}
2018-03-08-23-43-05,"1","B1","mushroom_type_breadth_first_picking_euclidean_ic0.0_ip0.9_k10.json",{"0":2,"1":0,"2":0,"3":0,"4":0,"6":0,"7":0,"8":0,"9":0,"10":0,"12":3,"21":0,"22":3,"24":3,"25":0,"138":0,"141":3,"146":0,"153":0,"156":0,"157":0,"193":0,"196":0,"852":0,"1074":0,"1083":0,"4105":0,"undefined":null}
2018-03-08-23-43-17,"1","T1","titanic_survived_breadth_first_picking_euclidean_ic0.0_ip0.9_k10.json",{"0":1,"1":0,"2":0,"3":0,"4":0,"6":0,"7":0,"8":0,"9":0,"10":0}
2018-03-08-23-43-17,"1","T1","titanic_survived_breadth_first_picking_euclidean_ic0.0_ip0.9_k10.json",{"0":2,"1":0,"2":0,"3":0,"4":0,"6":0,"7":0,"8":0,"9":0,"10":0}
2018-03-08-23-43-17,"1","T1","titanic_survived_breadth_first_picking_euclidean_ic0.0_ip0.9_k10.json",{"0":3,"1":0,"2":0,"3":0,"4":0,"6":0,"7":0,"8":0,"9":0,"10":0}
2018-03-08-23-43-18,"1","T1","titanic_survived_breadth_first_picking_euclidean_ic0.0_ip0.9_k10.json",{"0":3,"1":0,"2":0,"3":1,"4":0,"6":0,"7":0,"8":0,"9":0,"10":0}
2018-03-08-23-43-18,"1","T1","titanic_survived_breadth_first_picking_euclidean_ic0.0_ip0.9_k10.json",{"0":3,"1":0,"2":0,"3":2,"4":0,"6":0,"7":0,"8":0,"9":0,"10":0}
2018-03-08-23-43-18,"1","T1","titanic_survived_breadth_first_picking_euclidean_ic0.0_ip0.9_k10.json",{"0":3,"1":0,"2":0,"3":3,"4":0,"6":0,"7":0,"8":0,"9":0,"10":0}
2018-03-08-23-43-29,"1","B1","mushroom_type_breadth_first_picking_euclidean_ic0.0_ip0.9_k10.json",{"0":1,"1":0,"2":0,"3":3,"4":0,"6":0,"7":0,"8":0,"9":0,"10":0,"21":0,"22":0,"24":0,"25":0,"146":0,"153":0,"156":0,"157":0}
2018-03-08-23-43-29,"1","B1","mushroom_type_breadth_first_picking_euclidean_ic0.0_ip0.9_k10.json",{"0":2,"1":0,"2":0,"3":3,"4":0,"6":0,"7":0,"8":0,"9":0,"10":0,"21":0,"22":0,"24":0,"25":0,"146":0,"153":0,"156":0,"157":0}
2018-03-08-23-43-29,"1","B1","mushroom_type_breadth_first_picking_euclidean_ic0.0_ip0.9_k10.json",{"0":3,"1":0,"2":0,"3":3,"4":0,"6":0,"7":0,"8":0,"9":0,"10":0,"21":0,"22":0,"24":0,"25":0,"146":0,"153":0,"156":0,"157":0}
2018-03-08-23-43-30,"1","B1","mushroom_type_breadth_first_picking_euclidean_ic0.0_ip0.9_k10.json",{"0":3,"1":0,"2":0,"3":3,"4":0,"6":0,"7":0,"8":0,"9":0,"10":0,"21":0,"22":0,"24":0,"25":0,"146":0,"153":0,"156":0,"157":0,"undefined":null}
2018-03-08-23-46-10,"1","A1","ct_police_stop_is-arrested_breadth_first_picking_euclidean_ic0.0_ip0.9_k10.json",{"0":0,"1":0,"2":0,"3":3,"4":0,"6":0,"7":0,"8":0,"9":0,"10":0,"12":1,"21":0,"22":0,"24":0,"25":0,"138":0,"141":0,"146":0,"153":0,"156":0,"157":0,"193":0,"196":0,"852":0,"1074":0,"1083":0,"4105":0,"undefined":null}
2018-03-08-23-46-10,"1","A1","ct_police_stop_is-arrested_breadth_first_picking_euclidean_ic0.0_ip0.9_k10.json",{"0":0,"1":0,"2":0,"3":3,"4":0,"6":0,"7":0,"8":0,"9":0,"10":0,"12":2,"21":0,"22":0,"24":0,"25":0,"138":0,"141":0,"146":0,"153":0,"156":0,"157":0,"193":0,"196":0,"852":0,"1074":0,"1083":0,"4105":0,"undefined":null}
2018-03-08-23-46-10,"1","A1","ct_police_stop_is-arrested_breadth_first_picking_euclidean_ic0.0_ip0.9_k10.json",{"0":0,"1":0,"2":0,"3":3,"4":0,"6":0,"7":0,"8":0,"9":0,"10":0,"12":3,"21":0,"22":0,"24":0,"25":0,"138":0,"141":0,"146":0,"153":0,"156":0,"157":0,"193":0,"196":0,"852":0,"1074":0,"1083":0,"4105":0,"undefined":null}
2018-03-08-23-46-14,"1","B1","mushroom_type_breadth_first_picking_euclidean_ic0.0_ip0.9_k10.json",{"0":1,"1":0,"2":0,"3":3,"4":0,"6":0,"7":0,"8":0,"9":0,"10":0,"12":3,"21":0,"22":0,"24":0,"25":0,"138":0,"141":0,"146":0,"153":0,"156":0,"157":0,"193":0,"196":0,"852":0,"1074":0,"1083":0,"4105":0,"undefined":null}
2018-03-08-23-46-14,"1","B1","mushroom_type_breadth_first_picking_euclidean_ic0.0_ip0.9_k10.json",{"0":2,"1":0,"2":0,"3":3,"4":0,"6":0,"7":0,"8":0,"9":0,"10":0,"12":3,"21":0,"22":0,"24":0,"25":0,"138":0,"141":0,"146":0,"153":0,"156":0,"157":0,"193":0,"196":0,"852":0,"1074":0,"1083":0,"4105":0,"undefined":null}
2018-03-08-23-46-14,"1","B1","mushroom_type_breadth_first_picking_euclidean_ic0.0_ip0.9_k10.json",{"0":3,"1":0,"2":0,"3":3,"4":0,"6":0,"7":0,"8":0,"9":0,"10":0,"12":3,"21":0,"22":0,"24":0,"25":0,"138":0,"141":0,"146":0,"153":0,"156":0,"157":0,"193":0,"196":0,"852":0,"1074":0,"1083":0,"4105":0,"undefined":null}
2018-03-08-23-47-35,"1","T1","titanic_survived_breadth_first_picking_euclidean_ic0.0_ip0.9_k10.json",{"0":1,"1":0,"2":0,"3":0,"4":0,"6":0,"7":0,"8":0,"9":0,"10":0,"12":3,"21":0,"22":0,"24":0,"25":0,"138":0,"141":0,"146":0,"153":0,"156":0,"157":0,"193":0,"196":0,"852":0,"1074":0,"1083":0,"4105":0,"undefined":null}
2018-03-08-23-47-35,"1","T1","titanic_survived_breadth_first_picking_euclidean_ic0.0_ip0.9_k10.json",{"0":2,"1":0,"2":0,"3":0,"4":0,"6":0,"7":0,"8":0,"9":0,"10":0,"12":3,"21":0,"22":0,"24":0,"25":0,"138":0,"141":0,"146":0,"153":0,"156":0,"157":0,"193":0,"196":0,"852":0,"1074":0,"1083":0,"4105":0,"undefined":null}
2018-03-08-23-47-35,"1","T1","titanic_survived_breadth_first_picking_euclidean_ic0.0_ip0.9_k10.json",{"0":3,"1":0,"2":0,"3":0,"4":0,"6":0,"7":0,"8":0,"9":0,"10":0,"12":3,"21":0,"22":0,"24":0,"25":0,"138":0,"141":0,"146":0,"153":0,"156":0,"157":0,"193":0,"196":0,"852":0,"1074":0,"1083":0,"4105":0,"undefined":null}
