2018-03-25-15-58-59,"1","T1","titanic_survived_greedy_picking_euclidean_ic0.0_ip0.9_k10.json",{"0":1,"1":0,"2":0,"3":0,"5":0,"6":0,"7":0,"8":0,"9":0,"10":0}
2018-03-25-15-59-00,"1","T1","titanic_survived_greedy_picking_euclidean_ic0.0_ip0.9_k10.json",{"0":2,"1":0,"2":0,"3":0,"5":0,"6":0,"7":0,"8":0,"9":0,"10":0}
2018-03-25-15-59-04,"1","T1","titanic_survived_greedy_picking_euclidean_ic0.0_ip0.9_k10.json",{"0":2,"1":0,"2":0,"3":1,"5":0,"6":0,"7":0,"8":0,"9":0,"10":0}
2018-03-25-15-59-04,"1","T1","titanic_survived_greedy_picking_euclidean_ic0.0_ip0.9_k10.json",{"0":2,"1":0,"2":0,"3":2,"5":0,"6":0,"7":0,"8":0,"9":0,"10":0}
2018-03-25-15-59-07,"1","T1","titanic_survived_greedy_picking_euclidean_ic0.0_ip0.9_k10.json",{"0":2,"1":0,"2":0,"3":3,"5":0,"6":0,"7":0,"8":0,"9":0,"10":0}
2018-03-25-15-59-08,"1","T1","titanic_survived_greedy_picking_euclidean_ic0.0_ip0.9_k10.json",{"0":2,"1":0,"2":0,"3":1,"5":0,"6":0,"7":0,"8":0,"9":0,"10":0}
2018-03-25-15-59-09,"1","T1","titanic_survived_greedy_picking_euclidean_ic0.0_ip0.9_k10.json",{"0":2,"1":0,"2":0,"3":2,"5":0,"6":0,"7":0,"8":0,"9":0,"10":0}
2018-03-25-16-15-15,"1","T1","titanic_survived_greedy_picking_euclidean_ic0.0_ip0.9_k10.json",{"0":2,"1":0,"2":0,"3":2,"5":0,"6":0,"7":0,"8":0,"9":0,"10":0,"undefined":null}
2018-03-25-16-24-03,"1","T1","titanic_survived_greedy_picking_euclidean_ic0.0_ip0.9_k10.json",{"0":1,"1":0,"2":0,"3":0,"5":0,"6":0,"7":0,"8":0,"9":0,"10":0}
2018-03-25-16-24-03,"1","T1","titanic_survived_greedy_picking_euclidean_ic0.0_ip0.9_k10.json",{"0":2,"1":0,"2":0,"3":0,"5":0,"6":0,"7":0,"8":0,"9":0,"10":0}
2018-03-25-16-25-36,"1","T1","titanic_survived_greedy_picking_euclidean_ic0.0_ip0.9_k10.json",{"0":2,"1":0,"2":0,"3":0,"5":0,"6":0,"7":0,"8":0,"9":0,"10":0,"undefined":null}
2018-03-25-16-26-17,"1","T1","titanic_survived_greedy_picking_euclidean_ic0.0_ip0.9_k10.json",{"0":1,"1":0,"2":0,"3":0,"5":0,"6":0,"7":0,"8":0,"9":0,"10":0}
2018-03-25-16-26-20,"1","T1","titanic_survived_greedy_picking_euclidean_ic0.0_ip0.9_k10.json",{"0":1,"1":0,"2":0,"3":1,"5":0,"6":0,"7":0,"8":0,"9":0,"10":0}
2018-03-25-16-27-05,"1","A1","ct_police_stop_stop-outcome_greedy_picking_euclidean_ic0.0_ip0.9_k10.json",{"0":0,"1":0,"2":0,"3":1,"5":0,"6":0,"7":0,"8":0,"9":0,"10":0,"11":0,"13":0,"76":0,"86":0,"98":0,"101":0,"204":0,"775":0,"undefined":null}
2018-03-25-16-27-09,"1","A1","ct_police_stop_stop-outcome_greedy_picking_euclidean_ic0.0_ip0.9_k10.json",{"0":0,"1":0,"2":0,"3":1,"5":0,"6":0,"7":0,"8":0,"9":0,"10":0,"11":0,"13":0,"76":0,"86":0,"98":0,"101":0,"204":0,"775":1,"undefined":null}
2018-03-25-16-27-11,"1","A1","ct_police_stop_stop-outcome_greedy_picking_euclidean_ic0.0_ip0.9_k10.json",{"0":0,"1":0,"2":0,"3":1,"5":0,"6":0,"7":0,"8":0,"9":0,"10":0,"11":0,"13":0,"76":0,"86":1,"98":0,"101":0,"204":0,"775":1,"undefined":null}
2018-03-25-16-27-12,"1","A1","ct_police_stop_stop-outcome_greedy_picking_euclidean_ic0.0_ip0.9_k10.json",{"0":0,"1":0,"2":0,"3":1,"5":0,"6":0,"7":0,"8":0,"9":0,"10":0,"11":0,"13":0,"76":0,"86":1,"98":1,"101":0,"204":0,"775":1,"undefined":null}
2018-03-25-16-27-13,"1","A1","ct_police_stop_stop-outcome_greedy_picking_euclidean_ic0.0_ip0.9_k10.json",{"0":0,"1":0,"2":0,"3":1,"5":0,"6":0,"7":0,"8":0,"9":0,"10":0,"11":0,"13":1,"76":0,"86":1,"98":1,"101":0,"204":0,"775":1,"undefined":null}
2018-03-25-16-27-14,"1","A1","ct_police_stop_stop-outcome_greedy_picking_euclidean_ic0.0_ip0.9_k10.json",{"0":0,"1":0,"2":0,"3":1,"5":0,"6":0,"7":0,"8":0,"9":0,"10":0,"11":1,"13":1,"76":0,"86":1,"98":1,"101":0,"204":0,"775":1,"undefined":null}
2018-03-25-16-27-15,"1","A1","ct_police_stop_stop-outcome_greedy_picking_euclidean_ic0.0_ip0.9_k10.json",{"0":0,"1":0,"2":0,"3":1,"5":0,"6":0,"7":0,"8":0,"9":1,"10":0,"11":1,"13":1,"76":0,"86":1,"98":1,"101":0,"204":0,"775":1,"undefined":null}
2018-03-25-16-27-16,"1","A1","ct_police_stop_stop-outcome_greedy_picking_euclidean_ic0.0_ip0.9_k10.json",{"0":1,"1":0,"2":0,"3":1,"5":0,"6":0,"7":0,"8":0,"9":1,"10":0,"11":1,"13":1,"76":0,"86":1,"98":1,"101":0,"204":0,"775":1,"undefined":null}
2018-03-25-16-27-29,"1","A1","ct_police_stop_stop-outcome_greedy_picking_euclidean_ic0.0_ip0.9_k10.json",{"0":1,"1":0,"2":0,"3":1,"5":0,"6":0,"7":0,"8":0,"9":1,"10":0,"11":1,"13":1,"76":0,"86":1,"98":2,"101":0,"204":0,"775":1,"undefined":null}
2018-03-25-16-28-37,"1","T1","titanic_survived_greedy_picking_euclidean_ic0.0_ip0.9_k10.json",{"0":1,"1":0,"2":0,"3":0,"5":0,"6":0,"7":0,"8":0,"9":0,"10":0}
2018-03-25-16-28-39,"1","T1","titanic_survived_greedy_picking_euclidean_ic0.0_ip0.9_k10.json",{"0":1,"1":0,"2":0,"3":0,"5":1,"6":0,"7":0,"8":0,"9":0,"10":0}
2018-03-25-16-28-40,"1","T1","titanic_survived_greedy_picking_euclidean_ic0.0_ip0.9_k10.json",{"0":1,"1":0,"2":1,"3":0,"5":1,"6":0,"7":0,"8":0,"9":0,"10":0}
2018-03-25-16-28-41,"1","T1","titanic_survived_greedy_picking_euclidean_ic0.0_ip0.9_k10.json",{"0":1,"1":1,"2":1,"3":0,"5":1,"6":0,"7":0,"8":0,"9":0,"10":0}
2018-03-25-16-29-08,"1","T1","titanic_survived_greedy_picking_euclidean_ic0.0_ip0.9_k10.json",{"0":1,"1":0,"2":0,"3":0,"5":0,"6":0,"7":0,"8":0,"9":0,"10":0}
2018-03-25-16-29-10,"1","T1","titanic_survived_greedy_picking_euclidean_ic0.0_ip0.9_k10.json",{"0":1,"1":0,"2":0,"3":0,"5":1,"6":0,"7":0,"8":0,"9":0,"10":0}
2018-03-25-16-29-11,"1","T1","titanic_survived_greedy_picking_euclidean_ic0.0_ip0.9_k10.json",{"0":1,"1":0,"2":0,"3":0,"5":1,"6":0,"7":0,"8":0,"9":0,"10":0,"undefined":null}
2018-03-25-16-29-11,"1","T1","titanic_survived_greedy_picking_euclidean_ic0.0_ip0.9_k10.json",{"0":1,"1":0,"2":0,"3":0,"5":1,"6":0,"7":0,"8":0,"9":0,"10":1,"undefined":null}
2018-03-25-16-29-12,"1","T1","titanic_survived_greedy_picking_euclidean_ic0.0_ip0.9_k10.json",{"0":1,"1":0,"2":0,"3":0,"5":1,"6":0,"7":0,"8":0,"9":1,"10":1,"undefined":null}
2018-03-25-16-29-13,"1","T1","titanic_survived_greedy_picking_euclidean_ic0.0_ip0.9_k10.json",{"0":1,"1":0,"2":0,"3":0,"5":1,"6":0,"7":0,"8":1,"9":1,"10":1,"undefined":null}
2018-03-25-16-29-13,"1","T1","titanic_survived_greedy_picking_euclidean_ic0.0_ip0.9_k10.json",{"0":1,"1":0,"2":0,"3":0,"5":1,"6":0,"7":0,"8":1,"9":1,"10":1,"undefined":null}
2018-03-25-16-29-14,"1","T1","titanic_survived_greedy_picking_euclidean_ic0.0_ip0.9_k10.json",{"0":2,"1":0,"2":0,"3":0,"5":1,"6":0,"7":0,"8":1,"9":1,"10":1,"undefined":null}
2018-03-25-16-29-14,"1","T1","titanic_survived_greedy_picking_euclidean_ic0.0_ip0.9_k10.json",{"0":2,"1":0,"2":1,"3":0,"5":1,"6":0,"7":0,"8":1,"9":1,"10":1,"undefined":null}
2018-03-25-16-29-15,"1","T1","titanic_survived_greedy_picking_euclidean_ic0.0_ip0.9_k10.json",{"0":2,"1":0,"2":1,"3":0,"5":1,"6":0,"7":0,"8":1,"9":1,"10":1,"undefined":null}
2018-03-25-16-29-16,"1","T1","titanic_survived_greedy_picking_euclidean_ic0.0_ip0.9_k10.json",{"0":2,"1":0,"2":1,"3":0,"5":1,"6":0,"7":0,"8":1,"9":1,"10":1,"undefined":null}
2018-03-25-16-29-16,"1","T1","titanic_survived_greedy_picking_euclidean_ic0.0_ip0.9_k10.json",{"0":2,"1":0,"2":1,"3":0,"5":2,"6":0,"7":0,"8":1,"9":1,"10":1,"undefined":null}
2018-03-25-16-29-19,"1","T1","titanic_survived_greedy_picking_euclidean_ic0.0_ip0.9_k10.json",{"0":2,"1":0,"2":1,"3":0,"5":2,"6":0,"7":0,"8":1,"9":2,"10":1,"undefined":null}
2018-03-25-16-29-20,"1","T1","titanic_survived_greedy_picking_euclidean_ic0.0_ip0.9_k10.json",{"0":3,"1":0,"2":1,"3":0,"5":2,"6":0,"7":0,"8":1,"9":2,"10":1,"undefined":null}
2018-03-25-16-29-20,"1","T1","titanic_survived_greedy_picking_euclidean_ic0.0_ip0.9_k10.json",{"0":3,"1":0,"2":1,"3":0,"5":2,"6":0,"7":0,"8":1,"9":2,"10":1,"undefined":null}
2018-03-25-16-29-21,"1","T1","titanic_survived_greedy_picking_euclidean_ic0.0_ip0.9_k10.json",{"0":3,"1":0,"2":1,"3":0,"5":3,"6":0,"7":0,"8":1,"9":2,"10":1,"undefined":null}
2018-03-25-16-29-23,"1","T1","titanic_survived_greedy_picking_euclidean_ic0.0_ip0.9_k10.json",{"0":3,"1":0,"2":1,"3":0,"5":3,"6":0,"7":1,"8":1,"9":2,"10":1,"undefined":null}
2018-03-25-16-29-24,"1","T1","titanic_survived_greedy_picking_euclidean_ic0.0_ip0.9_k10.json",{"0":3,"1":0,"2":1,"3":0,"5":3,"6":1,"7":1,"8":1,"9":2,"10":1,"undefined":null}
2018-03-25-16-29-24,"1","T1","titanic_survived_greedy_picking_euclidean_ic0.0_ip0.9_k10.json",{"0":3,"1":1,"2":1,"3":0,"5":3,"6":1,"7":1,"8":1,"9":2,"10":1,"undefined":null}
2018-03-25-16-30-14,"1","T1","titanic_survived_greedy_picking_euclidean_ic0.0_ip0.9_k10.json",{"0":0,"1":0,"2":0,"3":1,"5":0,"6":0,"7":0,"8":0,"9":0,"10":0}
2018-03-25-16-30-16,"1","T1","titanic_survived_greedy_picking_euclidean_ic0.0_ip0.9_k10.json",{"0":1,"1":0,"2":0,"3":1,"5":0,"6":0,"7":0,"8":0,"9":0,"10":0}
2018-03-25-16-30-17,"1","T1","titanic_survived_greedy_picking_euclidean_ic0.0_ip0.9_k10.json",{"0":1,"1":0,"2":0,"3":1,"5":1,"6":0,"7":0,"8":0,"9":0,"10":0}
2018-03-25-16-30-32,"1","T1","titanic_survived_greedy_picking_euclidean_ic0.0_ip0.9_k10.json",{"0":0,"1":0,"2":0,"3":1,"5":0,"6":0,"7":0,"8":0,"9":0,"10":0}
2018-03-25-16-30-37,"1","T1","titanic_survived_greedy_picking_euclidean_ic0.0_ip0.9_k10.json",{"0":0,"1":0,"2":0,"3":1,"5":0,"6":0,"7":0,"8":0,"9":0,"10":1}
2018-03-25-16-30-38,"1","T1","titanic_survived_greedy_picking_euclidean_ic0.0_ip0.9_k10.json",{"0":1,"1":0,"2":0,"3":1,"5":0,"6":0,"7":0,"8":0,"9":0,"10":1}
2018-03-25-16-30-47,"1","T1","titanic_survived_greedy_picking_euclidean_ic0.0_ip0.9_k10.json",{"0":1,"1":0,"2":0,"3":2,"5":0,"6":0,"7":0,"8":0,"9":0,"10":1}
2018-03-25-16-34-26,"1","T1","titanic_survived_greedy_picking_euclidean_ic0.0_ip0.9_k10.json",{"0":1,"1":0,"2":0,"3":0,"5":0,"6":0,"7":0,"8":0,"9":0,"10":0}
2018-03-25-16-34-27,"1","T1","titanic_survived_greedy_picking_euclidean_ic0.0_ip0.9_k10.json",{"0":1,"1":0,"2":0,"3":1,"5":0,"6":0,"7":0,"8":0,"9":0,"10":0}
2018-03-25-16-34-28,"1","T1","titanic_survived_greedy_picking_euclidean_ic0.0_ip0.9_k10.json",{"0":1,"1":0,"2":0,"3":1,"5":1,"6":0,"7":0,"8":0,"9":0,"10":0}
2018-03-25-16-34-29,"1","T1","titanic_survived_greedy_picking_euclidean_ic0.0_ip0.9_k10.json",{"0":2,"1":0,"2":0,"3":1,"5":1,"6":0,"7":0,"8":0,"9":0,"10":0}
2018-03-25-16-34-29,"1","T1","titanic_survived_greedy_picking_euclidean_ic0.0_ip0.9_k10.json",{"0":2,"1":0,"2":1,"3":1,"5":1,"6":0,"7":0,"8":0,"9":0,"10":0}
2018-03-25-16-34-30,"1","T1","titanic_survived_greedy_picking_euclidean_ic0.0_ip0.9_k10.json",{"0":2,"1":1,"2":1,"3":1,"5":1,"6":0,"7":0,"8":0,"9":0,"10":0}
2018-03-25-16-34-31,"1","T1","titanic_survived_greedy_picking_euclidean_ic0.0_ip0.9_k10.json",{"0":2,"1":1,"2":1,"3":1,"5":1,"6":1,"7":0,"8":0,"9":0,"10":0}
2018-03-25-16-34-32,"1","T1","titanic_survived_greedy_picking_euclidean_ic0.0_ip0.9_k10.json",{"0":2,"1":1,"2":1,"3":1,"5":1,"6":1,"7":1,"8":0,"9":0,"10":0}
2018-03-25-16-34-32,"1","T1","titanic_survived_greedy_picking_euclidean_ic0.0_ip0.9_k10.json",{"0":2,"1":1,"2":1,"3":1,"5":1,"6":1,"7":1,"8":1,"9":0,"10":0}
2018-03-25-16-34-33,"1","T1","titanic_survived_greedy_picking_euclidean_ic0.0_ip0.9_k10.json",{"0":2,"1":1,"2":1,"3":1,"5":1,"6":1,"7":1,"8":1,"9":1,"10":0}
2018-03-25-16-34-33,"1","T1","titanic_survived_greedy_picking_euclidean_ic0.0_ip0.9_k10.json",{"0":2,"1":1,"2":1,"3":1,"5":1,"6":1,"7":1,"8":1,"9":1,"10":1}
2018-03-25-16-34-34,"1","T1","titanic_survived_greedy_picking_euclidean_ic0.0_ip0.9_k10.json",{"0":2,"1":1,"2":1,"3":1,"5":2,"6":1,"7":1,"8":1,"9":1,"10":1}
2018-03-25-16-34-36,"1","T1","titanic_survived_greedy_picking_euclidean_ic0.0_ip0.9_k10.json",{"0":2,"1":1,"2":1,"3":1,"5":2,"6":1,"7":1,"8":1,"9":1,"10":1,"undefined":null}
2018-03-25-16-34-37,"1","T1","titanic_survived_greedy_picking_euclidean_ic0.0_ip0.9_k10.json",{"0":2,"1":1,"2":1,"3":2,"5":2,"6":1,"7":1,"8":1,"9":1,"10":1,"undefined":null}
2018-03-25-16-34-37,"1","T1","titanic_survived_greedy_picking_euclidean_ic0.0_ip0.9_k10.json",{"0":2,"1":1,"2":1,"3":2,"5":2,"6":1,"7":1,"8":1,"9":1,"10":1,"undefined":null}
2018-03-25-16-34-38,"1","T1","titanic_survived_greedy_picking_euclidean_ic0.0_ip0.9_k10.json",{"0":2,"1":1,"2":1,"3":2,"5":3,"6":1,"7":1,"8":1,"9":1,"10":1,"undefined":null}
2018-03-25-16-34-38,"1","T1","titanic_survived_greedy_picking_euclidean_ic0.0_ip0.9_k10.json",{"0":2,"1":1,"2":1,"3":2,"5":1,"6":1,"7":1,"8":1,"9":1,"10":1,"undefined":null}
2018-03-25-16-34-39,"1","T1","titanic_survived_greedy_picking_euclidean_ic0.0_ip0.9_k10.json",{"0":2,"1":1,"2":1,"3":2,"5":1,"6":1,"7":1,"8":1,"9":1,"10":1,"undefined":null}
2018-03-25-16-35-21,"1","T1","titanic_survived_greedy_picking_euclidean_ic0.0_ip0.9_k10.json",{"0":3,"1":1,"2":1,"3":2,"5":1,"6":1,"7":1,"8":1,"9":1,"10":1,"undefined":null}
2018-03-25-16-35-22,"1","T1","titanic_survived_greedy_picking_euclidean_ic0.0_ip0.9_k10.json",{"0":3,"1":1,"2":1,"3":3,"5":1,"6":1,"7":1,"8":1,"9":1,"10":1,"undefined":null}
2018-03-25-16-35-23,"1","T1","titanic_survived_greedy_picking_euclidean_ic0.0_ip0.9_k10.json",{"0":3,"1":1,"2":1,"3":1,"5":1,"6":1,"7":1,"8":1,"9":1,"10":1,"undefined":null}
2018-03-25-16-36-28,"1","T1","titanic_survived_greedy_picking_euclidean_ic0.0_ip0.9_k10.json",{"0":0,"1":0,"2":1,"3":0,"4":0,"5":0,"6":1,"7":1,"8":1,"9":1,"10":1,"11":0,"12":0,"18":0,"19":0,"20":0,"24":0,"43":0,"51":0,"53":0,"55":0,"68":0,"69":0,"72":0,"73":0,"75":0,"87":0,"94":0,"127":0,"135":0,"141":0,"142":0,"148":0,"204":0,"225":0,"257":0,"260":0,"268":0,"301":0,"452":0,"undefined":null}
2018-03-25-16-38-01,"1","T1","titanic_survived_greedy_picking_euclidean_ic0.0_ip0.9_k10.json",{"0":0,"1":0,"2":1,"3":0,"4":0,"5":0,"6":1,"7":1,"8":1,"9":1,"10":1,"11":0,"12":0,"18":0,"19":0,"20":0,"24":0,"43":0,"51":0,"53":0,"55":0,"68":0,"69":0,"72":0,"73":0,"75":0,"87":0,"94":0,"127":0,"135":0,"141":0,"142":0,"148":0,"204":0,"225":0,"257":0,"260":0,"268":0,"301":0,"452":0,"undefined":null}
2018-03-25-16-39-49,"1","T1","titanic_survived_greedy_picking_euclidean_ic0.0_ip0.9_k10.json",{"0":1,"1":0,"2":1,"3":0,"4":0,"5":0,"6":1,"7":1,"8":1,"9":1,"10":1,"11":0,"12":0,"18":0,"19":0,"20":0,"24":0,"43":0,"51":0,"53":0,"55":0,"68":0,"69":0,"72":0,"73":0,"75":0,"87":0,"94":0,"127":0,"135":0,"141":0,"142":0,"148":0,"204":0,"225":0,"257":0,"260":0,"268":0,"301":0,"452":0,"undefined":null}
2018-03-25-16-39-50,"1","T1","titanic_survived_greedy_picking_euclidean_ic0.0_ip0.9_k10.json",{"0":1,"1":0,"2":1,"3":0,"4":0,"5":0,"6":1,"7":1,"8":1,"9":1,"10":1,"11":0,"12":0,"18":0,"19":0,"20":0,"24":0,"43":0,"51":0,"53":0,"55":0,"68":0,"69":0,"72":0,"73":0,"75":0,"87":0,"94":0,"127":0,"135":0,"141":0,"142":0,"148":0,"204":0,"225":0,"257":0,"260":0,"268":0,"301":0,"452":0,"undefined":null}
2018-03-25-16-39-51,"1","T1","titanic_survived_greedy_picking_euclidean_ic0.0_ip0.9_k10.json",{"0":1,"1":0,"2":1,"3":0,"4":0,"5":0,"6":1,"7":1,"8":1,"9":1,"10":1,"11":0,"12":1,"18":0,"19":0,"20":0,"24":0,"43":0,"51":0,"53":0,"55":0,"68":0,"69":0,"72":0,"73":0,"75":0,"87":0,"94":0,"127":0,"135":0,"141":0,"142":0,"148":0,"204":0,"225":0,"257":0,"260":0,"268":0,"301":0,"452":0,"undefined":null}
2018-03-25-16-39-52,"1","T1","titanic_survived_greedy_picking_euclidean_ic0.0_ip0.9_k10.json",{"0":1,"1":0,"2":1,"3":0,"4":0,"5":0,"6":1,"7":1,"8":1,"9":1,"10":1,"11":0,"12":1,"18":0,"19":0,"20":0,"24":0,"43":0,"51":0,"53":0,"55":0,"68":0,"69":0,"72":0,"73":0,"75":0,"87":0,"94":0,"127":1,"135":0,"141":0,"142":0,"148":0,"204":0,"225":0,"257":0,"260":0,"268":0,"301":0,"452":0,"undefined":null}
2018-03-25-16-39-54,"1","T1","titanic_survived_greedy_picking_euclidean_ic0.0_ip0.9_k10.json",{"0":1,"1":0,"2":1,"3":0,"4":0,"5":0,"6":1,"7":1,"8":1,"9":1,"10":1,"11":0,"12":1,"18":0,"19":0,"20":0,"24":0,"43":0,"51":0,"53":0,"55":0,"68":0,"69":0,"72":0,"73":0,"75":0,"87":0,"94":0,"127":1,"135":0,"141":0,"142":0,"148":0,"204":0,"225":0,"257":0,"260":0,"268":0,"301":0,"452":0,"undefined":null}
2018-03-25-16-40-00,"1","T1","titanic_survived_greedy_picking_euclidean_ic0.0_ip0.9_k10.json",{"0":1,"1":0,"2":1,"3":0,"4":0,"5":0,"6":1,"7":1,"8":1,"9":1,"10":1,"11":0,"12":1,"18":0,"19":0,"20":0,"24":0,"43":0,"51":0,"53":0,"55":0,"68":0,"69":0,"72":0,"73":0,"75":0,"87":0,"94":0,"127":1,"135":0,"141":0,"142":0,"148":0,"204":0,"225":0,"257":0,"260":0,"268":0,"301":0,"452":0,"undefined":null}
2018-03-25-16-40-02,"1","T1","titanic_survived_greedy_picking_euclidean_ic0.0_ip0.9_k10.json",{"0":1,"1":0,"2":1,"3":0,"4":0,"5":1,"6":1,"7":1,"8":1,"9":1,"10":1,"11":0,"12":1,"18":0,"19":0,"20":0,"24":0,"43":0,"51":0,"53":0,"55":0,"68":0,"69":0,"72":0,"73":0,"75":0,"87":0,"94":0,"127":1,"135":0,"141":0,"142":0,"148":0,"204":0,"225":0,"257":0,"260":0,"268":0,"301":0,"452":0,"undefined":null}
2018-03-25-16-40-20,"1","T1","titanic_survived_greedy_picking_euclidean_ic0.0_ip0.9_k10.json",{"0":1,"1":0,"2":1,"3":0,"4":1,"5":1,"6":1,"7":1,"8":1,"9":1,"10":1,"11":0,"12":1,"18":0,"19":0,"20":0,"24":0,"43":0,"51":0,"53":0,"55":0,"68":0,"69":0,"72":0,"73":0,"75":0,"87":0,"94":0,"127":1,"135":0,"141":0,"142":0,"148":0,"204":0,"225":0,"257":0,"260":0,"268":0,"301":0,"452":0,"undefined":null}
2018-03-25-16-40-22,"1","T1","titanic_survived_greedy_picking_euclidean_ic0.0_ip0.9_k10.json",{"0":1,"1":0,"2":1,"3":0,"4":1,"5":1,"6":1,"7":1,"8":1,"9":1,"10":1,"11":0,"12":1,"18":0,"19":0,"20":0,"24":0,"43":0,"51":0,"53":0,"55":0,"68":0,"69":0,"72":0,"73":0,"75":0,"87":0,"94":1,"127":1,"135":0,"141":0,"142":0,"148":0,"204":0,"225":0,"257":0,"260":0,"268":0,"301":0,"452":0,"undefined":null}
2018-03-25-16-41-10,"1","T1","titanic_survived_greedy_picking_euclidean_ic0.0_ip0.9_k10.json",{"0":1,"1":0,"2":1,"3":0,"4":1,"5":1,"6":1,"7":1,"8":1,"9":1,"10":1,"11":0,"12":1,"18":0,"19":0,"20":0,"24":0,"43":0,"51":0,"53":0,"55":0,"68":0,"69":0,"72":0,"73":0,"75":0,"87":0,"94":1,"127":1,"135":0,"141":0,"142":0,"148":0,"204":0,"225":0,"257":0,"260":0,"268":0,"301":0,"452":0,"undefined":null}
2018-03-25-16-41-16,"1","T1","titanic_survived_greedy_picking_euclidean_ic0.0_ip0.9_k10.json",{"0":1,"1":0,"2":1,"3":0,"4":1,"5":2,"6":1,"7":1,"8":1,"9":1,"10":1,"11":0,"12":1,"18":0,"19":0,"20":0,"24":0,"43":0,"51":0,"53":0,"55":0,"68":0,"69":0,"72":0,"73":0,"75":0,"87":0,"94":1,"127":1,"135":0,"141":0,"142":0,"148":0,"204":0,"225":0,"257":0,"260":0,"268":0,"301":0,"452":0,"undefined":null}
2018-03-25-16-41-24,"1","T1","titanic_survived_greedy_picking_euclidean_ic0.0_ip0.9_k10.json",{"0":1,"1":0,"2":1,"3":1,"4":1,"5":2,"6":1,"7":1,"8":1,"9":1,"10":1,"11":0,"12":1,"18":0,"19":0,"20":0,"24":0,"43":0,"51":0,"53":0,"55":0,"68":0,"69":0,"72":0,"73":0,"75":0,"87":0,"94":1,"127":1,"135":0,"141":0,"142":0,"148":0,"204":0,"225":0,"257":0,"260":0,"268":0,"301":0,"452":0,"undefined":null}
2018-03-25-16-41-50,"1","T1","titanic_survived_greedy_picking_euclidean_ic0.0_ip0.9_k10.json",{"0":1,"1":0,"2":1,"3":1,"4":1,"5":2,"6":1,"7":1,"8":1,"9":1,"10":1,"11":0,"12":2,"18":0,"19":0,"20":0,"24":0,"43":0,"51":0,"53":0,"55":0,"68":0,"69":0,"72":0,"73":0,"75":0,"87":0,"94":1,"127":1,"135":0,"141":0,"142":0,"148":0,"204":0,"225":0,"257":0,"260":0,"268":0,"301":0,"452":0,"undefined":null}
2018-03-25-16-41-52,"1","T1","titanic_survived_greedy_picking_euclidean_ic0.0_ip0.9_k10.json",{"0":1,"1":0,"2":1,"3":1,"4":1,"5":2,"6":1,"7":1,"8":1,"9":1,"10":1,"11":1,"12":2,"18":0,"19":0,"20":0,"24":0,"43":0,"51":0,"53":0,"55":0,"68":0,"69":0,"72":0,"73":0,"75":0,"87":0,"94":1,"127":1,"135":0,"141":0,"142":0,"148":0,"204":0,"225":0,"257":0,"260":0,"268":0,"301":0,"452":0,"undefined":null}
2018-03-25-16-41-53,"1","T1","titanic_survived_greedy_picking_euclidean_ic0.0_ip0.9_k10.json",{"0":1,"1":0,"2":1,"3":1,"4":1,"5":3,"6":1,"7":1,"8":1,"9":1,"10":1,"11":1,"12":2,"18":0,"19":0,"20":0,"24":0,"43":0,"51":0,"53":0,"55":0,"68":0,"69":0,"72":0,"73":0,"75":0,"87":0,"94":1,"127":1,"135":0,"141":0,"142":0,"148":0,"204":0,"225":0,"257":0,"260":0,"268":0,"301":0,"452":0,"undefined":null}
2018-03-25-16-41-54,"1","T1","titanic_survived_greedy_picking_euclidean_ic0.0_ip0.9_k10.json",{"0":2,"1":0,"2":1,"3":1,"4":1,"5":3,"6":1,"7":1,"8":1,"9":1,"10":1,"11":1,"12":2,"18":0,"19":0,"20":0,"24":0,"43":0,"51":0,"53":0,"55":0,"68":0,"69":0,"72":0,"73":0,"75":0,"87":0,"94":1,"127":1,"135":0,"141":0,"142":0,"148":0,"204":0,"225":0,"257":0,"260":0,"268":0,"301":0,"452":0,"undefined":null}
2018-03-25-16-42-02,"1","T1","titanic_survived_greedy_picking_euclidean_ic0.0_ip0.9_k10.json",{"0":2,"1":0,"2":1,"3":1,"4":1,"5":1,"6":1,"7":1,"8":1,"9":1,"10":1,"11":1,"12":2,"18":0,"19":0,"20":0,"24":0,"43":0,"51":0,"53":0,"55":0,"68":0,"69":0,"72":0,"73":0,"75":0,"87":0,"94":1,"127":1,"135":0,"141":0,"142":0,"148":0,"204":0,"225":0,"257":0,"260":0,"268":0,"301":0,"452":0,"undefined":null}
2018-03-25-16-56-18,"1","B1","autism_autism_greedy_picking_euclidean_ic0.0_ip0.9_k10.json",{"0":0,"1":0,"2":0,"3":0,"4":0,"5":1,"6":0,"7":0,"8":0,"9":0,"10":0,"11":0,"12":0,"13":0,"17":0,"18":0,"19":0,"20":0,"24":0,"43":0,"51":0,"53":0,"55":0,"68":0,"69":0,"72":0,"73":0,"75":0,"76":0,"86":0,"87":0,"94":0,"98":0,"101":0,"111":0,"123":0,"127":0,"135":0,"141":0,"142":0,"148":0,"170":0,"174":0,"198":0,"204":0,"225":0,"257":0,"260":0,"268":0,"301":0,"452":0,"775":0,"1098":0,"3274":0}
2018-03-25-16-56-22,"1","B1","autism_autism_greedy_picking_euclidean_ic0.0_ip0.9_k10.json",{"0":0,"1":0,"2":0,"3":0,"4":0,"5":2,"6":0,"7":0,"8":0,"9":0,"10":0,"11":0,"12":0,"13":0,"17":0,"18":0,"19":0,"20":0,"24":0,"43":0,"51":0,"53":0,"55":0,"68":0,"69":0,"72":0,"73":0,"75":0,"76":0,"86":0,"87":0,"94":0,"98":0,"101":0,"111":0,"123":0,"127":0,"135":0,"141":0,"142":0,"148":0,"170":0,"174":0,"198":0,"204":0,"225":0,"257":0,"260":0,"268":0,"301":0,"452":0,"775":0,"1098":0,"3274":0}
2018-03-25-16-59-16,"1","T1","titanic_survived_greedy_picking_euclidean_ic0.0_ip0.9_k10.json",{"0":1,"1":0,"2":0,"3":0,"5":0,"6":0,"7":0,"8":0,"9":0,"10":0}
2018-03-25-16-59-18,"1","T1","titanic_survived_greedy_picking_euclidean_ic0.0_ip0.9_k10.json",{"0":1,"1":0,"2":0,"3":1,"5":0,"6":0,"7":0,"8":0,"9":0,"10":0}
2018-03-25-16-59-19,"1","T1","titanic_survived_greedy_picking_euclidean_ic0.0_ip0.9_k10.json",{"0":1,"1":0,"2":0,"3":1,"5":1,"6":0,"7":0,"8":0,"9":0,"10":0}
2018-03-25-16-59-44,"1","T1","titanic_survived_greedy_picking_euclidean_ic0.0_ip0.9_k10.json",{"0":0,"1":0,"2":0,"3":0,"4":0,"5":0,"6":0,"7":0,"8":0,"9":0,"10":0,"11":0,"12":0,"18":0,"19":0,"20":0,"24":0,"43":0,"51":0,"53":0,"55":0,"68":0,"69":0,"72":0,"73":0,"75":0,"87":0,"94":0,"127":0,"135":0,"141":0,"142":0,"148":0,"204":0,"225":0,"257":0,"260":0,"268":0,"301":0,"452":0,"undefined":null}
2018-03-25-16-59-48,"1","T1","titanic_survived_greedy_picking_euclidean_ic0.0_ip0.9_k10.json",{"0":0,"1":0,"2":0,"3":0,"4":0,"5":1,"6":0,"7":0,"8":0,"9":0,"10":0,"11":0,"12":0,"18":0,"19":0,"20":0,"24":0,"43":0,"51":0,"53":0,"55":0,"68":0,"69":0,"72":0,"73":0,"75":0,"87":0,"94":0,"127":0,"135":0,"141":0,"142":0,"148":0,"204":0,"225":0,"257":0,"260":0,"268":0,"301":0,"452":0,"undefined":null}
2018-03-25-17-00-00,"1","T1","titanic_survived_greedy_picking_euclidean_ic0.0_ip0.9_k10.json",{"0":0,"1":0,"2":0,"3":0,"4":0,"5":2,"6":0,"7":0,"8":0,"9":0,"10":0,"11":0,"12":0,"18":0,"19":0,"20":0,"24":0,"43":0,"51":0,"53":0,"55":0,"68":0,"69":0,"72":0,"73":0,"75":0,"87":0,"94":0,"127":0,"135":0,"141":0,"142":0,"148":0,"204":0,"225":0,"257":0,"260":0,"268":0,"301":0,"452":0,"undefined":null}
2018-03-25-17-00-01,"1","T1","titanic_survived_greedy_picking_euclidean_ic0.0_ip0.9_k10.json",{"0":0,"1":0,"2":0,"3":0,"4":0,"5":3,"6":0,"7":0,"8":0,"9":0,"10":0,"11":0,"12":0,"18":0,"19":0,"20":0,"24":0,"43":0,"51":0,"53":0,"55":0,"68":0,"69":0,"72":0,"73":0,"75":0,"87":0,"94":0,"127":0,"135":0,"141":0,"142":0,"148":0,"204":0,"225":0,"257":0,"260":0,"268":0,"301":0,"452":0,"undefined":null}
2018-03-25-17-30-52,"1","T1","titanic_survived_greedy_picking_euclidean_ic0.0_ip0.9_k10.json",{"0":0,"1":0,"2":0,"3":0,"4":0,"5":0,"6":0,"7":0,"8":0,"9":0,"10":0,"11":0,"12":0,"18":0,"19":0,"20":0,"24":0,"43":0,"51":0,"53":0,"55":0,"68":0,"69":0,"72":0,"73":0,"75":0,"87":0,"94":0,"127":0,"135":0,"141":0,"142":0,"148":0,"204":0,"225":0,"257":0,"260":0,"268":0,"301":0,"452":0,"undefined":null}
2018-03-25-17-30-53,"1","T1","titanic_survived_greedy_picking_euclidean_ic0.0_ip0.9_k10.json",{"0":0,"1":0,"2":0,"3":0,"4":0,"5":0,"6":0,"7":0,"8":0,"9":0,"10":0,"11":0,"12":0,"18":0,"19":0,"20":0,"24":0,"43":0,"51":0,"53":0,"55":0,"68":0,"69":0,"72":0,"73":0,"75":0,"87":0,"94":0,"127":0,"135":0,"141":0,"142":0,"148":0,"204":0,"225":0,"257":0,"260":0,"268":0,"301":0,"452":0,"undefined":null}
2018-03-25-17-30-53,"1","T1","titanic_survived_greedy_picking_euclidean_ic0.0_ip0.9_k10.json",{"0":0,"1":0,"2":0,"3":0,"4":0,"5":0,"6":0,"7":0,"8":0,"9":0,"10":0,"11":0,"12":0,"18":0,"19":0,"20":0,"24":0,"43":0,"51":0,"53":0,"55":0,"68":0,"69":0,"72":0,"73":0,"75":0,"87":0,"94":0,"127":0,"135":0,"141":0,"142":0,"148":0,"204":0,"225":0,"257":0,"260":0,"268":0,"301":0,"452":0,"undefined":null}
2018-03-25-17-30-53,"1","T1","titanic_survived_greedy_picking_euclidean_ic0.0_ip0.9_k10.json",{"0":0,"1":0,"2":0,"3":0,"4":0,"5":0,"6":0,"7":0,"8":0,"9":0,"10":0,"11":0,"12":0,"18":0,"19":0,"20":0,"24":0,"43":0,"51":0,"53":0,"55":0,"68":0,"69":0,"72":0,"73":0,"75":0,"87":0,"94":0,"127":0,"135":0,"141":0,"142":0,"148":0,"204":0,"225":0,"257":0,"260":0,"268":0,"301":0,"452":0,"undefined":null}
2018-03-25-17-30-53,"1","T1","titanic_survived_greedy_picking_euclidean_ic0.0_ip0.9_k10.json",{"0":0,"1":0,"2":0,"3":0,"4":0,"5":0,"6":0,"7":0,"8":0,"9":0,"10":0,"11":0,"12":0,"18":0,"19":0,"20":0,"24":0,"43":0,"51":0,"53":0,"55":0,"68":0,"69":0,"72":0,"73":0,"75":0,"87":0,"94":0,"127":0,"135":0,"141":0,"142":0,"148":0,"204":0,"225":0,"257":0,"260":0,"268":0,"301":0,"452":0,"undefined":null}
2018-03-25-17-38-00,"1","T1","titanic_survived_greedy_picking_euclidean_ic0.0_ip0.9_k10.json",{"0":0,"1":0,"2":0,"3":0,"4":0,"5":0,"6":0,"7":0,"8":0,"9":0,"10":0,"11":0,"12":0,"18":0,"19":0,"20":0,"24":0,"43":0,"51":0,"53":0,"55":1,"68":0,"69":0,"72":0,"73":0,"75":0,"87":0,"94":0,"127":0,"135":0,"141":0,"142":0,"148":0,"204":0,"225":0,"257":0,"260":0,"268":0,"301":0,"452":0}
2018-03-25-17-38-01,"1","T1","titanic_survived_greedy_picking_euclidean_ic0.0_ip0.9_k10.json",{"0":0,"1":0,"2":0,"3":0,"4":0,"5":0,"6":0,"7":0,"8":0,"9":0,"10":0,"11":0,"12":0,"18":0,"19":0,"20":0,"24":0,"43":0,"51":0,"53":0,"55":2,"68":0,"69":0,"72":0,"73":0,"75":0,"87":0,"94":0,"127":0,"135":0,"141":0,"142":0,"148":0,"204":0,"225":0,"257":0,"260":0,"268":0,"301":0,"452":0}
2018-03-25-17-38-02,"1","T1","titanic_survived_greedy_picking_euclidean_ic0.0_ip0.9_k10.json",{"0":0,"1":0,"2":0,"3":0,"4":0,"5":0,"6":0,"7":0,"8":0,"9":0,"10":0,"11":0,"12":0,"18":0,"19":0,"20":0,"24":0,"43":0,"51":0,"53":0,"55":3,"68":0,"69":0,"72":0,"73":0,"75":0,"87":0,"94":0,"127":0,"135":0,"141":0,"142":0,"148":0,"204":0,"225":0,"257":0,"260":0,"268":0,"301":0,"452":0}
2018-03-25-17-38-03,"1","T1","titanic_survived_greedy_picking_euclidean_ic0.0_ip0.9_k10.json",{"0":0,"1":0,"2":0,"3":0,"4":0,"5":0,"6":0,"7":0,"8":0,"9":0,"10":0,"11":0,"12":0,"18":0,"19":0,"20":0,"24":0,"43":0,"51":0,"53":0,"55":1,"68":0,"69":0,"72":0,"73":0,"75":0,"87":0,"94":0,"127":0,"135":0,"141":0,"142":0,"148":0,"204":0,"225":0,"257":0,"260":0,"268":0,"301":0,"452":0}
2018-03-25-17-40-28,"1","T1","titanic_survived_greedy_picking_euclidean_ic0.0_ip0.9_k10.json",{"0":0,"1":0,"2":0,"3":0,"4":0,"5":0,"6":0,"7":0,"8":0,"9":0,"10":0,"11":0,"12":0,"18":0,"19":0,"20":0,"24":0,"43":0,"51":0,"53":0,"55":0,"68":0,"69":0,"72":0,"73":0,"75":0,"87":0,"94":0,"127":0,"135":0,"141":0,"142":0,"148":0,"204":0,"225":0,"257":0,"260":0,"268":0,"301":0,"452":0,"undefined":null}
2018-03-25-17-41-30,"1","T1","titanic_survived_greedy_picking_euclidean_ic0.0_ip0.9_k10.json",{"0":0,"1":0,"2":0,"3":0,"4":0,"5":0,"6":0,"7":0,"8":0,"9":0,"10":0,"11":0,"12":0,"18":0,"19":0,"20":0,"24":0,"43":0,"51":0,"53":0,"55":0,"68":0,"69":0,"72":0,"73":0,"75":0,"87":0,"94":0,"127":0,"135":0,"141":1,"142":0,"148":0,"204":0,"225":0,"257":0,"260":0,"268":0,"301":0,"452":0,"undefined":null}
2018-03-25-17-41-31,"1","T1","titanic_survived_greedy_picking_euclidean_ic0.0_ip0.9_k10.json",{"0":0,"1":0,"2":0,"3":0,"4":0,"5":0,"6":0,"7":0,"8":0,"9":0,"10":0,"11":0,"12":0,"18":0,"19":0,"20":0,"24":0,"43":0,"51":0,"53":0,"55":0,"68":0,"69":0,"72":0,"73":0,"75":0,"87":0,"94":0,"127":0,"135":0,"141":2,"142":0,"148":0,"204":0,"225":0,"257":0,"260":0,"268":0,"301":0,"452":0,"undefined":null}
2018-03-25-17-41-32,"1","T1","titanic_survived_greedy_picking_euclidean_ic0.0_ip0.9_k10.json",{"0":0,"1":0,"2":0,"3":0,"4":0,"5":0,"6":0,"7":0,"8":0,"9":0,"10":0,"11":0,"12":0,"18":0,"19":0,"20":0,"24":0,"43":0,"51":0,"53":0,"55":0,"68":0,"69":0,"72":0,"73":0,"75":0,"87":0,"94":0,"127":0,"135":0,"141":2,"142":0,"148":0,"204":0,"225":0,"257":0,"260":0,"268":0,"301":0,"452":0,"undefined":null}
2018-03-25-17-44-42,"1","T1","titanic_survived_greedy_picking_euclidean_ic0.0_ip0.9_k10.json",{"0":0,"1":0,"2":0,"3":0,"4":0,"5":0,"6":0,"7":0,"8":0,"9":0,"10":0,"11":0,"12":0,"18":0,"19":0,"20":0,"24":0,"43":0,"51":0,"53":0,"55":0,"68":0,"69":0,"72":0,"73":0,"75":0,"87":0,"94":0,"127":0,"135":0,"141":1,"142":0,"148":0,"204":0,"225":0,"257":0,"260":0,"268":0,"301":0,"452":0}
2018-03-25-17-44-42,"1","T1","titanic_survived_greedy_picking_euclidean_ic0.0_ip0.9_k10.json",{"0":0,"1":0,"2":0,"3":0,"4":0,"5":0,"6":0,"7":0,"8":0,"9":0,"10":0,"11":0,"12":0,"18":0,"19":0,"20":0,"24":0,"43":0,"51":0,"53":0,"55":0,"68":0,"69":0,"72":0,"73":0,"75":0,"87":0,"94":0,"127":0,"135":0,"141":2,"142":0,"148":0,"204":0,"225":0,"257":0,"260":0,"268":0,"301":0,"452":0}
2018-03-25-17-44-44,"1","T1","titanic_survived_greedy_picking_euclidean_ic0.0_ip0.9_k10.json",{"0":0,"1":0,"2":0,"3":0,"4":0,"5":0,"6":0,"7":0,"8":0,"9":0,"10":0,"11":0,"12":0,"18":0,"19":0,"20":0,"24":0,"43":0,"51":0,"53":0,"55":0,"68":0,"69":0,"72":0,"73":0,"75":0,"87":0,"94":0,"127":0,"135":0,"141":2,"142":0,"148":0,"204":0,"225":0,"257":0,"260":0,"268":0,"301":0,"452":0,"undefined":null}
2018-03-25-17-44-47,"1","T1","titanic_survived_greedy_picking_euclidean_ic0.0_ip0.9_k10.json",{"0":0,"1":0,"2":0,"3":0,"4":0,"5":0,"6":0,"7":0,"8":0,"9":0,"10":0,"11":0,"12":0,"18":0,"19":0,"20":0,"24":0,"43":0,"51":0,"53":0,"55":0,"68":0,"69":0,"72":0,"73":0,"75":0,"87":0,"94":0,"127":0,"135":0,"141":2,"142":0,"148":0,"204":0,"225":0,"257":0,"260":0,"268":0,"301":0,"452":0,"undefined":null}
2018-03-25-17-47-04,"1","T1","titanic_survived_greedy_picking_euclidean_ic0.0_ip0.9_k10.json",{"0":0,"1":0,"2":0,"3":0,"4":0,"5":0,"6":0,"7":0,"8":0,"9":0,"10":0,"11":0,"12":0,"18":0,"19":0,"20":0,"24":0,"43":0,"51":0,"53":0,"55":0,"68":0,"69":0,"72":0,"73":0,"75":0,"87":0,"94":0,"127":0,"135":0,"141":1,"142":0,"148":0,"204":0,"225":0,"257":0,"260":0,"268":0,"301":0,"452":0}
2018-03-25-17-47-04,"1","T1","titanic_survived_greedy_picking_euclidean_ic0.0_ip0.9_k10.json",{"0":0,"1":0,"2":0,"3":0,"4":0,"5":0,"6":0,"7":0,"8":0,"9":0,"10":0,"11":0,"12":0,"18":0,"19":0,"20":0,"24":0,"43":0,"51":0,"53":0,"55":0,"68":0,"69":0,"72":0,"73":0,"75":0,"87":0,"94":0,"127":0,"135":0,"141":2,"142":0,"148":0,"204":0,"225":0,"257":0,"260":0,"268":0,"301":0,"452":0}
2018-03-25-18-03-43,"1","T1","titanic_survived_greedy_picking_euclidean_ic0.0_ip0.9_k10.json",{"0":0,"1":0,"2":0,"3":0,"4":0,"5":0,"6":0,"7":0,"8":0,"9":0,"10":0,"11":0,"12":0,"18":0,"19":0,"20":0,"24":0,"43":0,"51":0,"53":0,"55":0,"68":0,"69":0,"72":0,"73":0,"75":0,"87":0,"94":0,"127":0,"135":0,"141":0,"142":0,"148":0,"204":0,"225":0,"257":0,"260":0,"268":0,"301":0,"452":0,"undefined":null}
2018-03-25-18-03-44,"1","T1","titanic_survived_greedy_picking_euclidean_ic0.0_ip0.9_k10.json",{"0":0,"1":0,"2":0,"3":1,"4":0,"5":0,"6":0,"7":0,"8":0,"9":0,"10":0,"11":0,"12":0,"18":0,"19":0,"20":0,"24":0,"43":0,"51":0,"53":0,"55":0,"68":0,"69":0,"72":0,"73":0,"75":0,"87":0,"94":0,"127":0,"135":0,"141":0,"142":0,"148":0,"204":0,"225":0,"257":0,"260":0,"268":0,"301":0,"452":0,"undefined":null}
2018-03-25-18-21-14,"1","T1","titanic_survived_greedy_picking_euclidean_ic0.0_ip0.9_k10.json",{"0":0,"1":0,"2":0,"3":1,"4":0,"5":0,"6":0,"7":0,"8":0,"9":0,"10":0,"11":0,"12":0,"18":0,"19":0,"20":0,"24":0,"43":0,"51":0,"53":0,"55":0,"68":0,"69":0,"72":0,"73":0,"75":0,"87":0,"94":0,"127":0,"135":0,"141":0,"142":0,"148":0,"204":0,"225":0,"257":0,"260":0,"268":0,"301":0,"452":0}
2018-03-25-18-21-53,"1","T1","titanic_survived_greedy_picking_euclidean_ic0.0_ip0.9_k10.json",{"0":0,"1":0,"2":0,"3":1,"4":0,"5":0,"6":0,"7":0,"8":0,"9":0,"10":0,"11":0,"12":0,"18":0,"19":0,"20":0,"24":0,"43":0,"51":0,"53":0,"55":0,"68":0,"69":0,"72":0,"73":0,"75":0,"87":0,"94":0,"127":0,"135":0,"141":0,"142":0,"148":0,"204":0,"225":0,"257":0,"260":0,"268":0,"301":0,"452":0,"undefined":null}
2018-03-25-18-36-09,"1","T1","titanic_survived_greedy_picking_euclidean_ic0.0_ip0.9_k10.json",{"0":0,"1":0,"2":0,"3":0,"4":0,"5":0,"6":0,"7":0,"8":0,"9":0,"10":0,"11":0,"12":0,"18":0,"19":0,"20":0,"24":0,"43":0,"51":0,"53":0,"55":0,"68":0,"69":0,"72":0,"73":0,"75":0,"87":0,"94":0,"127":0,"135":0,"141":0,"142":0,"148":0,"204":0,"225":0,"257":0,"260":0,"268":0,"301":0,"452":0,"undefined":null}
2018-03-25-18-36-13,"1","T1","titanic_survived_greedy_picking_euclidean_ic0.0_ip0.9_k10.json",{"0":0,"1":0,"2":0,"3":0,"4":0,"5":0,"6":0,"7":0,"8":0,"9":0,"10":0,"11":0,"12":0,"18":0,"19":0,"20":0,"24":0,"43":0,"51":0,"53":0,"55":0,"68":0,"69":0,"72":0,"73":0,"75":0,"87":0,"94":0,"127":0,"135":0,"141":0,"142":0,"148":0,"204":0,"225":0,"257":0,"260":0,"268":0,"301":0,"452":0,"undefined":null}
