2017-12-07-14-24-45,"default",{"0":1,"1":0,"2":0,"3":0,"4":0,"5":0,"6":0,"7":0,"8":0,"9":0,"10":0,"11":0}
2017-12-07-14-24-45,"default",{"0":2,"1":0,"2":0,"3":0,"4":0,"5":0,"6":0,"7":0,"8":0,"9":0,"10":0,"11":0}
2017-12-07-14-24-45,"default",{"0":3,"1":0,"2":0,"3":0,"4":0,"5":0,"6":0,"7":0,"8":0,"9":0,"10":0,"11":0}
2017-12-07-14-24-46,"default",{"0":3,"1":1,"2":0,"3":0,"4":0,"5":0,"6":0,"7":0,"8":0,"9":0,"10":0,"11":0}
2017-12-07-14-24-47,"default",{"0":3,"1":2,"2":0,"3":0,"4":0,"5":0,"6":0,"7":0,"8":0,"9":0,"10":0,"11":0}
2017-12-07-14-24-47,"default",{"0":3,"1":3,"2":0,"3":0,"4":0,"5":0,"6":0,"7":0,"8":0,"9":0,"10":0,"11":0}
2017-12-07-14-24-47,"default",{"0":3,"1":3,"2":1,"3":0,"4":0,"5":0,"6":0,"7":0,"8":0,"9":0,"10":0,"11":0}
2017-12-07-14-24-47,"default",{"0":3,"1":3,"2":2,"3":0,"4":0,"5":0,"6":0,"7":0,"8":0,"9":0,"10":0,"11":0}
2017-12-07-14-24-48,"default",{"0":3,"1":3,"2":3,"3":0,"4":0,"5":0,"6":0,"7":0,"8":0,"9":0,"10":0,"11":0}
2017-12-07-14-24-48,"default",{"0":3,"1":3,"2":3,"3":1,"4":0,"5":0,"6":0,"7":0,"8":0,"9":0,"10":0,"11":0}
2017-12-07-14-24-48,"default",{"0":3,"1":3,"2":3,"3":2,"4":0,"5":0,"6":0,"7":0,"8":0,"9":0,"10":0,"11":0}
2017-12-07-14-24-49,"default",{"0":3,"1":3,"2":3,"3":3,"4":0,"5":0,"6":0,"7":0,"8":0,"9":0,"10":0,"11":0}
2017-12-07-14-24-49,"default",{"0":3,"1":3,"2":3,"3":3,"4":1,"5":0,"6":0,"7":0,"8":0,"9":0,"10":0,"11":0}
2017-12-07-14-24-49,"default",{"0":3,"1":3,"2":3,"3":3,"4":2,"5":0,"6":0,"7":0,"8":0,"9":0,"10":0,"11":0}
2017-12-07-14-24-49,"default",{"0":3,"1":3,"2":3,"3":3,"4":3,"5":0,"6":0,"7":0,"8":0,"9":0,"10":0,"11":0}
2017-12-07-14-24-50,"default",{"0":3,"1":3,"2":3,"3":3,"4":3,"5":1,"6":0,"7":0,"8":0,"9":0,"10":0,"11":0}
2017-12-07-14-24-50,"default",{"0":3,"1":3,"2":3,"3":3,"4":3,"5":2,"6":0,"7":0,"8":0,"9":0,"10":0,"11":0}
2017-12-07-14-24-50,"default",{"0":3,"1":3,"2":3,"3":3,"4":3,"5":3,"6":0,"7":0,"8":0,"9":0,"10":0,"11":0}
2017-12-07-14-24-51,"default",{"0":3,"1":3,"2":3,"3":3,"4":3,"5":3,"6":0,"7":0,"8":0,"9":0,"10":0,"11":1}
2017-12-07-14-24-51,"default",{"0":3,"1":3,"2":3,"3":3,"4":3,"5":3,"6":0,"7":0,"8":0,"9":0,"10":0,"11":2}
2017-12-07-14-24-51,"default",{"0":3,"1":3,"2":3,"3":3,"4":3,"5":3,"6":0,"7":0,"8":0,"9":0,"10":0,"11":3}
2017-12-07-14-24-52,"default",{"0":3,"1":3,"2":3,"3":3,"4":3,"5":3,"6":0,"7":0,"8":0,"9":0,"10":0,"11":3,"undefined":null}
2017-12-07-14-24-52,"default",{"0":3,"1":3,"2":3,"3":3,"4":3,"5":3,"6":0,"7":0,"8":0,"9":0,"10":0,"11":3,"undefined":null}
2017-12-07-14-24-52,"default",{"0":3,"1":3,"2":3,"3":3,"4":3,"5":3,"6":0,"7":0,"8":0,"9":0,"10":1,"11":3,"undefined":null}
2017-12-07-14-24-52,"default",{"0":3,"1":3,"2":3,"3":3,"4":3,"5":3,"6":0,"7":0,"8":0,"9":0,"10":2,"11":3,"undefined":null}
2017-12-07-14-24-52,"default",{"0":3,"1":3,"2":3,"3":3,"4":3,"5":3,"6":0,"7":0,"8":0,"9":0,"10":3,"11":3,"undefined":null}
2017-12-07-14-24-53,"default",{"0":3,"1":3,"2":3,"3":3,"4":3,"5":3,"6":0,"7":0,"8":0,"9":1,"10":3,"11":3,"undefined":null}
2017-12-07-14-24-53,"default",{"0":3,"1":3,"2":3,"3":3,"4":3,"5":3,"6":0,"7":0,"8":0,"9":2,"10":3,"11":3,"undefined":null}
2017-12-07-14-24-53,"default",{"0":3,"1":3,"2":3,"3":3,"4":3,"5":3,"6":0,"7":0,"8":0,"9":3,"10":3,"11":3,"undefined":null}
2017-12-07-14-24-54,"default",{"0":3,"1":3,"2":3,"3":3,"4":3,"5":3,"6":0,"7":0,"8":0,"9":3,"10":3,"11":3,"undefined":null}
2017-12-07-14-24-54,"default",{"0":3,"1":3,"2":3,"3":3,"4":3,"5":3,"6":0,"7":0,"8":0,"9":3,"10":3,"11":3,"undefined":null}
2017-12-07-14-24-54,"default",{"0":3,"1":3,"2":3,"3":3,"4":3,"5":3,"6":0,"7":0,"8":0,"9":3,"10":3,"11":3,"undefined":null}
2017-12-07-14-24-55,"default",{"0":3,"1":3,"2":3,"3":3,"4":3,"5":3,"6":0,"7":0,"8":1,"9":3,"10":3,"11":3,"undefined":null}
2017-12-07-14-24-55,"default",{"0":3,"1":3,"2":3,"3":3,"4":3,"5":3,"6":0,"7":0,"8":2,"9":3,"10":3,"11":3,"undefined":null}
2017-12-07-14-24-55,"default",{"0":3,"1":3,"2":3,"3":3,"4":3,"5":3,"6":0,"7":0,"8":3,"9":3,"10":3,"11":3,"undefined":null}
2017-12-07-14-24-55,"default",{"0":3,"1":3,"2":3,"3":3,"4":3,"5":3,"6":0,"7":1,"8":3,"9":3,"10":3,"11":3,"undefined":null}
2017-12-07-14-24-56,"default",{"0":3,"1":3,"2":3,"3":3,"4":3,"5":3,"6":0,"7":2,"8":3,"9":3,"10":3,"11":3,"undefined":null}
2017-12-07-14-24-56,"default",{"0":3,"1":3,"2":3,"3":3,"4":3,"5":3,"6":0,"7":3,"8":3,"9":3,"10":3,"11":3,"undefined":null}
2017-12-07-14-24-56,"default",{"0":3,"1":3,"2":3,"3":3,"4":3,"5":3,"6":1,"7":3,"8":3,"9":3,"10":3,"11":3,"undefined":null}
2017-12-07-14-24-56,"default",{"0":3,"1":3,"2":3,"3":3,"4":3,"5":3,"6":2,"7":3,"8":3,"9":3,"10":3,"11":3,"undefined":null}
2017-12-07-14-24-57,"default",{"0":3,"1":3,"2":3,"3":3,"4":3,"5":3,"6":3,"7":3,"8":3,"9":3,"10":3,"11":3,"undefined":null}
2017-12-07-14-25-12,"mushroom_type_frontierGreedy_euclidean_ic0.2_ip0.1_k20.json",{"0":0,"1":0,"2":0,"3":0,"4":0,"5":1,"6":0,"7":0,"8":0,"9":0,"10":0,"11":0,"12":0,"13":0,"14":0,"15":0,"16":0,"17":0,"undefined":null}
2017-12-07-14-25-14,"mushroom_type_frontierGreedy_euclidean_ic0.2_ip0.1_k20.json",{"0":0,"1":0,"2":0,"3":0,"4":1,"5":1,"6":0,"7":0,"8":0,"9":0,"10":0,"11":0,"12":0,"13":0,"14":0,"15":0,"16":0,"17":0,"undefined":null}
2017-12-07-14-25-14,"mushroom_type_frontierGreedy_euclidean_ic0.2_ip0.1_k20.json",{"0":0,"1":0,"2":0,"3":1,"4":1,"5":1,"6":0,"7":0,"8":0,"9":0,"10":0,"11":0,"12":0,"13":0,"14":0,"15":0,"16":0,"17":0,"undefined":null}
2017-12-07-14-25-15,"mushroom_type_frontierGreedy_euclidean_ic0.2_ip0.1_k20.json",{"0":0,"1":0,"2":0,"3":1,"4":1,"5":2,"6":0,"7":0,"8":0,"9":0,"10":0,"11":0,"12":0,"13":0,"14":0,"15":0,"16":0,"17":0,"undefined":null}
2017-12-07-14-25-15,"mushroom_type_frontierGreedy_euclidean_ic0.2_ip0.1_k20.json",{"0":0,"1":0,"2":0,"3":1,"4":2,"5":2,"6":0,"7":0,"8":0,"9":0,"10":0,"11":0,"12":0,"13":0,"14":0,"15":0,"16":0,"17":0,"undefined":null}
2017-12-07-14-25-16,"mushroom_type_frontierGreedy_euclidean_ic0.2_ip0.1_k20.json",{"0":0,"1":0,"2":0,"3":2,"4":2,"5":2,"6":0,"7":0,"8":0,"9":0,"10":0,"11":0,"12":0,"13":0,"14":0,"15":0,"16":0,"17":0,"undefined":null}
2017-12-07-14-25-24,"mushroom_type_frontierGreedy_euclidean_ic0.2_ip0.1_k20.json",{"0":0,"1":0,"2":0,"3":2,"4":2,"5":3,"6":0,"7":0,"8":0,"9":0,"10":0,"11":0,"12":0,"13":0,"14":0,"15":0,"16":0,"17":0,"undefined":null}
2017-12-07-14-25-27,"mushroom_type_frontierGreedy_euclidean_ic0.2_ip0.1_k20.json",{"0":0,"1":0,"2":0,"3":2,"4":2,"5":3,"6":0,"7":0,"8":0,"9":0,"10":0,"11":0,"12":0,"13":0,"14":0,"15":0,"16":0,"17":0,"undefined":null}
2017-12-07-14-25-29,"mushroom_type_frontierGreedy_euclidean_ic0.2_ip0.1_k20.json",{"0":0,"1":0,"2":0,"3":2,"4":2,"5":3,"6":0,"7":0,"8":0,"9":0,"10":0,"11":0,"12":0,"13":0,"14":0,"15":0,"16":0,"17":0,"undefined":null}
2017-12-07-14-25-29,"mushroom_type_frontierGreedy_euclidean_ic0.2_ip0.1_k20.json",{"0":0,"1":0,"2":0,"3":2,"4":2,"5":3,"6":0,"7":0,"8":0,"9":0,"10":0,"11":0,"12":0,"13":0,"14":0,"15":0,"16":0,"17":0,"undefined":null}
2017-12-07-14-25-32,"mushroom_type_frontierGreedy_euclidean_ic0.2_ip0.1_k20.json",{"0":0,"1":0,"2":0,"3":2,"4":2,"5":3,"6":0,"7":0,"8":0,"9":0,"10":0,"11":0,"12":0,"13":0,"14":0,"15":0,"16":0,"17":0,"undefined":null}
2017-12-07-14-25-36,"mushroom_type_frontierGreedy_euclidean_ic0.2_ip0.1_k20.json",{"0":0,"1":0,"2":0,"3":2,"4":2,"5":1,"6":0,"7":0,"8":0,"9":0,"10":0,"11":0,"12":0,"13":0,"14":0,"15":0,"16":0,"17":0,"undefined":null}
2017-12-07-14-25-37,"mushroom_type_frontierGreedy_euclidean_ic0.2_ip0.1_k20.json",{"0":0,"1":0,"2":0,"3":3,"4":2,"5":1,"6":0,"7":0,"8":0,"9":0,"10":0,"11":0,"12":0,"13":0,"14":0,"15":0,"16":0,"17":0,"undefined":null}
2017-12-07-14-25-39,"mushroom_type_frontierGreedy_euclidean_ic0.2_ip0.1_k20.json",{"0":0,"1":0,"2":0,"3":3,"4":2,"5":2,"6":0,"7":0,"8":0,"9":0,"10":0,"11":0,"12":0,"13":0,"14":0,"15":0,"16":0,"17":0,"undefined":null}
2017-12-07-14-25-40,"mushroom_type_frontierGreedy_euclidean_ic0.2_ip0.1_k20.json",{"0":0,"1":0,"2":0,"3":1,"4":2,"5":2,"6":0,"7":0,"8":0,"9":0,"10":0,"11":0,"12":0,"13":0,"14":0,"15":0,"16":0,"17":0,"undefined":null}
2017-12-07-14-25-41,"mushroom_type_frontierGreedy_euclidean_ic0.2_ip0.1_k20.json",{"0":0,"1":0,"2":0,"3":1,"4":2,"5":3,"6":0,"7":0,"8":0,"9":0,"10":0,"11":0,"12":0,"13":0,"14":0,"15":0,"16":0,"17":0,"undefined":null}
2017-12-07-14-25-42,"mushroom_type_frontierGreedy_euclidean_ic0.2_ip0.1_k20.json",{"0":0,"1":0,"2":0,"3":2,"4":2,"5":3,"6":0,"7":0,"8":0,"9":0,"10":0,"11":0,"12":0,"13":0,"14":0,"15":0,"16":0,"17":0,"undefined":null}
2017-12-07-14-25-43,"mushroom_type_frontierGreedy_euclidean_ic0.2_ip0.1_k20.json",{"0":0,"1":0,"2":0,"3":2,"4":2,"5":1,"6":0,"7":0,"8":0,"9":0,"10":0,"11":0,"12":0,"13":0,"14":0,"15":0,"16":0,"17":0,"undefined":null}
2017-12-07-14-25-44,"mushroom_type_frontierGreedy_euclidean_ic0.2_ip0.1_k20.json",{"0":0,"1":0,"2":0,"3":3,"4":2,"5":1,"6":0,"7":0,"8":0,"9":0,"10":0,"11":0,"12":0,"13":0,"14":0,"15":0,"16":0,"17":0,"undefined":null}
2017-12-07-14-25-46,"mushroom_type_frontierGreedy_euclidean_ic0.2_ip0.1_k20.json",{"0":0,"1":0,"2":0,"3":3,"4":2,"5":2,"6":0,"7":0,"8":0,"9":0,"10":0,"11":0,"12":0,"13":0,"14":0,"15":0,"16":0,"17":0,"undefined":null}
2017-12-07-14-25-52,"mushroom_type_frontierGreedy_euclidean_ic0.2_ip0.1_k20.json",{"0":0,"1":0,"2":0,"3":1,"4":2,"5":2,"6":0,"7":0,"8":0,"9":0,"10":0,"11":0,"12":0,"13":0,"14":0,"15":0,"16":0,"17":0,"undefined":null}
2017-12-07-14-26-09,"mushroom_type_frontierGreedy_euclidean_ic0.2_ip0.1_k20.json",{"0":0,"1":0,"2":0,"3":1,"4":2,"5":3,"6":0,"7":0,"8":0,"9":0,"10":0,"11":0,"12":0,"13":0,"14":0,"15":0,"16":0,"17":0,"undefined":null}
2017-12-07-14-26-10,"mushroom_type_frontierGreedy_euclidean_ic0.2_ip0.1_k20.json",{"0":0,"1":0,"2":0,"3":2,"4":2,"5":3,"6":0,"7":0,"8":0,"9":0,"10":0,"11":0,"12":0,"13":0,"14":0,"15":0,"16":0,"17":0,"undefined":null}
2017-12-07-14-26-11,"mushroom_type_frontierGreedy_euclidean_ic0.2_ip0.1_k20.json",{"0":0,"1":0,"2":0,"3":2,"4":2,"5":1,"6":0,"7":0,"8":0,"9":0,"10":0,"11":0,"12":0,"13":0,"14":0,"15":0,"16":0,"17":0,"undefined":null}
2017-12-07-14-26-11,"mushroom_type_frontierGreedy_euclidean_ic0.2_ip0.1_k20.json",{"0":0,"1":0,"2":0,"3":3,"4":2,"5":1,"6":0,"7":0,"8":0,"9":0,"10":0,"11":0,"12":0,"13":0,"14":0,"15":0,"16":0,"17":0,"undefined":null}
2017-12-07-14-26-12,"mushroom_type_frontierGreedy_euclidean_ic0.2_ip0.1_k20.json",{"0":0,"1":0,"2":0,"3":3,"4":2,"5":2,"6":0,"7":0,"8":0,"9":0,"10":0,"11":0,"12":0,"13":0,"14":0,"15":0,"16":0,"17":0,"undefined":null}
2017-12-07-14-26-13,"mushroom_type_frontierGreedy_euclidean_ic0.2_ip0.1_k20.json",{"0":0,"1":0,"2":0,"3":1,"4":2,"5":2,"6":0,"7":0,"8":0,"9":0,"10":0,"11":0,"12":0,"13":0,"14":0,"15":0,"16":0,"17":0,"undefined":null}
2017-12-07-14-26-13,"mushroom_type_frontierGreedy_euclidean_ic0.2_ip0.1_k20.json",{"0":0,"1":0,"2":0,"3":1,"4":2,"5":3,"6":0,"7":0,"8":0,"9":0,"10":0,"11":0,"12":0,"13":0,"14":0,"15":0,"16":0,"17":0,"undefined":null}
2017-12-07-14-26-14,"mushroom_type_frontierGreedy_euclidean_ic0.2_ip0.1_k20.json",{"0":0,"1":0,"2":0,"3":2,"4":2,"5":3,"6":0,"7":0,"8":0,"9":0,"10":0,"11":0,"12":0,"13":0,"14":0,"15":0,"16":0,"17":0,"undefined":null}
2017-12-07-14-26-14,"mushroom_type_frontierGreedy_euclidean_ic0.2_ip0.1_k20.json",{"0":0,"1":0,"2":0,"3":2,"4":2,"5":1,"6":0,"7":0,"8":0,"9":0,"10":0,"11":0,"12":0,"13":0,"14":0,"15":0,"16":0,"17":0,"undefined":null}
2017-12-07-14-26-15,"mushroom_type_frontierGreedy_euclidean_ic0.2_ip0.1_k20.json",{"0":0,"1":0,"2":0,"3":3,"4":2,"5":1,"6":0,"7":0,"8":0,"9":0,"10":0,"11":0,"12":0,"13":0,"14":0,"15":0,"16":0,"17":0,"undefined":null}
2017-12-07-14-26-19,"mushroom_type_frontierGreedy_euclidean_ic0.2_ip0.1_k20.json",{"0":0,"1":0,"2":0,"3":3,"4":2,"5":2,"6":0,"7":0,"8":0,"9":0,"10":0,"11":0,"12":0,"13":0,"14":0,"15":0,"16":0,"17":0,"undefined":null}
2017-12-07-14-26-26,"mushroom_type_frontierGreedy_euclidean_ic0.2_ip0.1_k20.json",{"0":0,"1":0,"2":0,"3":1,"4":2,"5":2,"6":0,"7":0,"8":0,"9":0,"10":0,"11":0,"12":0,"13":0,"14":0,"15":0,"16":0,"17":0,"undefined":null}
2017-12-07-14-26-31,"mushroom_type_frontierGreedy_euclidean_ic0.2_ip0.1_k20.json",{"0":0,"1":0,"2":0,"3":1,"4":2,"5":3,"6":0,"7":0,"8":0,"9":0,"10":0,"11":0,"12":0,"13":0,"14":0,"15":0,"16":0,"17":0,"undefined":null}
2017-12-07-14-26-33,"mushroom_type_frontierGreedy_euclidean_ic0.2_ip0.1_k20.json",{"0":0,"1":0,"2":0,"3":2,"4":2,"5":3,"6":0,"7":0,"8":0,"9":0,"10":0,"11":0,"12":0,"13":0,"14":0,"15":0,"16":0,"17":0,"undefined":null}
2017-12-07-14-26-34,"mushroom_type_frontierGreedy_euclidean_ic0.2_ip0.1_k20.json",{"0":0,"1":0,"2":0,"3":2,"4":2,"5":1,"6":0,"7":0,"8":0,"9":0,"10":0,"11":0,"12":0,"13":0,"14":0,"15":0,"16":0,"17":0,"undefined":null}
2017-12-07-14-26-35,"mushroom_type_frontierGreedy_euclidean_ic0.2_ip0.1_k20.json",{"0":0,"1":0,"2":0,"3":3,"4":2,"5":1,"6":0,"7":0,"8":0,"9":0,"10":0,"11":0,"12":0,"13":0,"14":0,"15":0,"16":0,"17":0,"undefined":null}
2017-12-07-14-26-36,"mushroom_type_frontierGreedy_euclidean_ic0.2_ip0.1_k20.json",{"0":0,"1":0,"2":0,"3":3,"4":2,"5":2,"6":0,"7":0,"8":0,"9":0,"10":0,"11":0,"12":0,"13":0,"14":0,"15":0,"16":0,"17":0,"undefined":null}
2017-12-07-14-26-37,"mushroom_type_frontierGreedy_euclidean_ic0.2_ip0.1_k20.json",{"0":0,"1":0,"2":0,"3":1,"4":2,"5":2,"6":0,"7":0,"8":0,"9":0,"10":0,"11":0,"12":0,"13":0,"14":0,"15":0,"16":0,"17":0,"undefined":null}
2017-12-07-14-26-37,"mushroom_type_frontierGreedy_euclidean_ic0.2_ip0.1_k20.json",{"0":0,"1":0,"2":0,"3":1,"4":2,"5":3,"6":0,"7":0,"8":0,"9":0,"10":0,"11":0,"12":0,"13":0,"14":0,"15":0,"16":0,"17":0,"undefined":null}
2017-12-07-14-26-38,"mushroom_type_frontierGreedy_euclidean_ic0.2_ip0.1_k20.json",{"0":0,"1":0,"2":0,"3":2,"4":2,"5":3,"6":0,"7":0,"8":0,"9":0,"10":0,"11":0,"12":0,"13":0,"14":0,"15":0,"16":0,"17":0,"undefined":null}
2017-12-07-14-26-38,"mushroom_type_frontierGreedy_euclidean_ic0.2_ip0.1_k20.json",{"0":0,"1":0,"2":0,"3":2,"4":2,"5":1,"6":0,"7":0,"8":0,"9":0,"10":0,"11":0,"12":0,"13":0,"14":0,"15":0,"16":0,"17":0,"undefined":null}
2017-12-07-14-26-39,"mushroom_type_frontierGreedy_euclidean_ic0.2_ip0.1_k20.json",{"0":0,"1":0,"2":0,"3":3,"4":2,"5":1,"6":0,"7":0,"8":0,"9":0,"10":0,"11":0,"12":0,"13":0,"14":0,"15":0,"16":0,"17":0,"undefined":null}
2017-12-07-14-26-39,"mushroom_type_frontierGreedy_euclidean_ic0.2_ip0.1_k20.json",{"0":0,"1":0,"2":0,"3":3,"4":2,"5":2,"6":0,"7":0,"8":0,"9":0,"10":0,"11":0,"12":0,"13":0,"14":0,"15":0,"16":0,"17":0,"undefined":null}
2017-12-07-14-26-39,"mushroom_type_frontierGreedy_euclidean_ic0.2_ip0.1_k20.json",{"0":0,"1":0,"2":0,"3":1,"4":2,"5":2,"6":0,"7":0,"8":0,"9":0,"10":0,"11":0,"12":0,"13":0,"14":0,"15":0,"16":0,"17":0,"undefined":null}
2017-12-07-14-26-39,"mushroom_type_frontierGreedy_euclidean_ic0.2_ip0.1_k20.json",{"0":0,"1":0,"2":0,"3":1,"4":2,"5":3,"6":0,"7":0,"8":0,"9":0,"10":0,"11":0,"12":0,"13":0,"14":0,"15":0,"16":0,"17":0,"undefined":null}
2017-12-07-14-26-39,"mushroom_type_frontierGreedy_euclidean_ic0.2_ip0.1_k20.json",{"0":0,"1":0,"2":0,"3":2,"4":2,"5":3,"6":0,"7":0,"8":0,"9":0,"10":0,"11":0,"12":0,"13":0,"14":0,"15":0,"16":0,"17":0,"undefined":null}
2017-12-07-14-26-40,"mushroom_type_frontierGreedy_euclidean_ic0.2_ip0.1_k20.json",{"0":0,"1":0,"2":0,"3":2,"4":2,"5":1,"6":0,"7":0,"8":0,"9":0,"10":0,"11":0,"12":0,"13":0,"14":0,"15":0,"16":0,"17":0,"undefined":null}
2017-12-07-14-26-40,"mushroom_type_frontierGreedy_euclidean_ic0.2_ip0.1_k20.json",{"0":0,"1":0,"2":0,"3":3,"4":2,"5":1,"6":0,"7":0,"8":0,"9":0,"10":0,"11":0,"12":0,"13":0,"14":0,"15":0,"16":0,"17":0,"undefined":null}
2017-12-07-14-26-40,"mushroom_type_frontierGreedy_euclidean_ic0.2_ip0.1_k20.json",{"0":0,"1":0,"2":0,"3":3,"4":2,"5":2,"6":0,"7":0,"8":0,"9":0,"10":0,"11":0,"12":0,"13":0,"14":0,"15":0,"16":0,"17":0,"undefined":null}
2017-12-07-14-26-40,"mushroom_type_frontierGreedy_euclidean_ic0.2_ip0.1_k20.json",{"0":0,"1":0,"2":0,"3":1,"4":2,"5":2,"6":0,"7":0,"8":0,"9":0,"10":0,"11":0,"12":0,"13":0,"14":0,"15":0,"16":0,"17":0,"undefined":null}
2017-12-07-14-26-40,"mushroom_type_frontierGreedy_euclidean_ic0.2_ip0.1_k20.json",{"0":0,"1":0,"2":0,"3":1,"4":2,"5":3,"6":0,"7":0,"8":0,"9":0,"10":0,"11":0,"12":0,"13":0,"14":0,"15":0,"16":0,"17":0,"undefined":null}
2017-12-07-14-26-40,"mushroom_type_frontierGreedy_euclidean_ic0.2_ip0.1_k20.json",{"0":0,"1":0,"2":0,"3":2,"4":2,"5":3,"6":0,"7":0,"8":0,"9":0,"10":0,"11":0,"12":0,"13":0,"14":0,"15":0,"16":0,"17":0,"undefined":null}
2017-12-07-14-26-41,"mushroom_type_frontierGreedy_euclidean_ic0.2_ip0.1_k20.json",{"0":0,"1":0,"2":0,"3":2,"4":2,"5":1,"6":0,"7":0,"8":0,"9":0,"10":0,"11":0,"12":0,"13":0,"14":0,"15":0,"16":0,"17":0,"undefined":null}
2017-12-07-14-26-41,"mushroom_type_frontierGreedy_euclidean_ic0.2_ip0.1_k20.json",{"0":0,"1":0,"2":0,"3":3,"4":2,"5":1,"6":0,"7":0,"8":0,"9":0,"10":0,"11":0,"12":0,"13":0,"14":0,"15":0,"16":0,"17":0,"undefined":null}
2017-12-07-14-26-42,"mushroom_type_frontierGreedy_euclidean_ic0.2_ip0.1_k20.json",{"0":0,"1":0,"2":0,"3":3,"4":2,"5":2,"6":0,"7":0,"8":0,"9":0,"10":0,"11":0,"12":0,"13":0,"14":0,"15":0,"16":0,"17":0,"undefined":null}
2017-12-07-14-26-43,"mushroom_type_frontierGreedy_euclidean_ic0.2_ip0.1_k20.json",{"0":0,"1":0,"2":0,"3":1,"4":2,"5":2,"6":0,"7":0,"8":0,"9":0,"10":0,"11":0,"12":0,"13":0,"14":0,"15":0,"16":0,"17":0,"undefined":null}
2017-12-07-14-26-44,"mushroom_type_frontierGreedy_euclidean_ic0.2_ip0.1_k20.json",{"0":0,"1":0,"2":0,"3":1,"4":2,"5":3,"6":0,"7":0,"8":0,"9":0,"10":0,"11":0,"12":0,"13":0,"14":0,"15":0,"16":0,"17":0,"undefined":null}
2017-12-07-14-26-45,"mushroom_type_frontierGreedy_euclidean_ic0.2_ip0.1_k20.json",{"0":0,"1":0,"2":0,"3":2,"4":2,"5":3,"6":0,"7":0,"8":0,"9":0,"10":0,"11":0,"12":0,"13":0,"14":0,"15":0,"16":0,"17":0,"undefined":null}
2017-12-07-14-26-46,"mushroom_type_frontierGreedy_euclidean_ic0.2_ip0.1_k20.json",{"0":0,"1":0,"2":0,"3":2,"4":2,"5":1,"6":0,"7":0,"8":0,"9":0,"10":0,"11":0,"12":0,"13":0,"14":0,"15":0,"16":0,"17":0,"undefined":null}
2017-12-07-14-26-49,"mushroom_type_frontierGreedy_euclidean_ic0.2_ip0.1_k20.json",{"0":0,"1":0,"2":0,"3":2,"4":3,"5":1,"6":0,"7":0,"8":0,"9":0,"10":0,"11":0,"12":0,"13":0,"14":0,"15":0,"16":0,"17":0,"undefined":null}
2017-12-07-14-26-50,"mushroom_type_frontierGreedy_euclidean_ic0.2_ip0.1_k20.json",{"0":0,"1":0,"2":0,"3":3,"4":3,"5":1,"6":0,"7":0,"8":0,"9":0,"10":0,"11":0,"12":0,"13":0,"14":0,"15":0,"16":0,"17":0,"undefined":null}
2017-12-07-14-26-51,"mushroom_type_frontierGreedy_euclidean_ic0.2_ip0.1_k20.json",{"0":0,"1":0,"2":0,"3":3,"4":3,"5":2,"6":0,"7":0,"8":0,"9":0,"10":0,"11":0,"12":0,"13":0,"14":0,"15":0,"16":0,"17":0,"undefined":null}
2017-12-07-14-26-51,"mushroom_type_frontierGreedy_euclidean_ic0.2_ip0.1_k20.json",{"0":0,"1":0,"2":0,"3":3,"4":1,"5":2,"6":0,"7":0,"8":0,"9":0,"10":0,"11":0,"12":0,"13":0,"14":0,"15":0,"16":0,"17":0,"undefined":null}
2017-12-07-14-26-52,"mushroom_type_frontierGreedy_euclidean_ic0.2_ip0.1_k20.json",{"0":0,"1":0,"2":0,"3":1,"4":1,"5":2,"6":0,"7":0,"8":0,"9":0,"10":0,"11":0,"12":0,"13":0,"14":0,"15":0,"16":0,"17":0,"undefined":null}
2017-12-07-14-26-53,"mushroom_type_frontierGreedy_euclidean_ic0.2_ip0.1_k20.json",{"0":0,"1":0,"2":0,"3":1,"4":1,"5":3,"6":0,"7":0,"8":0,"9":0,"10":0,"11":0,"12":0,"13":0,"14":0,"15":0,"16":0,"17":0,"undefined":null}
2017-12-07-14-26-54,"mushroom_type_frontierGreedy_euclidean_ic0.2_ip0.1_k20.json",{"0":0,"1":0,"2":0,"3":1,"4":2,"5":3,"6":0,"7":0,"8":0,"9":0,"10":0,"11":0,"12":0,"13":0,"14":0,"15":0,"16":0,"17":0,"undefined":null}
2017-12-07-14-28-30,"mushroom_type_frontierGreedy_euclidean_ic0.2_ip0.1_k20.json",{"0":0,"1":0,"2":0,"3":0,"4":0,"5":1,"6":0,"7":0,"8":0,"9":0,"10":0,"11":0,"12":0,"13":0,"14":0,"15":0,"16":0,"17":0}
2017-12-07-14-28-36,"mushroom_type_frontierGreedy_euclidean_ic0.2_ip0.1_k20.json",{"0":0,"1":0,"2":0,"3":0,"4":1,"5":1,"6":0,"7":0,"8":0,"9":0,"10":0,"11":0,"12":0,"13":0,"14":0,"15":0,"16":0,"17":0}
2017-12-07-14-28-37,"mushroom_type_frontierGreedy_euclidean_ic0.2_ip0.1_k20.json",{"0":0,"1":0,"2":0,"3":1,"4":1,"5":1,"6":0,"7":0,"8":0,"9":0,"10":0,"11":0,"12":0,"13":0,"14":0,"15":0,"16":0,"17":0}
2017-12-07-14-28-47,"mushroom_type_frontierGreedy_euclidean_ic0.2_ip0.1_k20.json",{"0":0,"1":0,"2":0,"3":1,"4":1,"5":1,"6":0,"7":0,"8":0,"9":0,"10":0,"11":0,"12":0,"13":0,"14":0,"15":0,"16":0,"17":0,"undefined":null}
2017-12-07-14-28-48,"mushroom_type_frontierGreedy_euclidean_ic0.2_ip0.1_k20.json",{"0":0,"1":0,"2":0,"3":1,"4":1,"5":1,"6":0,"7":0,"8":0,"9":0,"10":0,"11":0,"12":0,"13":0,"14":0,"15":0,"16":0,"17":0,"undefined":null}
2017-12-07-14-28-49,"mushroom_type_frontierGreedy_euclidean_ic0.2_ip0.1_k20.json",{"0":0,"1":0,"2":0,"3":1,"4":1,"5":1,"6":0,"7":0,"8":0,"9":0,"10":0,"11":0,"12":0,"13":0,"14":0,"15":0,"16":0,"17":0,"undefined":null}
2017-12-07-14-28-49,"mushroom_type_frontierGreedy_euclidean_ic0.2_ip0.1_k20.json",{"0":0,"1":0,"2":1,"3":1,"4":1,"5":1,"6":0,"7":0,"8":0,"9":0,"10":0,"11":0,"12":0,"13":0,"14":0,"15":0,"16":0,"17":0,"undefined":null}
2017-12-07-14-28-51,"mushroom_type_frontierGreedy_euclidean_ic0.2_ip0.1_k20.json",{"0":0,"1":0,"2":1,"3":1,"4":1,"5":2,"6":0,"7":0,"8":0,"9":0,"10":0,"11":0,"12":0,"13":0,"14":0,"15":0,"16":0,"17":0,"undefined":null}
2017-12-07-14-28-52,"mushroom_type_frontierGreedy_euclidean_ic0.2_ip0.1_k20.json",{"0":0,"1":0,"2":1,"3":1,"4":2,"5":2,"6":0,"7":0,"8":0,"9":0,"10":0,"11":0,"12":0,"13":0,"14":0,"15":0,"16":0,"17":0,"undefined":null}
2017-12-07-14-29-51,"mushroom_type_frontierGreedy_euclidean_ic0.2_ip0.1_k20.json",{"0":0,"1":0,"2":1,"3":1,"4":2,"5":3,"6":0,"7":0,"8":0,"9":0,"10":0,"11":0,"12":0,"13":0,"14":0,"15":0,"16":0,"17":0,"undefined":null}
2017-12-07-14-29-52,"mushroom_type_frontierGreedy_euclidean_ic0.2_ip0.1_k20.json",{"0":0,"1":0,"2":1,"3":1,"4":3,"5":3,"6":0,"7":0,"8":0,"9":0,"10":0,"11":0,"12":0,"13":0,"14":0,"15":0,"16":0,"17":0,"undefined":null}
2017-12-07-14-44-09,"mushroom_type_frontierGreedy_euclidean_ic0.2_ip0.1_k20.json",{"0":0,"1":0,"2":2,"3":1,"4":3,"5":3,"6":0,"7":0,"8":0,"9":0,"10":0,"11":0,"12":0,"13":0,"14":0,"15":0,"16":0,"17":0,"undefined":null}
2017-12-07-14-44-24,"mushroom_type_frontierGreedy_euclidean_ic0.2_ip0.1_k20.json",{"0":0,"1":0,"2":2,"3":1,"4":3,"5":1,"6":0,"7":0,"8":0,"9":0,"10":0,"11":0,"12":0,"13":0,"14":0,"15":0,"16":0,"17":0,"undefined":null}
2017-12-07-14-44-26,"mushroom_type_frontierGreedy_euclidean_ic0.2_ip0.1_k20.json",{"0":0,"1":0,"2":2,"3":1,"4":1,"5":1,"6":0,"7":0,"8":0,"9":0,"10":0,"11":0,"12":0,"13":0,"14":0,"15":0,"16":0,"17":0,"undefined":null}
2017-12-07-14-44-50,"mushroom_type_frontierGreedy_euclidean_ic0.2_ip0.1_k20.json",{"0":0,"1":0,"2":3,"3":1,"4":1,"5":1,"6":0,"7":0,"8":0,"9":0,"10":0,"11":0,"12":0,"13":0,"14":0,"15":0,"16":0,"17":0,"undefined":null}
2017-12-07-14-44-57,"mushroom_type_frontierGreedy_euclidean_ic0.2_ip0.1_k20.json",{"0":0,"1":0,"2":3,"3":1,"4":1,"5":2,"6":0,"7":0,"8":0,"9":0,"10":0,"11":0,"12":0,"13":0,"14":0,"15":0,"16":0,"17":0,"undefined":null}
2017-12-07-14-44-59,"mushroom_type_frontierGreedy_euclidean_ic0.2_ip0.1_k20.json",{"0":0,"1":0,"2":3,"3":1,"4":2,"5":2,"6":0,"7":0,"8":0,"9":0,"10":0,"11":0,"12":0,"13":0,"14":0,"15":0,"16":0,"17":0,"undefined":null}
2017-12-07-14-45-01,"mushroom_type_frontierGreedy_euclidean_ic0.2_ip0.1_k20.json",{"0":0,"1":0,"2":1,"3":1,"4":2,"5":2,"6":0,"7":0,"8":0,"9":0,"10":0,"11":0,"12":0,"13":0,"14":0,"15":0,"16":0,"17":0,"undefined":null}
2017-12-07-14-45-02,"mushroom_type_frontierGreedy_euclidean_ic0.2_ip0.1_k20.json",{"0":0,"1":0,"2":1,"3":1,"4":2,"5":3,"6":0,"7":0,"8":0,"9":0,"10":0,"11":0,"12":0,"13":0,"14":0,"15":0,"16":0,"17":0,"undefined":null}
2017-12-07-14-45-03,"mushroom_type_frontierGreedy_euclidean_ic0.2_ip0.1_k20.json",{"0":0,"1":0,"2":1,"3":1,"4":3,"5":3,"6":0,"7":0,"8":0,"9":0,"10":0,"11":0,"12":0,"13":0,"14":0,"15":0,"16":0,"17":0,"undefined":null}
2017-12-07-14-49-57,"default",{"0":1,"1":0,"2":0,"3":0,"4":0,"5":0,"6":0,"7":0,"8":0,"9":0,"10":0,"11":0}
2017-12-07-14-49-57,"default",{"0":2,"1":0,"2":0,"3":0,"4":0,"5":0,"6":0,"7":0,"8":0,"9":0,"10":0,"11":0}
2017-12-07-14-49-58,"default",{"0":3,"1":0,"2":0,"3":0,"4":0,"5":0,"6":0,"7":0,"8":0,"9":0,"10":0,"11":0}
2017-12-07-14-49-59,"default",{"0":1,"1":0,"2":0,"3":0,"4":0,"5":0,"6":0,"7":0,"8":0,"9":0,"10":0,"11":0}
2017-12-07-14-49-59,"default",{"0":2,"1":0,"2":0,"3":0,"4":0,"5":0,"6":0,"7":0,"8":0,"9":0,"10":0,"11":0}
2017-12-07-14-49-59,"default",{"0":3,"1":0,"2":0,"3":0,"4":0,"5":0,"6":0,"7":0,"8":0,"9":0,"10":0,"11":0}
2017-12-07-14-50-00,"default",{"0":1,"1":0,"2":0,"3":0,"4":0,"5":0,"6":0,"7":0,"8":0,"9":0,"10":0,"11":0}
2017-12-07-14-50-00,"default",{"0":2,"1":0,"2":0,"3":0,"4":0,"5":0,"6":0,"7":0,"8":0,"9":0,"10":0,"11":0}
2017-12-07-14-50-00,"default",{"0":3,"1":0,"2":0,"3":0,"4":0,"5":0,"6":0,"7":0,"8":0,"9":0,"10":0,"11":0}
2017-12-07-14-50-00,"default",{"0":1,"1":0,"2":0,"3":0,"4":0,"5":0,"6":0,"7":0,"8":0,"9":0,"10":0,"11":0}
2017-12-07-14-50-01,"default",{"0":2,"1":0,"2":0,"3":0,"4":0,"5":0,"6":0,"7":0,"8":0,"9":0,"10":0,"11":0}
2017-12-07-14-50-02,"default",{"0":3,"1":0,"2":0,"3":0,"4":0,"5":0,"6":0,"7":0,"8":0,"9":0,"10":0,"11":0}
2017-12-07-14-50-03,"default",{"0":1,"1":0,"2":0,"3":0,"4":0,"5":0,"6":0,"7":0,"8":0,"9":0,"10":0,"11":0}
2017-12-07-14-50-04,"default",{"0":2,"1":0,"2":0,"3":0,"4":0,"5":0,"6":0,"7":0,"8":0,"9":0,"10":0,"11":0}
2017-12-07-14-50-04,"default",{"0":2,"1":0,"2":0,"3":0,"4":0,"5":0,"6":0,"7":0,"8":0,"9":0,"10":0,"11":0,"undefined":null}
2017-12-07-14-50-06,"default",{"0":2,"1":0,"2":0,"3":0,"4":0,"5":0,"6":0,"7":0,"8":0,"9":0,"10":0,"11":0,"undefined":null}
2017-12-07-14-50-06,"default",{"0":3,"1":0,"2":0,"3":0,"4":0,"5":0,"6":0,"7":0,"8":0,"9":0,"10":0,"11":0,"undefined":null}
2017-12-07-14-50-07,"default",{"0":3,"1":0,"2":0,"3":0,"4":0,"5":0,"6":0,"7":0,"8":0,"9":0,"10":0,"11":0,"undefined":null}
2017-12-07-14-50-08,"default",{"0":1,"1":0,"2":0,"3":0,"4":0,"5":0,"6":0,"7":0,"8":0,"9":0,"10":0,"11":0,"undefined":null}
2017-12-07-14-50-09,"default",{"0":1,"1":0,"2":0,"3":1,"4":0,"5":0,"6":0,"7":0,"8":0,"9":0,"10":0,"11":0,"undefined":null}
2017-12-07-14-50-10,"default",{"0":1,"1":0,"2":0,"3":2,"4":0,"5":0,"6":0,"7":0,"8":0,"9":0,"10":0,"11":0,"undefined":null}
2017-12-07-14-50-11,"default",{"0":1,"1":0,"2":0,"3":2,"4":0,"5":0,"6":0,"7":0,"8":0,"9":0,"10":0,"11":0,"undefined":null}
2017-12-07-14-50-12,"default",{"0":2,"1":0,"2":0,"3":2,"4":0,"5":0,"6":0,"7":0,"8":0,"9":0,"10":0,"11":0,"undefined":null}
2017-12-07-14-50-13,"default",{"0":2,"1":0,"2":0,"3":2,"4":0,"5":0,"6":0,"7":0,"8":0,"9":0,"10":0,"11":0,"undefined":null}
2017-12-07-14-50-14,"default",{"0":2,"1":0,"2":1,"3":2,"4":0,"5":0,"6":0,"7":0,"8":0,"9":0,"10":0,"11":0,"undefined":null}
2017-12-07-14-50-14,"default",{"0":2,"1":0,"2":1,"3":2,"4":0,"5":0,"6":0,"7":0,"8":0,"9":0,"10":0,"11":0,"undefined":null}
2017-12-07-14-50-16,"default",{"0":2,"1":0,"2":2,"3":2,"4":0,"5":0,"6":0,"7":0,"8":0,"9":0,"10":0,"11":0,"undefined":null}
2017-12-07-14-50-16,"default",{"0":2,"1":0,"2":3,"3":2,"4":0,"5":0,"6":0,"7":0,"8":0,"9":0,"10":0,"11":0,"undefined":null}
2017-12-07-14-50-17,"default",{"0":2,"1":0,"2":1,"3":2,"4":0,"5":0,"6":0,"7":0,"8":0,"9":0,"10":0,"11":0,"undefined":null}
2017-12-07-14-50-17,"default",{"0":2,"1":0,"2":1,"3":2,"4":1,"5":0,"6":0,"7":0,"8":0,"9":0,"10":0,"11":0,"undefined":null}
2017-12-07-14-50-18,"default",{"0":2,"1":0,"2":1,"3":2,"4":2,"5":0,"6":0,"7":0,"8":0,"9":0,"10":0,"11":0,"undefined":null}
2017-12-07-14-50-19,"default",{"0":2,"1":0,"2":1,"3":2,"4":3,"5":0,"6":0,"7":0,"8":0,"9":0,"10":0,"11":0,"undefined":null}
2017-12-07-14-50-20,"default",{"0":2,"1":0,"2":1,"3":2,"4":3,"5":1,"6":0,"7":0,"8":0,"9":0,"10":0,"11":0,"undefined":null}
2017-12-07-14-50-21,"default",{"0":2,"1":0,"2":1,"3":2,"4":3,"5":2,"6":0,"7":0,"8":0,"9":0,"10":0,"11":0,"undefined":null}
2017-12-07-14-50-21,"default",{"0":2,"1":0,"2":1,"3":2,"4":3,"5":3,"6":0,"7":0,"8":0,"9":0,"10":0,"11":0,"undefined":null}
2017-12-07-14-50-23,"default",{"0":2,"1":0,"2":1,"3":2,"4":3,"5":3,"6":0,"7":0,"8":0,"9":0,"10":1,"11":0,"undefined":null}
2017-12-07-14-50-24,"default",{"0":3,"1":0,"2":1,"3":2,"4":3,"5":3,"6":0,"7":0,"8":0,"9":0,"10":1,"11":0,"undefined":null}
2017-12-07-14-50-25,"default",{"0":3,"1":0,"2":2,"3":2,"4":3,"5":3,"6":0,"7":0,"8":0,"9":0,"10":1,"11":0,"undefined":null}
2017-12-07-14-50-26,"default",{"0":3,"1":0,"2":3,"3":2,"4":3,"5":3,"6":0,"7":0,"8":0,"9":0,"10":1,"11":0,"undefined":null}
2017-12-07-14-50-26,"default",{"0":3,"1":0,"2":3,"3":3,"4":3,"5":3,"6":0,"7":0,"8":0,"9":0,"10":1,"11":0,"undefined":null}
2017-12-07-14-50-27,"default",{"0":3,"1":0,"2":3,"3":1,"4":3,"5":3,"6":0,"7":0,"8":0,"9":0,"10":1,"11":0,"undefined":null}
2017-12-07-14-50-33,"default",{"0":3,"1":0,"2":3,"3":1,"4":3,"5":3,"6":0,"7":0,"8":0,"9":0,"10":1,"11":0,"undefined":null}
2017-12-07-14-50-46,"mushroom_type_frontierGreedy_euclidean_ic0.2_ip0.1_k20.json",{"0":0,"1":0,"2":1,"3":0,"4":0,"5":0,"6":0,"7":0,"8":0,"9":0,"10":0,"11":0,"12":0,"13":0,"14":0,"15":0,"16":0,"17":0,"undefined":null}
2017-12-07-14-50-47,"mushroom_type_frontierGreedy_euclidean_ic0.2_ip0.1_k20.json",{"0":0,"1":0,"2":1,"3":0,"4":0,"5":0,"6":0,"7":0,"8":0,"9":0,"10":0,"11":0,"12":0,"13":0,"14":0,"15":0,"16":0,"17":0,"undefined":null}
2017-12-07-14-50-49,"mushroom_type_frontierGreedy_euclidean_ic0.2_ip0.1_k20.json",{"0":0,"1":0,"2":2,"3":0,"4":0,"5":0,"6":0,"7":0,"8":0,"9":0,"10":0,"11":0,"12":0,"13":0,"14":0,"15":0,"16":0,"17":0,"undefined":null}
2017-12-07-14-50-50,"mushroom_type_frontierGreedy_euclidean_ic0.2_ip0.1_k20.json",{"0":0,"1":0,"2":2,"3":0,"4":0,"5":0,"6":0,"7":0,"8":0,"9":0,"10":0,"11":0,"12":0,"13":0,"14":0,"15":0,"16":0,"17":0,"undefined":null}
2017-12-07-14-51-26,"mushroom_type_frontierGreedy_euclidean_ic0.2_ip0.1_k20.json",{"0":0,"1":0,"2":3,"3":0,"4":0,"5":0,"6":0,"7":0,"8":0,"9":0,"10":0,"11":0,"12":0,"13":0,"14":0,"15":0,"16":0,"17":0,"undefined":null}
2017-12-07-14-51-26,"mushroom_type_frontierGreedy_euclidean_ic0.2_ip0.1_k20.json",{"0":0,"1":0,"2":1,"3":0,"4":0,"5":0,"6":0,"7":0,"8":0,"9":0,"10":0,"11":0,"12":0,"13":0,"14":0,"15":0,"16":0,"17":0,"undefined":null}
2017-12-07-14-51-31,"mushroom_type_frontierGreedy_euclidean_ic0.2_ip0.1_k20.json",{"0":0,"1":0,"2":1,"3":0,"4":0,"5":0,"6":0,"7":0,"8":0,"9":0,"10":0,"11":0,"12":0,"13":0,"14":0,"15":0,"16":0,"17":0,"undefined":null}
2017-12-07-14-51-32,"mushroom_type_frontierGreedy_euclidean_ic0.2_ip0.1_k20.json",{"0":0,"1":0,"2":1,"3":0,"4":0,"5":1,"6":0,"7":0,"8":0,"9":0,"10":0,"11":0,"12":0,"13":0,"14":0,"15":0,"16":0,"17":0,"undefined":null}
2017-12-07-14-51-33,"mushroom_type_frontierGreedy_euclidean_ic0.2_ip0.1_k20.json",{"0":0,"1":0,"2":1,"3":0,"4":0,"5":2,"6":0,"7":0,"8":0,"9":0,"10":0,"11":0,"12":0,"13":0,"14":0,"15":0,"16":0,"17":0,"undefined":null}
2017-12-07-14-51-34,"mushroom_type_frontierGreedy_euclidean_ic0.2_ip0.1_k20.json",{"0":0,"1":0,"2":1,"3":0,"4":1,"5":2,"6":0,"7":0,"8":0,"9":0,"10":0,"11":0,"12":0,"13":0,"14":0,"15":0,"16":0,"17":0,"undefined":null}
2017-12-07-14-51-35,"mushroom_type_frontierGreedy_euclidean_ic0.2_ip0.1_k20.json",{"0":0,"1":0,"2":1,"3":0,"4":2,"5":2,"6":0,"7":0,"8":0,"9":0,"10":0,"11":0,"12":0,"13":0,"14":0,"15":0,"16":0,"17":0,"undefined":null}
2017-12-07-14-51-36,"mushroom_type_frontierGreedy_euclidean_ic0.2_ip0.1_k20.json",{"0":0,"1":0,"2":1,"3":0,"4":3,"5":2,"6":0,"7":0,"8":0,"9":0,"10":0,"11":0,"12":0,"13":0,"14":0,"15":0,"16":0,"17":0,"undefined":null}
2017-12-07-14-51-39,"mushroom_type_frontierGreedy_euclidean_ic0.2_ip0.1_k20.json",{"0":0,"1":0,"2":2,"3":0,"4":3,"5":2,"6":0,"7":0,"8":0,"9":0,"10":0,"11":0,"12":0,"13":0,"14":0,"15":0,"16":0,"17":0,"undefined":null}
2017-12-07-14-51-39,"mushroom_type_frontierGreedy_euclidean_ic0.2_ip0.1_k20.json",{"0":0,"1":0,"2":3,"3":0,"4":3,"5":2,"6":0,"7":0,"8":0,"9":0,"10":0,"11":0,"12":0,"13":0,"14":0,"15":0,"16":0,"17":0,"undefined":null}
2017-12-07-14-51-41,"mushroom_type_frontierGreedy_euclidean_ic0.2_ip0.1_k20.json",{"0":0,"1":0,"2":1,"3":0,"4":3,"5":2,"6":0,"7":0,"8":0,"9":0,"10":0,"11":0,"12":0,"13":0,"14":0,"15":0,"16":0,"17":0,"undefined":null}
2017-12-07-14-51-42,"mushroom_type_frontierGreedy_euclidean_ic0.2_ip0.1_k20.json",{"0":0,"1":0,"2":2,"3":0,"4":3,"5":2,"6":0,"7":0,"8":0,"9":0,"10":0,"11":0,"12":0,"13":0,"14":0,"15":0,"16":0,"17":0,"undefined":null}
2017-12-07-14-51-43,"mushroom_type_frontierGreedy_euclidean_ic0.2_ip0.1_k20.json",{"0":0,"1":0,"2":3,"3":0,"4":3,"5":2,"6":0,"7":0,"8":0,"9":0,"10":0,"11":0,"12":0,"13":0,"14":0,"15":0,"16":0,"17":0,"undefined":null}
2017-12-07-14-51-44,"mushroom_type_frontierGreedy_euclidean_ic0.2_ip0.1_k20.json",{"0":0,"1":0,"2":3,"3":0,"4":3,"5":2,"6":0,"7":1,"8":0,"9":0,"10":0,"11":0,"12":0,"13":0,"14":0,"15":0,"16":0,"17":0,"undefined":null}
2017-12-07-14-51-44,"mushroom_type_frontierGreedy_euclidean_ic0.2_ip0.1_k20.json",{"0":0,"1":0,"2":3,"3":0,"4":3,"5":2,"6":0,"7":2,"8":0,"9":0,"10":0,"11":0,"12":0,"13":0,"14":0,"15":0,"16":0,"17":0,"undefined":null}
2017-12-07-14-51-45,"mushroom_type_frontierGreedy_euclidean_ic0.2_ip0.1_k20.json",{"0":0,"1":0,"2":3,"3":0,"4":3,"5":2,"6":0,"7":3,"8":0,"9":0,"10":0,"11":0,"12":0,"13":0,"14":0,"15":0,"16":0,"17":0,"undefined":null}
2017-12-07-14-51-50,"mushroom_type_frontierGreedy_euclidean_ic0.2_ip0.1_k20.json",{"0":0,"1":0,"2":3,"3":0,"4":3,"5":2,"6":0,"7":3,"8":0,"9":0,"10":0,"11":0,"12":0,"13":0,"14":0,"15":0,"16":0,"17":0,"undefined":null}
2017-12-07-14-51-55,"mushroom_type_frontierGreedy_euclidean_ic0.2_ip0.1_k20.json",{"0":0,"1":0,"2":3,"3":1,"4":3,"5":2,"6":0,"7":3,"8":0,"9":0,"10":0,"11":0,"12":0,"13":0,"14":0,"15":0,"16":0,"17":0,"undefined":null}
2017-12-07-14-51-57,"mushroom_type_frontierGreedy_euclidean_ic0.2_ip0.1_k20.json",{"0":0,"1":0,"2":3,"3":1,"4":3,"5":2,"6":0,"7":3,"8":0,"9":0,"10":0,"11":0,"12":0,"13":0,"14":0,"15":0,"16":0,"17":0,"undefined":null}
2017-12-07-14-52-07,"mushroom_type_frontierGreedy_euclidean_ic0.2_ip0.1_k20.json",{"0":0,"1":0,"2":3,"3":1,"4":3,"5":2,"6":0,"7":3,"8":0,"9":0,"10":0,"11":1,"12":0,"13":0,"14":0,"15":0,"16":0,"17":0,"undefined":null}
2017-12-07-14-52-07,"mushroom_type_frontierGreedy_euclidean_ic0.2_ip0.1_k20.json",{"0":0,"1":0,"2":3,"3":1,"4":3,"5":2,"6":0,"7":3,"8":0,"9":0,"10":0,"11":2,"12":0,"13":0,"14":0,"15":0,"16":0,"17":0,"undefined":null}
2017-12-07-14-52-09,"mushroom_type_frontierGreedy_euclidean_ic0.2_ip0.1_k20.json",{"0":0,"1":0,"2":3,"3":1,"4":3,"5":2,"6":0,"7":3,"8":0,"9":0,"10":0,"11":3,"12":0,"13":0,"14":0,"15":0,"16":0,"17":0,"undefined":null}
2017-12-07-14-52-18,"mushroom_type_frontierGreedy_euclidean_ic0.2_ip0.1_k20.json",{"0":0,"1":0,"2":3,"3":1,"4":3,"5":2,"6":0,"7":3,"8":0,"9":0,"10":0,"11":3,"12":0,"13":0,"14":0,"15":0,"16":0,"17":0,"undefined":null}
2017-12-07-14-52-19,"mushroom_type_frontierGreedy_euclidean_ic0.2_ip0.1_k20.json",{"0":0,"1":1,"2":3,"3":1,"4":3,"5":2,"6":0,"7":3,"8":0,"9":0,"10":0,"11":3,"12":0,"13":0,"14":0,"15":0,"16":0,"17":0,"undefined":null}
2017-12-07-14-52-20,"mushroom_type_frontierGreedy_euclidean_ic0.2_ip0.1_k20.json",{"0":0,"1":2,"2":3,"3":1,"4":3,"5":2,"6":0,"7":3,"8":0,"9":0,"10":0,"11":3,"12":0,"13":0,"14":0,"15":0,"16":0,"17":0,"undefined":null}
2017-12-07-14-52-22,"mushroom_type_frontierGreedy_euclidean_ic0.2_ip0.1_k20.json",{"0":0,"1":3,"2":3,"3":1,"4":3,"5":2,"6":0,"7":3,"8":0,"9":0,"10":0,"11":3,"12":0,"13":0,"14":0,"15":0,"16":0,"17":0,"undefined":null}
2017-12-07-14-52-22,"mushroom_type_frontierGreedy_euclidean_ic0.2_ip0.1_k20.json",{"0":0,"1":3,"2":3,"3":1,"4":3,"5":2,"6":0,"7":3,"8":0,"9":0,"10":0,"11":3,"12":0,"13":0,"14":0,"15":0,"16":0,"17":0,"undefined":null}
2017-12-07-14-52-26,"mushroom_type_frontierGreedy_euclidean_ic0.2_ip0.1_k20.json",{"0":0,"1":3,"2":3,"3":1,"4":3,"5":2,"6":0,"7":3,"8":0,"9":0,"10":0,"11":3,"12":1,"13":0,"14":0,"15":0,"16":0,"17":0,"undefined":null}
2017-12-07-14-52-26,"mushroom_type_frontierGreedy_euclidean_ic0.2_ip0.1_k20.json",{"0":0,"1":3,"2":3,"3":1,"4":3,"5":2,"6":0,"7":3,"8":0,"9":0,"10":0,"11":3,"12":2,"13":0,"14":0,"15":0,"16":0,"17":0,"undefined":null}
2017-12-07-14-52-28,"mushroom_type_frontierGreedy_euclidean_ic0.2_ip0.1_k20.json",{"0":0,"1":3,"2":3,"3":1,"4":3,"5":2,"6":0,"7":3,"8":0,"9":0,"10":0,"11":3,"12":3,"13":0,"14":0,"15":0,"16":0,"17":0,"undefined":null}
2017-12-07-14-52-29,"mushroom_type_frontierGreedy_euclidean_ic0.2_ip0.1_k20.json",{"0":0,"1":3,"2":3,"3":1,"4":3,"5":2,"6":0,"7":3,"8":0,"9":0,"10":0,"11":3,"12":3,"13":0,"14":0,"15":0,"16":0,"17":0,"undefined":null}
2017-12-07-14-52-39,"turn_has-list-fn_frontierGreedy_euclidean_ic0.0_ip0.1_k30.json",{"0":0,"1":3,"2":3,"3":0,"4":3,"5":2,"6":0,"7":3,"8":0,"9":0,"10":0,"11":3,"12":0,"13":0,"14":0,"15":0,"16":0,"17":0,"44":0,"48":0,"52":0,"58":0,"62":1,"66":0,"74":0,"78":0,"84":0,"92":0,"96":0,"230":0,"267":0,"282":0,"311":0,"328":0,"343":0,"621":0,"732":0,"786":0,"821":0,"1252":0,"1264":0,"undefined":null}
2017-12-07-14-52-39,"turn_has-list-fn_frontierGreedy_euclidean_ic0.0_ip0.1_k30.json",{"0":0,"1":3,"2":3,"3":0,"4":3,"5":2,"6":0,"7":3,"8":0,"9":0,"10":0,"11":3,"12":0,"13":0,"14":0,"15":0,"16":0,"17":0,"44":0,"48":0,"52":0,"58":0,"62":2,"66":0,"74":0,"78":0,"84":0,"92":0,"96":0,"230":0,"267":0,"282":0,"311":0,"328":0,"343":0,"621":0,"732":0,"786":0,"821":0,"1252":0,"1264":0,"undefined":null}
2017-12-07-14-52-40,"turn_has-list-fn_frontierGreedy_euclidean_ic0.0_ip0.1_k30.json",{"0":0,"1":3,"2":3,"3":0,"4":3,"5":2,"6":0,"7":3,"8":0,"9":0,"10":0,"11":3,"12":0,"13":0,"14":0,"15":0,"16":0,"17":0,"44":0,"48":0,"52":0,"58":0,"62":3,"66":0,"74":0,"78":0,"84":0,"92":0,"96":0,"230":0,"267":0,"282":0,"311":0,"328":0,"343":0,"621":0,"732":0,"786":0,"821":0,"1252":0,"1264":0,"undefined":null}
2017-12-07-14-52-41,"turn_has-list-fn_frontierGreedy_euclidean_ic0.0_ip0.1_k30.json",{"0":0,"1":3,"2":3,"3":0,"4":3,"5":2,"6":0,"7":3,"8":0,"9":0,"10":0,"11":3,"12":0,"13":0,"14":0,"15":0,"16":0,"17":0,"44":0,"48":0,"52":0,"58":0,"62":3,"66":0,"74":0,"78":0,"84":0,"92":0,"96":0,"230":0,"267":0,"282":0,"311":1,"328":0,"343":0,"621":0,"732":0,"786":0,"821":0,"1252":0,"1264":0,"undefined":null}
2017-12-07-14-52-42,"turn_has-list-fn_frontierGreedy_euclidean_ic0.0_ip0.1_k30.json",{"0":0,"1":3,"2":3,"3":0,"4":3,"5":2,"6":0,"7":3,"8":0,"9":0,"10":0,"11":3,"12":0,"13":0,"14":0,"15":0,"16":0,"17":0,"44":0,"48":0,"52":0,"58":0,"62":3,"66":0,"74":0,"78":0,"84":0,"92":0,"96":0,"230":0,"267":0,"282":0,"311":2,"328":0,"343":0,"621":0,"732":0,"786":0,"821":0,"1252":0,"1264":0,"undefined":null}
2017-12-07-14-52-42,"turn_has-list-fn_frontierGreedy_euclidean_ic0.0_ip0.1_k30.json",{"0":0,"1":3,"2":3,"3":0,"4":3,"5":2,"6":0,"7":3,"8":0,"9":0,"10":0,"11":3,"12":0,"13":0,"14":0,"15":0,"16":0,"17":0,"44":0,"48":0,"52":0,"58":0,"62":3,"66":0,"74":0,"78":0,"84":0,"92":0,"96":0,"230":0,"267":0,"282":0,"311":3,"328":0,"343":0,"621":0,"732":0,"786":0,"821":0,"1252":0,"1264":0,"undefined":null}
2017-12-07-14-52-43,"turn_has-list-fn_frontierGreedy_euclidean_ic0.0_ip0.1_k30.json",{"0":1,"1":3,"2":3,"3":0,"4":3,"5":2,"6":0,"7":3,"8":0,"9":0,"10":0,"11":3,"12":0,"13":0,"14":0,"15":0,"16":0,"17":0,"44":0,"48":0,"52":0,"58":0,"62":3,"66":0,"74":0,"78":0,"84":0,"92":0,"96":0,"230":0,"267":0,"282":0,"311":3,"328":0,"343":0,"621":0,"732":0,"786":0,"821":0,"1252":0,"1264":0,"undefined":null}
2017-12-07-14-52-44,"turn_has-list-fn_frontierGreedy_euclidean_ic0.0_ip0.1_k30.json",{"0":2,"1":3,"2":3,"3":0,"4":3,"5":2,"6":0,"7":3,"8":0,"9":0,"10":0,"11":3,"12":0,"13":0,"14":0,"15":0,"16":0,"17":0,"44":0,"48":0,"52":0,"58":0,"62":3,"66":0,"74":0,"78":0,"84":0,"92":0,"96":0,"230":0,"267":0,"282":0,"311":3,"328":0,"343":0,"621":0,"732":0,"786":0,"821":0,"1252":0,"1264":0,"undefined":null}
2017-12-07-14-52-45,"turn_has-list-fn_frontierGreedy_euclidean_ic0.0_ip0.1_k30.json",{"0":3,"1":3,"2":3,"3":0,"4":3,"5":2,"6":0,"7":3,"8":0,"9":0,"10":0,"11":3,"12":0,"13":0,"14":0,"15":0,"16":0,"17":0,"44":0,"48":0,"52":0,"58":0,"62":3,"66":0,"74":0,"78":0,"84":0,"92":0,"96":0,"230":0,"267":0,"282":0,"311":3,"328":0,"343":0,"621":0,"732":0,"786":0,"821":0,"1252":0,"1264":0,"undefined":null}
2017-12-07-14-52-47,"turn_has-list-fn_frontierGreedy_euclidean_ic0.0_ip0.1_k30.json",{"0":3,"1":3,"2":3,"3":0,"4":3,"5":2,"6":0,"7":3,"8":0,"9":0,"10":0,"11":3,"12":0,"13":0,"14":0,"15":0,"16":0,"17":0,"44":0,"48":0,"52":0,"58":0,"62":3,"66":0,"74":0,"78":0,"84":0,"92":0,"96":0,"230":0,"267":0,"282":0,"311":3,"328":0,"343":0,"621":0,"732":0,"786":0,"821":0,"1252":0,"1264":0,"undefined":null}
2017-12-07-14-52-48,"turn_has-list-fn_frontierGreedy_euclidean_ic0.0_ip0.1_k30.json",{"0":3,"1":3,"2":3,"3":0,"4":3,"5":2,"6":0,"7":3,"8":0,"9":0,"10":0,"11":3,"12":0,"13":0,"14":0,"15":0,"16":0,"17":0,"44":0,"48":0,"52":0,"58":0,"62":3,"66":0,"74":0,"78":0,"84":0,"92":0,"96":0,"230":0,"267":0,"282":0,"311":3,"328":0,"343":0,"621":0,"732":0,"786":0,"821":0,"1252":0,"1264":0,"undefined":null}
2017-12-07-14-52-48,"turn_has-list-fn_frontierGreedy_euclidean_ic0.0_ip0.1_k30.json",{"0":3,"1":3,"2":3,"3":0,"4":3,"5":2,"6":0,"7":3,"8":0,"9":0,"10":0,"11":3,"12":0,"13":0,"14":0,"15":0,"16":0,"17":0,"44":0,"48":0,"52":0,"58":0,"62":3,"66":0,"74":0,"78":0,"84":0,"92":0,"96":0,"230":0,"267":0,"282":0,"311":3,"328":0,"343":0,"621":0,"732":0,"786":0,"821":0,"1252":0,"1264":0,"undefined":null}
2017-12-07-14-52-50,"turn_has-list-fn_frontierGreedy_euclidean_ic0.0_ip0.1_k30.json",{"0":3,"1":3,"2":3,"3":0,"4":3,"5":2,"6":0,"7":3,"8":0,"9":0,"10":0,"11":3,"12":0,"13":0,"14":0,"15":0,"16":0,"17":0,"44":0,"48":0,"52":0,"58":0,"62":3,"66":0,"74":0,"78":0,"84":0,"92":0,"96":0,"230":0,"267":0,"282":0,"311":3,"328":0,"343":0,"621":0,"732":0,"786":0,"821":0,"1252":0,"1264":0,"undefined":null}
2017-12-07-14-52-51,"turn_has-list-fn_frontierGreedy_euclidean_ic0.0_ip0.1_k30.json",{"0":3,"1":3,"2":3,"3":0,"4":3,"5":2,"6":0,"7":3,"8":0,"9":0,"10":0,"11":3,"12":0,"13":1,"14":0,"15":0,"16":0,"17":0,"44":0,"48":0,"52":0,"58":0,"62":3,"66":0,"74":0,"78":0,"84":0,"92":0,"96":0,"230":0,"267":0,"282":0,"311":3,"328":0,"343":0,"621":0,"732":0,"786":0,"821":0,"1252":0,"1264":0,"undefined":null}
2017-12-07-14-52-51,"turn_has-list-fn_frontierGreedy_euclidean_ic0.0_ip0.1_k30.json",{"0":3,"1":3,"2":3,"3":0,"4":3,"5":2,"6":0,"7":3,"8":0,"9":0,"10":0,"11":3,"12":0,"13":2,"14":0,"15":0,"16":0,"17":0,"44":0,"48":0,"52":0,"58":0,"62":3,"66":0,"74":0,"78":0,"84":0,"92":0,"96":0,"230":0,"267":0,"282":0,"311":3,"328":0,"343":0,"621":0,"732":0,"786":0,"821":0,"1252":0,"1264":0,"undefined":null}
2017-12-07-14-52-52,"turn_has-list-fn_frontierGreedy_euclidean_ic0.0_ip0.1_k30.json",{"0":3,"1":3,"2":3,"3":0,"4":3,"5":2,"6":0,"7":3,"8":0,"9":0,"10":0,"11":3,"12":0,"13":3,"14":0,"15":0,"16":0,"17":0,"44":0,"48":0,"52":0,"58":0,"62":3,"66":0,"74":0,"78":0,"84":0,"92":0,"96":0,"230":0,"267":0,"282":0,"311":3,"328":0,"343":0,"621":0,"732":0,"786":0,"821":0,"1252":0,"1264":0,"undefined":null}
2017-12-07-14-52-53,"turn_has-list-fn_frontierGreedy_euclidean_ic0.0_ip0.1_k30.json",{"0":3,"1":3,"2":3,"3":0,"4":3,"5":2,"6":0,"7":3,"8":0,"9":0,"10":0,"11":3,"12":0,"13":3,"14":0,"15":0,"16":0,"17":0,"44":0,"48":0,"52":0,"58":0,"62":3,"66":0,"74":1,"78":0,"84":0,"92":0,"96":0,"230":0,"267":0,"282":0,"311":3,"328":0,"343":0,"621":0,"732":0,"786":0,"821":0,"1252":0,"1264":0,"undefined":null}
2017-12-07-14-52-54,"turn_has-list-fn_frontierGreedy_euclidean_ic0.0_ip0.1_k30.json",{"0":3,"1":3,"2":3,"3":0,"4":3,"5":2,"6":0,"7":3,"8":0,"9":0,"10":0,"11":3,"12":0,"13":3,"14":0,"15":0,"16":0,"17":0,"44":0,"48":0,"52":0,"58":0,"62":3,"66":0,"74":2,"78":0,"84":0,"92":0,"96":0,"230":0,"267":0,"282":0,"311":3,"328":0,"343":0,"621":0,"732":0,"786":0,"821":0,"1252":0,"1264":0,"undefined":null}
2017-12-07-14-52-55,"turn_has-list-fn_frontierGreedy_euclidean_ic0.0_ip0.1_k30.json",{"0":3,"1":3,"2":3,"3":0,"4":3,"5":2,"6":0,"7":3,"8":0,"9":0,"10":0,"11":3,"12":0,"13":3,"14":0,"15":0,"16":0,"17":0,"44":0,"48":0,"52":0,"58":0,"62":3,"66":0,"74":2,"78":0,"84":0,"92":0,"96":0,"230":0,"267":0,"282":0,"311":3,"328":0,"343":1,"621":0,"732":0,"786":0,"821":0,"1252":0,"1264":0,"undefined":null}
2017-12-07-14-52-55,"turn_has-list-fn_frontierGreedy_euclidean_ic0.0_ip0.1_k30.json",{"0":3,"1":3,"2":3,"3":0,"4":3,"5":2,"6":0,"7":3,"8":0,"9":0,"10":0,"11":3,"12":0,"13":3,"14":0,"15":0,"16":0,"17":0,"44":0,"48":0,"52":0,"58":0,"62":3,"66":0,"74":2,"78":0,"84":0,"92":0,"96":0,"230":0,"267":0,"282":0,"311":3,"328":0,"343":2,"621":0,"732":0,"786":0,"821":0,"1252":0,"1264":0,"undefined":null}
2017-12-07-14-52-56,"turn_has-list-fn_frontierGreedy_euclidean_ic0.0_ip0.1_k30.json",{"0":3,"1":3,"2":3,"3":0,"4":3,"5":2,"6":0,"7":3,"8":0,"9":0,"10":0,"11":3,"12":0,"13":3,"14":0,"15":0,"16":0,"17":0,"44":0,"48":0,"52":0,"58":0,"62":3,"66":0,"74":2,"78":0,"84":0,"92":0,"96":0,"230":0,"267":0,"282":0,"311":3,"328":0,"343":2,"621":0,"732":0,"786":1,"821":0,"1252":0,"1264":0,"undefined":null}
2017-12-07-14-52-57,"turn_has-list-fn_frontierGreedy_euclidean_ic0.0_ip0.1_k30.json",{"0":3,"1":3,"2":3,"3":0,"4":3,"5":2,"6":0,"7":3,"8":0,"9":0,"10":0,"11":3,"12":0,"13":3,"14":0,"15":0,"16":0,"17":0,"44":0,"48":0,"52":0,"58":0,"62":3,"66":0,"74":2,"78":0,"84":0,"92":0,"96":0,"230":0,"267":0,"282":0,"311":3,"328":0,"343":2,"621":0,"732":0,"786":2,"821":0,"1252":0,"1264":0,"undefined":null}
2017-12-07-14-52-58,"turn_has-list-fn_frontierGreedy_euclidean_ic0.0_ip0.1_k30.json",{"0":3,"1":3,"2":3,"3":0,"4":3,"5":2,"6":0,"7":3,"8":0,"9":0,"10":0,"11":3,"12":0,"13":3,"14":0,"15":0,"16":0,"17":0,"44":0,"48":0,"52":0,"58":0,"62":3,"66":0,"74":2,"78":0,"84":0,"92":0,"96":0,"230":0,"267":0,"282":0,"311":3,"328":0,"343":2,"621":0,"732":0,"786":2,"821":0,"1252":0,"1264":1,"undefined":null}
2017-12-07-14-52-58,"turn_has-list-fn_frontierGreedy_euclidean_ic0.0_ip0.1_k30.json",{"0":3,"1":3,"2":3,"3":0,"4":3,"5":2,"6":0,"7":3,"8":0,"9":0,"10":0,"11":3,"12":0,"13":3,"14":0,"15":0,"16":0,"17":0,"44":0,"48":0,"52":0,"58":0,"62":3,"66":0,"74":2,"78":0,"84":0,"92":0,"96":0,"230":0,"267":0,"282":0,"311":3,"328":0,"343":2,"621":0,"732":0,"786":2,"821":0,"1252":0,"1264":2,"undefined":null}
2017-12-07-14-52-59,"turn_has-list-fn_frontierGreedy_euclidean_ic0.0_ip0.1_k30.json",{"0":3,"1":3,"2":3,"3":0,"4":3,"5":2,"6":0,"7":3,"8":0,"9":0,"10":0,"11":3,"12":0,"13":3,"14":0,"15":0,"16":0,"17":0,"44":0,"48":0,"52":0,"58":0,"62":3,"66":0,"74":2,"78":0,"84":0,"92":0,"96":0,"230":0,"267":0,"282":0,"311":3,"328":0,"343":2,"621":0,"732":0,"786":2,"821":0,"1252":0,"1264":2,"undefined":null}
2017-12-07-14-53-04,"turn_has-list-fn_frontierGreedy_euclidean_ic0.0_ip0.1_k30.json",{"0":3,"1":3,"2":3,"3":0,"4":3,"5":2,"6":0,"7":3,"8":0,"9":0,"10":0,"11":3,"12":0,"13":3,"14":0,"15":0,"16":0,"17":0,"44":0,"48":0,"52":0,"58":0,"62":3,"66":0,"74":2,"78":0,"84":0,"92":0,"96":0,"230":0,"267":0,"282":0,"311":3,"328":0,"343":2,"621":0,"732":0,"786":2,"821":0,"1252":0,"1264":2,"undefined":null}
2017-12-07-14-53-05,"turn_has-list-fn_frontierGreedy_euclidean_ic0.0_ip0.1_k30.json",{"0":3,"1":3,"2":3,"3":0,"4":3,"5":2,"6":0,"7":3,"8":0,"9":0,"10":0,"11":3,"12":0,"13":3,"14":0,"15":0,"16":0,"17":0,"44":0,"48":0,"52":0,"58":0,"62":3,"66":0,"74":2,"78":0,"84":0,"92":0,"96":0,"230":0,"267":0,"282":0,"311":3,"328":0,"343":2,"621":0,"732":0,"786":2,"821":0,"1252":0,"1264":2,"undefined":null}
2017-12-07-14-53-57,"turn_has-list-fn_frontierGreedy_euclidean_ic0.0_ip0.1_k30.json",{"0":3,"1":3,"2":3,"3":0,"4":3,"5":2,"6":0,"7":3,"8":0,"9":0,"10":0,"11":3,"12":0,"13":3,"14":0,"15":0,"16":0,"17":0,"44":0,"48":0,"52":0,"58":0,"62":3,"66":0,"74":2,"78":0,"84":0,"92":0,"96":0,"230":0,"267":0,"282":1,"311":3,"328":0,"343":2,"621":0,"732":0,"786":2,"821":0,"1252":0,"1264":2,"undefined":null}
2017-12-07-14-54-00,"turn_has-list-fn_frontierGreedy_euclidean_ic0.0_ip0.1_k30.json",{"0":3,"1":3,"2":3,"3":0,"4":3,"5":2,"6":0,"7":3,"8":0,"9":0,"10":0,"11":3,"12":0,"13":3,"14":0,"15":0,"16":0,"17":0,"44":0,"48":0,"52":0,"58":0,"62":3,"66":0,"74":2,"78":0,"84":0,"92":0,"96":0,"230":0,"267":0,"282":2,"311":3,"328":0,"343":2,"621":0,"732":0,"786":2,"821":0,"1252":0,"1264":2,"undefined":null}
2017-12-07-14-54-01,"turn_has-list-fn_frontierGreedy_euclidean_ic0.0_ip0.1_k30.json",{"0":3,"1":3,"2":3,"3":0,"4":3,"5":2,"6":0,"7":3,"8":0,"9":0,"10":0,"11":3,"12":0,"13":3,"14":0,"15":0,"16":0,"17":0,"44":0,"48":0,"52":0,"58":0,"62":3,"66":0,"74":2,"78":0,"84":0,"92":0,"96":0,"230":0,"267":0,"282":3,"311":3,"328":0,"343":2,"621":0,"732":0,"786":2,"821":0,"1252":0,"1264":2,"undefined":null}
2017-12-07-14-54-02,"turn_has-list-fn_frontierGreedy_euclidean_ic0.0_ip0.1_k30.json",{"0":3,"1":3,"2":3,"3":0,"4":3,"5":2,"6":0,"7":3,"8":0,"9":0,"10":0,"11":3,"12":0,"13":3,"14":0,"15":0,"16":0,"17":0,"44":0,"48":0,"52":0,"58":0,"62":3,"66":0,"74":2,"78":0,"84":0,"92":0,"96":0,"230":0,"267":0,"282":3,"311":3,"328":0,"343":2,"621":0,"732":0,"786":2,"821":0,"1252":0,"1264":2,"undefined":null}
