2018-03-16-11-23-57,"1","T1","titanic_survived_breadth_first_picking_euclidean_ic0.0_ip0.9_k10.json",{"0":0,"1":0,"2":0,"3":0,"4":0,"6":0,"7":0,"8":0,"9":0,"10":0,"undefined":null}
2018-03-16-14-41-24,"1","T1","titanic_survived_breadth_first_picking_euclidean_ic0.0_ip0.9_k10.json",{"0":0,"1":0,"2":0,"3":0,"4":0,"6":0,"7":0,"8":0,"9":0,"10":0,"undefined":null}
2018-03-16-14-41-24,"1","T1","titanic_survived_breadth_first_picking_euclidean_ic0.0_ip0.9_k10.json",{"0":1,"1":0,"2":0,"3":0,"4":0,"6":0,"7":0,"8":0,"9":0,"10":0,"undefined":null}
2018-03-16-14-41-24,"1","T1","titanic_survived_breadth_first_picking_euclidean_ic0.0_ip0.9_k10.json",{"0":2,"1":0,"2":0,"3":0,"4":0,"6":0,"7":0,"8":0,"9":0,"10":0,"undefined":null}
2018-03-16-14-41-25,"1","T1","titanic_survived_breadth_first_picking_euclidean_ic0.0_ip0.9_k10.json",{"0":3,"1":0,"2":0,"3":0,"4":0,"6":0,"7":0,"8":0,"9":0,"10":0,"undefined":null}
2018-03-16-14-41-34,"1","T2","titanic_survived_kmeans_euclidean_ic0.0_ip0.001_k10.json",{"0":0,"1":0,"2":0,"3":1,"4":0,"5":0,"6":0,"7":0,"8":0,"9":0}
2018-03-16-14-41-34,"1","T2","titanic_survived_kmeans_euclidean_ic0.0_ip0.001_k10.json",{"0":0,"1":0,"2":0,"3":2,"4":0,"5":0,"6":0,"7":0,"8":0,"9":0}
2018-03-16-14-41-35,"1","T2","titanic_survived_kmeans_euclidean_ic0.0_ip0.001_k10.json",{"0":0,"1":0,"2":0,"3":3,"4":0,"5":0,"6":0,"7":0,"8":0,"9":0}
2018-03-16-14-41-37,"1","T2","titanic_survived_kmeans_euclidean_ic0.0_ip0.001_k10.json",{"0":0,"1":0,"2":1,"3":3,"4":0,"5":0,"6":0,"7":0,"8":0,"9":0}
2018-03-16-14-41-37,"1","T2","titanic_survived_kmeans_euclidean_ic0.0_ip0.001_k10.json",{"0":0,"1":0,"2":2,"3":3,"4":0,"5":0,"6":0,"7":0,"8":0,"9":0}
2018-03-16-14-41-37,"1","T2","titanic_survived_kmeans_euclidean_ic0.0_ip0.001_k10.json",{"0":0,"1":0,"2":3,"3":3,"4":0,"5":0,"6":0,"7":0,"8":0,"9":0}
2018-03-16-14-42-42,"1","B2","autism_autism_kmeans_euclidean_ic0.0_ip0.001_k10.json",{"0":1,"1":0,"2":0,"3":0,"4":0,"5":0,"6":0,"7":0,"8":0,"9":0}
2018-03-16-14-42-42,"1","B2","autism_autism_kmeans_euclidean_ic0.0_ip0.001_k10.json",{"0":2,"1":0,"2":0,"3":0,"4":0,"5":0,"6":0,"7":0,"8":0,"9":0}
2018-03-16-14-42-43,"1","B2","autism_autism_kmeans_euclidean_ic0.0_ip0.001_k10.json",{"0":2,"1":0,"2":0,"3":0,"4":0,"5":0,"6":1,"7":0,"8":0,"9":0}
2018-03-16-14-42-43,"1","B2","autism_autism_kmeans_euclidean_ic0.0_ip0.001_k10.json",{"0":2,"1":0,"2":0,"3":0,"4":0,"5":0,"6":2,"7":0,"8":0,"9":0}
2018-03-16-14-42-43,"1","B2","autism_autism_kmeans_euclidean_ic0.0_ip0.001_k10.json",{"0":2,"1":0,"2":0,"3":0,"4":0,"5":0,"6":2,"7":1,"8":0,"9":0}
2018-03-16-14-42-44,"1","B2","autism_autism_kmeans_euclidean_ic0.0_ip0.001_k10.json",{"0":2,"1":0,"2":0,"3":0,"4":0,"5":0,"6":2,"7":2,"8":0,"9":0}
2018-03-16-14-42-44,"1","B2","autism_autism_kmeans_euclidean_ic0.0_ip0.001_k10.json",{"0":2,"1":0,"2":0,"3":0,"4":0,"5":0,"6":2,"7":2,"8":1,"9":0}
2018-03-16-14-42-44,"1","B2","autism_autism_kmeans_euclidean_ic0.0_ip0.001_k10.json",{"0":2,"1":0,"2":0,"3":0,"4":0,"5":0,"6":2,"7":2,"8":2,"9":0}
2018-03-16-14-42-46,"1","B2","autism_autism_kmeans_euclidean_ic0.0_ip0.001_k10.json",{"0":2,"1":0,"2":1,"3":0,"4":0,"5":0,"6":2,"7":2,"8":2,"9":0}
2018-03-16-14-42-46,"1","B2","autism_autism_kmeans_euclidean_ic0.0_ip0.001_k10.json",{"0":2,"1":0,"2":2,"3":0,"4":0,"5":0,"6":2,"7":2,"8":2,"9":0}
2018-03-16-14-42-49,"1","B2","autism_autism_kmeans_euclidean_ic0.0_ip0.001_k10.json",{"0":2,"1":1,"2":2,"3":0,"4":0,"5":0,"6":2,"7":2,"8":2,"9":0}
2018-03-16-14-42-49,"1","B2","autism_autism_kmeans_euclidean_ic0.0_ip0.001_k10.json",{"0":2,"1":2,"2":2,"3":0,"4":0,"5":0,"6":2,"7":2,"8":2,"9":0}
2018-03-16-14-45-42,"1","T2","titanic_survived_kmeans_euclidean_ic0.0_ip0.001_k10.json",{"0":1,"1":0,"2":0,"3":0,"4":0,"5":0,"6":0,"7":0,"8":0,"9":0}
2018-03-16-14-45-43,"1","T2","titanic_survived_kmeans_euclidean_ic0.0_ip0.001_k10.json",{"0":2,"1":0,"2":0,"3":0,"4":0,"5":0,"6":0,"7":0,"8":0,"9":0}
2018-03-16-14-45-44,"1","T2","titanic_survived_kmeans_euclidean_ic0.0_ip0.001_k10.json",{"0":2,"1":1,"2":0,"3":0,"4":0,"5":0,"6":0,"7":0,"8":0,"9":0}
2018-03-16-14-45-44,"1","T2","titanic_survived_kmeans_euclidean_ic0.0_ip0.001_k10.json",{"0":2,"1":2,"2":0,"3":0,"4":0,"5":0,"6":0,"7":0,"8":0,"9":0}
2018-03-16-14-45-45,"1","T2","titanic_survived_kmeans_euclidean_ic0.0_ip0.001_k10.json",{"0":2,"1":2,"2":1,"3":0,"4":0,"5":0,"6":0,"7":0,"8":0,"9":0}
2018-03-16-14-45-45,"1","T2","titanic_survived_kmeans_euclidean_ic0.0_ip0.001_k10.json",{"0":2,"1":2,"2":2,"3":0,"4":0,"5":0,"6":0,"7":0,"8":0,"9":0}
2018-03-16-14-45-46,"1","T2","titanic_survived_kmeans_euclidean_ic0.0_ip0.001_k10.json",{"0":2,"1":2,"2":2,"3":1,"4":0,"5":0,"6":0,"7":0,"8":0,"9":0}
2018-03-16-14-45-46,"1","T2","titanic_survived_kmeans_euclidean_ic0.0_ip0.001_k10.json",{"0":2,"1":2,"2":2,"3":2,"4":0,"5":0,"6":0,"7":0,"8":0,"9":0}
2018-03-16-14-45-47,"1","T2","titanic_survived_kmeans_euclidean_ic0.0_ip0.001_k10.json",{"0":2,"1":2,"2":2,"3":2,"4":1,"5":0,"6":0,"7":0,"8":0,"9":0}
2018-03-16-14-45-47,"1","T2","titanic_survived_kmeans_euclidean_ic0.0_ip0.001_k10.json",{"0":2,"1":2,"2":2,"3":2,"4":2,"5":0,"6":0,"7":0,"8":0,"9":0}
2018-03-16-14-45-50,"1","T2","titanic_survived_kmeans_euclidean_ic0.0_ip0.001_k10.json",{"0":2,"1":2,"2":2,"3":2,"4":2,"5":1,"6":0,"7":0,"8":0,"9":0}
2018-03-16-14-45-50,"1","T2","titanic_survived_kmeans_euclidean_ic0.0_ip0.001_k10.json",{"0":2,"1":2,"2":2,"3":2,"4":2,"5":2,"6":0,"7":0,"8":0,"9":0}
2018-03-16-14-45-51,"1","T2","titanic_survived_kmeans_euclidean_ic0.0_ip0.001_k10.json",{"0":2,"1":2,"2":2,"3":2,"4":2,"5":2,"6":1,"7":0,"8":0,"9":0}
2018-03-16-14-45-51,"1","T2","titanic_survived_kmeans_euclidean_ic0.0_ip0.001_k10.json",{"0":2,"1":2,"2":2,"3":2,"4":2,"5":2,"6":2,"7":0,"8":0,"9":0}
2018-03-16-14-45-52,"1","T2","titanic_survived_kmeans_euclidean_ic0.0_ip0.001_k10.json",{"0":2,"1":2,"2":2,"3":2,"4":2,"5":2,"6":2,"7":1,"8":0,"9":0}
2018-03-16-14-45-53,"1","T2","titanic_survived_kmeans_euclidean_ic0.0_ip0.001_k10.json",{"0":2,"1":2,"2":2,"3":2,"4":2,"5":2,"6":2,"7":2,"8":0,"9":0}
2018-03-16-14-45-53,"1","T2","titanic_survived_kmeans_euclidean_ic0.0_ip0.001_k10.json",{"0":2,"1":2,"2":2,"3":2,"4":2,"5":2,"6":2,"7":2,"8":1,"9":0}
2018-03-16-14-45-53,"1","T2","titanic_survived_kmeans_euclidean_ic0.0_ip0.001_k10.json",{"0":2,"1":2,"2":2,"3":2,"4":2,"5":2,"6":2,"7":2,"8":2,"9":0}
2018-03-16-14-45-54,"1","T2","titanic_survived_kmeans_euclidean_ic0.0_ip0.001_k10.json",{"0":2,"1":2,"2":2,"3":2,"4":2,"5":2,"6":2,"7":2,"8":2,"9":1}
2018-03-16-14-45-54,"1","T2","titanic_survived_kmeans_euclidean_ic0.0_ip0.001_k10.json",{"0":2,"1":2,"2":2,"3":2,"4":2,"5":2,"6":2,"7":2,"8":2,"9":2}
2018-03-16-14-46-08,"1","A2","ct_police_stop_stop-outcome_kmeans_euclidean_ic0.0_ip0.001_k10.json",{"0":1,"1":0,"2":0,"3":0,"4":0,"5":0,"6":0,"7":0,"8":0,"9":0}
2018-03-16-14-46-08,"1","A2","ct_police_stop_stop-outcome_kmeans_euclidean_ic0.0_ip0.001_k10.json",{"0":2,"1":0,"2":0,"3":0,"4":0,"5":0,"6":0,"7":0,"8":0,"9":0}
2018-03-16-14-46-09,"1","A2","ct_police_stop_stop-outcome_kmeans_euclidean_ic0.0_ip0.001_k10.json",{"0":2,"1":1,"2":0,"3":0,"4":0,"5":0,"6":0,"7":0,"8":0,"9":0}
2018-03-16-14-46-09,"1","A2","ct_police_stop_stop-outcome_kmeans_euclidean_ic0.0_ip0.001_k10.json",{"0":2,"1":2,"2":0,"3":0,"4":0,"5":0,"6":0,"7":0,"8":0,"9":0}
2018-03-16-14-46-10,"1","A2","ct_police_stop_stop-outcome_kmeans_euclidean_ic0.0_ip0.001_k10.json",{"0":2,"1":2,"2":1,"3":0,"4":0,"5":0,"6":0,"7":0,"8":0,"9":0}
2018-03-16-14-46-10,"1","A2","ct_police_stop_stop-outcome_kmeans_euclidean_ic0.0_ip0.001_k10.json",{"0":2,"1":2,"2":2,"3":0,"4":0,"5":0,"6":0,"7":0,"8":0,"9":0}
2018-03-16-14-46-11,"1","A2","ct_police_stop_stop-outcome_kmeans_euclidean_ic0.0_ip0.001_k10.json",{"0":2,"1":2,"2":2,"3":1,"4":0,"5":0,"6":0,"7":0,"8":0,"9":0}
2018-03-16-14-46-11,"1","A2","ct_police_stop_stop-outcome_kmeans_euclidean_ic0.0_ip0.001_k10.json",{"0":2,"1":2,"2":2,"3":2,"4":0,"5":0,"6":0,"7":0,"8":0,"9":0}
2018-03-16-14-46-13,"1","A2","ct_police_stop_stop-outcome_kmeans_euclidean_ic0.0_ip0.001_k10.json",{"0":2,"1":2,"2":2,"3":2,"4":1,"5":0,"6":0,"7":0,"8":0,"9":0}
2018-03-16-14-46-13,"1","A2","ct_police_stop_stop-outcome_kmeans_euclidean_ic0.0_ip0.001_k10.json",{"0":2,"1":2,"2":2,"3":2,"4":2,"5":0,"6":0,"7":0,"8":0,"9":0}
2018-03-16-14-46-15,"1","A2","ct_police_stop_stop-outcome_kmeans_euclidean_ic0.0_ip0.001_k10.json",{"0":2,"1":2,"2":2,"3":2,"4":2,"5":1,"6":0,"7":0,"8":0,"9":0}
2018-03-16-14-46-15,"1","A2","ct_police_stop_stop-outcome_kmeans_euclidean_ic0.0_ip0.001_k10.json",{"0":2,"1":2,"2":2,"3":2,"4":2,"5":2,"6":0,"7":0,"8":0,"9":0}
2018-03-16-14-46-21,"1","A2","ct_police_stop_stop-outcome_kmeans_euclidean_ic0.0_ip0.001_k10.json",{"0":2,"1":2,"2":2,"3":2,"4":2,"5":2,"6":1,"7":0,"8":0,"9":0}
2018-03-16-14-46-22,"1","A2","ct_police_stop_stop-outcome_kmeans_euclidean_ic0.0_ip0.001_k10.json",{"0":2,"1":2,"2":2,"3":2,"4":2,"5":2,"6":2,"7":0,"8":0,"9":0}
2018-03-16-14-46-23,"1","A2","ct_police_stop_stop-outcome_kmeans_euclidean_ic0.0_ip0.001_k10.json",{"0":2,"1":2,"2":2,"3":2,"4":2,"5":2,"6":2,"7":1,"8":0,"9":0}
2018-03-16-14-46-23,"1","A2","ct_police_stop_stop-outcome_kmeans_euclidean_ic0.0_ip0.001_k10.json",{"0":2,"1":2,"2":2,"3":2,"4":2,"5":2,"6":2,"7":2,"8":0,"9":0}
2018-03-16-14-46-25,"1","A2","ct_police_stop_stop-outcome_kmeans_euclidean_ic0.0_ip0.001_k10.json",{"0":2,"1":2,"2":2,"3":2,"4":2,"5":2,"6":2,"7":2,"8":1,"9":0}
2018-03-16-14-46-25,"1","A2","ct_police_stop_stop-outcome_kmeans_euclidean_ic0.0_ip0.001_k10.json",{"0":2,"1":2,"2":2,"3":2,"4":2,"5":2,"6":2,"7":2,"8":2,"9":0}
2018-03-16-14-46-26,"1","A2","ct_police_stop_stop-outcome_kmeans_euclidean_ic0.0_ip0.001_k10.json",{"0":2,"1":2,"2":2,"3":2,"4":2,"5":2,"6":2,"7":2,"8":2,"9":1}
2018-03-16-14-46-26,"1","A2","ct_police_stop_stop-outcome_kmeans_euclidean_ic0.0_ip0.001_k10.json",{"0":2,"1":2,"2":2,"3":2,"4":2,"5":2,"6":2,"7":2,"8":2,"9":2}
2018-03-16-14-46-35,"1","B2","autism_autism_kmeans_euclidean_ic0.0_ip0.001_k10.json",{"0":1,"1":0,"2":0,"3":0,"4":0,"5":0,"6":0,"7":0,"8":0,"9":0}
2018-03-16-14-46-35,"1","B2","autism_autism_kmeans_euclidean_ic0.0_ip0.001_k10.json",{"0":2,"1":0,"2":0,"3":0,"4":0,"5":0,"6":0,"7":0,"8":0,"9":0}
2018-03-16-14-46-36,"1","B2","autism_autism_kmeans_euclidean_ic0.0_ip0.001_k10.json",{"0":2,"1":1,"2":0,"3":0,"4":0,"5":0,"6":0,"7":0,"8":0,"9":0}
2018-03-16-14-46-36,"1","B2","autism_autism_kmeans_euclidean_ic0.0_ip0.001_k10.json",{"0":2,"1":2,"2":0,"3":0,"4":0,"5":0,"6":0,"7":0,"8":0,"9":0}
2018-03-16-14-46-37,"1","B2","autism_autism_kmeans_euclidean_ic0.0_ip0.001_k10.json",{"0":2,"1":2,"2":1,"3":0,"4":0,"5":0,"6":0,"7":0,"8":0,"9":0}
2018-03-16-14-46-37,"1","B2","autism_autism_kmeans_euclidean_ic0.0_ip0.001_k10.json",{"0":2,"1":2,"2":2,"3":0,"4":0,"5":0,"6":0,"7":0,"8":0,"9":0}
2018-03-16-14-46-37,"1","B2","autism_autism_kmeans_euclidean_ic0.0_ip0.001_k10.json",{"0":2,"1":2,"2":2,"3":1,"4":0,"5":0,"6":0,"7":0,"8":0,"9":0}
2018-03-16-14-46-38,"1","B2","autism_autism_kmeans_euclidean_ic0.0_ip0.001_k10.json",{"0":2,"1":2,"2":2,"3":2,"4":0,"5":0,"6":0,"7":0,"8":0,"9":0}
2018-03-16-14-46-39,"1","B2","autism_autism_kmeans_euclidean_ic0.0_ip0.001_k10.json",{"0":2,"1":2,"2":2,"3":2,"4":1,"5":0,"6":0,"7":0,"8":0,"9":0}
2018-03-16-14-46-39,"1","B2","autism_autism_kmeans_euclidean_ic0.0_ip0.001_k10.json",{"0":2,"1":2,"2":2,"3":2,"4":2,"5":0,"6":0,"7":0,"8":0,"9":0}
2018-03-16-14-46-41,"1","B2","autism_autism_kmeans_euclidean_ic0.0_ip0.001_k10.json",{"0":2,"1":2,"2":2,"3":2,"4":2,"5":1,"6":0,"7":0,"8":0,"9":0}
2018-03-16-14-46-42,"1","B2","autism_autism_kmeans_euclidean_ic0.0_ip0.001_k10.json",{"0":2,"1":2,"2":2,"3":2,"4":2,"5":2,"6":0,"7":0,"8":0,"9":0}
2018-03-16-14-46-42,"1","B2","autism_autism_kmeans_euclidean_ic0.0_ip0.001_k10.json",{"0":2,"1":2,"2":2,"3":2,"4":2,"5":2,"6":1,"7":0,"8":0,"9":0}
2018-03-16-14-46-42,"1","B2","autism_autism_kmeans_euclidean_ic0.0_ip0.001_k10.json",{"0":2,"1":2,"2":2,"3":2,"4":2,"5":2,"6":2,"7":0,"8":0,"9":0}
2018-03-16-14-46-43,"1","B2","autism_autism_kmeans_euclidean_ic0.0_ip0.001_k10.json",{"0":2,"1":2,"2":2,"3":2,"4":2,"5":2,"6":2,"7":1,"8":0,"9":0}
2018-03-16-14-46-43,"1","B2","autism_autism_kmeans_euclidean_ic0.0_ip0.001_k10.json",{"0":2,"1":2,"2":2,"3":2,"4":2,"5":2,"6":2,"7":2,"8":0,"9":0}
2018-03-16-14-46-44,"1","B2","autism_autism_kmeans_euclidean_ic0.0_ip0.001_k10.json",{"0":2,"1":2,"2":2,"3":2,"4":2,"5":2,"6":2,"7":2,"8":1,"9":0}
2018-03-16-14-46-44,"1","B2","autism_autism_kmeans_euclidean_ic0.0_ip0.001_k10.json",{"0":2,"1":2,"2":2,"3":2,"4":2,"5":2,"6":2,"7":2,"8":2,"9":0}
2018-03-16-14-46-45,"1","B2","autism_autism_kmeans_euclidean_ic0.0_ip0.001_k10.json",{"0":2,"1":2,"2":2,"3":2,"4":2,"5":2,"6":2,"7":2,"8":2,"9":1}
2018-03-16-14-46-45,"1","B2","autism_autism_kmeans_euclidean_ic0.0_ip0.001_k10.json",{"0":2,"1":2,"2":2,"3":2,"4":2,"5":2,"6":2,"7":2,"8":2,"9":2}
2018-03-16-14-46-55,"1","T1","titanic_survived_greedy_picking_euclidean_ic0.0_ip0.9_k10.json",{"0":1,"1":0,"2":0,"3":0,"5":0,"6":0,"7":0,"8":0,"9":0,"10":0}
2018-03-16-14-46-55,"1","T1","titanic_survived_greedy_picking_euclidean_ic0.0_ip0.9_k10.json",{"0":2,"1":0,"2":0,"3":0,"5":0,"6":0,"7":0,"8":0,"9":0,"10":0}
2018-03-16-14-46-56,"1","T1","titanic_survived_greedy_picking_euclidean_ic0.0_ip0.9_k10.json",{"0":2,"1":1,"2":0,"3":0,"5":0,"6":0,"7":0,"8":0,"9":0,"10":0}
2018-03-16-14-46-56,"1","T1","titanic_survived_greedy_picking_euclidean_ic0.0_ip0.9_k10.json",{"0":2,"1":2,"2":0,"3":0,"5":0,"6":0,"7":0,"8":0,"9":0,"10":0}
2018-03-16-14-46-57,"1","T1","titanic_survived_greedy_picking_euclidean_ic0.0_ip0.9_k10.json",{"0":2,"1":2,"2":1,"3":0,"5":0,"6":0,"7":0,"8":0,"9":0,"10":0}
2018-03-16-14-46-57,"1","T1","titanic_survived_greedy_picking_euclidean_ic0.0_ip0.9_k10.json",{"0":2,"1":2,"2":2,"3":0,"5":0,"6":0,"7":0,"8":0,"9":0,"10":0}
2018-03-16-14-46-58,"1","T1","titanic_survived_greedy_picking_euclidean_ic0.0_ip0.9_k10.json",{"0":2,"1":2,"2":2,"3":1,"5":0,"6":0,"7":0,"8":0,"9":0,"10":0}
2018-03-16-14-46-58,"1","T1","titanic_survived_greedy_picking_euclidean_ic0.0_ip0.9_k10.json",{"0":2,"1":2,"2":2,"3":2,"5":0,"6":0,"7":0,"8":0,"9":0,"10":0}
2018-03-16-14-46-59,"1","T1","titanic_survived_greedy_picking_euclidean_ic0.0_ip0.9_k10.json",{"0":2,"1":2,"2":2,"3":2,"5":1,"6":0,"7":0,"8":0,"9":0,"10":0}
2018-03-16-14-46-59,"1","T1","titanic_survived_greedy_picking_euclidean_ic0.0_ip0.9_k10.json",{"0":2,"1":2,"2":2,"3":2,"5":2,"6":0,"7":0,"8":0,"9":0,"10":0}
2018-03-16-14-47-00,"1","T1","titanic_survived_greedy_picking_euclidean_ic0.0_ip0.9_k10.json",{"0":2,"1":2,"2":2,"3":2,"5":2,"6":0,"7":0,"8":0,"9":1,"10":0}
2018-03-16-14-47-00,"1","T1","titanic_survived_greedy_picking_euclidean_ic0.0_ip0.9_k10.json",{"0":2,"1":2,"2":2,"3":2,"5":2,"6":0,"7":0,"8":0,"9":2,"10":0}
2018-03-16-14-47-01,"1","T1","titanic_survived_greedy_picking_euclidean_ic0.0_ip0.9_k10.json",{"0":2,"1":2,"2":2,"3":2,"5":2,"6":0,"7":0,"8":1,"9":2,"10":0}
2018-03-16-14-47-01,"1","T1","titanic_survived_greedy_picking_euclidean_ic0.0_ip0.9_k10.json",{"0":2,"1":2,"2":2,"3":2,"5":2,"6":0,"7":0,"8":2,"9":2,"10":0}
2018-03-16-14-47-01,"1","T1","titanic_survived_greedy_picking_euclidean_ic0.0_ip0.9_k10.json",{"0":2,"1":2,"2":2,"3":2,"5":2,"6":0,"7":1,"8":2,"9":2,"10":0}
2018-03-16-14-47-02,"1","T1","titanic_survived_greedy_picking_euclidean_ic0.0_ip0.9_k10.json",{"0":2,"1":2,"2":2,"3":2,"5":2,"6":0,"7":2,"8":2,"9":2,"10":0}
2018-03-16-14-47-02,"1","T1","titanic_survived_greedy_picking_euclidean_ic0.0_ip0.9_k10.json",{"0":2,"1":2,"2":2,"3":2,"5":2,"6":1,"7":2,"8":2,"9":2,"10":0}
2018-03-16-14-47-03,"1","T1","titanic_survived_greedy_picking_euclidean_ic0.0_ip0.9_k10.json",{"0":2,"1":2,"2":2,"3":2,"5":2,"6":2,"7":2,"8":2,"9":2,"10":0}
2018-03-16-14-47-04,"1","T1","titanic_survived_greedy_picking_euclidean_ic0.0_ip0.9_k10.json",{"0":2,"1":2,"2":2,"3":2,"5":2,"6":2,"7":2,"8":2,"9":2,"10":1}
2018-03-16-14-47-04,"1","T1","titanic_survived_greedy_picking_euclidean_ic0.0_ip0.9_k10.json",{"0":2,"1":2,"2":2,"3":2,"5":2,"6":2,"7":2,"8":2,"9":2,"10":2}
