2018-03-04-11-24-24,"mushroom_cap-surface_frontierGreedy_euclidean_ic0.2_ip0.1_k20.json",{"0":0,"1":0,"2":0,"3":0,"4":0,"5":0,"6":0,"7":0,"8":0,"9":0,"10":0,"11":0,"12":0,"13":0,"14":0,"15":0,"16":0,"17":0,"18":0,"19":0,"20":0,"22":0,"undefined":null}
2018-03-04-11-33-04,"mushroom_type_frontierGreedy_euclidean_ic0.2_ip0.1_k20.json",{"0":1,"1":0,"2":0,"3":0,"4":0,"5":0,"6":0,"7":0,"8":0,"9":0,"10":0,"11":0,"12":0,"13":0,"14":0,"15":0,"16":0,"17":0}
2018-03-04-11-33-04,"mushroom_type_frontierGreedy_euclidean_ic0.2_ip0.1_k20.json",{"0":2,"1":0,"2":0,"3":0,"4":0,"5":0,"6":0,"7":0,"8":0,"9":0,"10":0,"11":0,"12":0,"13":0,"14":0,"15":0,"16":0,"17":0}
2018-03-04-11-33-04,"mushroom_type_frontierGreedy_euclidean_ic0.2_ip0.1_k20.json",{"0":3,"1":0,"2":0,"3":0,"4":0,"5":0,"6":0,"7":0,"8":0,"9":0,"10":0,"11":0,"12":0,"13":0,"14":0,"15":0,"16":0,"17":0}
2018-03-04-11-33-08,"mushroom_type_frontierGreedy_euclidean_ic0.2_ip0.1_k20.json",{"0":3,"1":0,"2":0,"3":0,"4":0,"5":0,"6":0,"7":0,"8":0,"9":0,"10":0,"11":0,"12":0,"13":0,"14":0,"15":0,"16":0,"17":0,"undefined":null}
2018-03-04-11-46-51,"mushroom_type_frontierGreedy_euclidean_ic0.2_ip0.1_k20.json",{"0":0,"1":0,"2":1,"3":0,"4":0,"5":0,"6":0,"7":0,"8":0,"9":0,"10":0,"11":0,"12":0,"13":0,"14":0,"15":0,"16":0,"17":0}
2018-03-04-11-46-51,"mushroom_type_frontierGreedy_euclidean_ic0.2_ip0.1_k20.json",{"0":0,"1":0,"2":2,"3":0,"4":0,"5":0,"6":0,"7":0,"8":0,"9":0,"10":0,"11":0,"12":0,"13":0,"14":0,"15":0,"16":0,"17":0}
2018-03-04-11-46-51,"mushroom_type_frontierGreedy_euclidean_ic0.2_ip0.1_k20.json",{"0":1,"1":0,"2":2,"3":0,"4":0,"5":0,"6":0,"7":0,"8":0,"9":0,"10":0,"11":0,"12":0,"13":0,"14":0,"15":0,"16":0,"17":0}
2018-03-04-11-46-52,"mushroom_type_frontierGreedy_euclidean_ic0.2_ip0.1_k20.json",{"0":2,"1":0,"2":2,"3":0,"4":0,"5":0,"6":0,"7":0,"8":0,"9":0,"10":0,"11":0,"12":0,"13":0,"14":0,"15":0,"16":0,"17":0}
2018-03-04-11-47-43,"mushroom_type_frontierGreedy_euclidean_ic0.2_ip0.1_k20.json",{"0":1,"1":0,"2":0,"3":0,"4":0,"5":0,"6":0,"7":0,"8":0,"9":0,"10":0,"11":0,"12":0,"13":0,"14":0,"15":0,"16":0,"17":0}
2018-03-04-11-47-44,"mushroom_type_frontierGreedy_euclidean_ic0.2_ip0.1_k20.json",{"0":2,"1":0,"2":0,"3":0,"4":0,"5":0,"6":0,"7":0,"8":0,"9":0,"10":0,"11":0,"12":0,"13":0,"14":0,"15":0,"16":0,"17":0}
2018-03-04-11-47-45,"mushroom_type_frontierGreedy_euclidean_ic0.2_ip0.1_k20.json",{"0":3,"1":0,"2":0,"3":0,"4":0,"5":0,"6":0,"7":0,"8":0,"9":0,"10":0,"11":0,"12":0,"13":0,"14":0,"15":0,"16":0,"17":0}
2018-03-04-11-47-46,"mushroom_type_frontierGreedy_euclidean_ic0.2_ip0.1_k20.json",{"0":3,"1":0,"2":0,"3":0,"4":0,"5":0,"6":0,"7":0,"8":0,"9":0,"10":0,"11":0,"12":0,"13":0,"14":0,"15":0,"16":0,"17":0,"undefined":null}
2018-03-04-19-43-33,"default",{"0":0,"1":0,"2":0,"3":0,"4":0,"5":0,"6":0,"7":0,"8":0,"9":0,"10":0,"11":1}
2018-03-04-19-58-35,"mushroom_type_frontierGreedy_euclidean_ic0.2_ip0.1_k20.json",{"0":1,"1":0,"2":0,"3":0,"4":0,"5":0,"6":0,"7":0,"8":0,"9":0,"10":0,"11":0,"12":0,"13":0,"14":0,"15":0,"16":0,"17":0}
2018-03-04-19-58-35,"mushroom_type_frontierGreedy_euclidean_ic0.2_ip0.1_k20.json",{"0":2,"1":0,"2":0,"3":0,"4":0,"5":0,"6":0,"7":0,"8":0,"9":0,"10":0,"11":0,"12":0,"13":0,"14":0,"15":0,"16":0,"17":0}
2018-03-04-19-58-36,"mushroom_type_frontierGreedy_euclidean_ic0.2_ip0.1_k20.json",{"0":2,"1":0,"2":1,"3":0,"4":0,"5":0,"6":0,"7":0,"8":0,"9":0,"10":0,"11":0,"12":0,"13":0,"14":0,"15":0,"16":0,"17":0}
2018-03-04-19-58-36,"mushroom_type_frontierGreedy_euclidean_ic0.2_ip0.1_k20.json",{"0":2,"1":0,"2":2,"3":0,"4":0,"5":0,"6":0,"7":0,"8":0,"9":0,"10":0,"11":0,"12":0,"13":0,"14":0,"15":0,"16":0,"17":0}
2018-03-04-19-58-51,"mushroom_type_frontierGreedy_euclidean_ic0.2_ip0.1_k20.json",{"0":1,"1":0,"2":0,"3":0,"4":0,"5":0,"6":0,"7":0,"8":0,"9":0,"10":0,"11":0,"12":0,"13":0,"14":0,"15":0,"16":0,"17":0}
2018-03-04-19-58-51,"mushroom_type_frontierGreedy_euclidean_ic0.2_ip0.1_k20.json",{"0":2,"1":0,"2":0,"3":0,"4":0,"5":0,"6":0,"7":0,"8":0,"9":0,"10":0,"11":0,"12":0,"13":0,"14":0,"15":0,"16":0,"17":0}
2018-03-04-20-00-23,"mushroom_type_frontierGreedy_euclidean_ic0.2_ip0.1_k20.json",{"0":1,"1":0,"2":0,"3":0,"4":0,"5":0,"6":0,"7":0,"8":0,"9":0,"10":0,"11":0,"12":0,"13":0,"14":0,"15":0,"16":0,"17":0}
2018-03-04-20-00-24,"mushroom_type_frontierGreedy_euclidean_ic0.2_ip0.1_k20.json",{"0":2,"1":0,"2":0,"3":0,"4":0,"5":0,"6":0,"7":0,"8":0,"9":0,"10":0,"11":0,"12":0,"13":0,"14":0,"15":0,"16":0,"17":0}
2018-03-04-20-03-24,"default",{"0":1,"1":0,"2":0,"3":0,"4":0,"5":0,"6":0,"7":0,"8":0,"9":0,"10":0,"11":0,"12":0,"13":0,"14":0,"15":0,"16":0,"17":0}
2018-03-04-20-03-25,"default",{"0":2,"1":0,"2":0,"3":0,"4":0,"5":0,"6":0,"7":0,"8":0,"9":0,"10":0,"11":0,"12":0,"13":0,"14":0,"15":0,"16":0,"17":0}
2018-03-04-20-03-25,"default",{"0":2,"1":0,"2":1,"3":0,"4":0,"5":0,"6":0,"7":0,"8":0,"9":0,"10":0,"11":0,"12":0,"13":0,"14":0,"15":0,"16":0,"17":0}
2018-03-04-20-03-26,"default",{"0":2,"1":0,"2":2,"3":0,"4":0,"5":0,"6":0,"7":0,"8":0,"9":0,"10":0,"11":0,"12":0,"13":0,"14":0,"15":0,"16":0,"17":0}
2018-03-04-20-03-26,"default",{"0":2,"1":0,"2":2,"3":0,"4":0,"5":0,"6":0,"7":0,"8":0,"9":0,"10":0,"11":0,"12":0,"13":0,"14":0,"15":0,"16":1,"17":0}
2018-03-04-20-03-27,"default",{"0":2,"1":0,"2":2,"3":0,"4":0,"5":0,"6":0,"7":0,"8":0,"9":0,"10":0,"11":0,"12":0,"13":0,"14":0,"15":0,"16":2,"17":0}
2018-03-04-20-03-27,"default",{"0":2,"1":0,"2":2,"3":0,"4":0,"5":0,"6":0,"7":0,"8":0,"9":0,"10":0,"11":0,"12":0,"13":0,"14":0,"15":0,"16":3,"17":0}
2018-03-04-20-03-28,"default",{"0":2,"1":0,"2":2,"3":0,"4":0,"5":0,"6":0,"7":0,"8":0,"9":0,"10":0,"11":0,"12":0,"13":0,"14":0,"15":0,"16":3,"17":0,"undefined":null}
2018-03-04-20-05-48,"default",{"0":0,"1":0,"2":0,"3":0,"4":0,"5":0,"6":0,"7":0,"8":0,"9":0,"10":0,"11":0,"undefined":null}
2018-03-04-20-05-58,"default",{"0":1,"1":0,"2":0,"3":0,"4":0,"5":0,"6":0,"7":0,"8":0,"9":0,"10":0,"11":0,"12":0,"13":0,"14":0,"15":0,"16":0,"17":0,"undefined":null}
2018-03-04-20-05-58,"default",{"0":2,"1":0,"2":0,"3":0,"4":0,"5":0,"6":0,"7":0,"8":0,"9":0,"10":0,"11":0,"12":0,"13":0,"14":0,"15":0,"16":0,"17":0,"undefined":null}
2018-03-04-20-05-59,"default",{"0":2,"1":0,"2":1,"3":0,"4":0,"5":0,"6":0,"7":0,"8":0,"9":0,"10":0,"11":0,"12":0,"13":0,"14":0,"15":0,"16":0,"17":0,"undefined":null}
2018-03-04-20-05-59,"default",{"0":2,"1":0,"2":2,"3":0,"4":0,"5":0,"6":0,"7":0,"8":0,"9":0,"10":0,"11":0,"12":0,"13":0,"14":0,"15":0,"16":0,"17":0,"undefined":null}
