2018-03-09-13-05-09,"1","T1","titanic_survived_breadth_first_picking_euclidean_ic0.0_ip0.9_k10.json",{"0":0,"1":0,"2":0,"3":0,"4":0,"6":0,"7":0,"8":0,"9":0,"10":0,"undefined":null}
2018-03-09-13-06-21,"1","T1","titanic_survived_breadth_first_picking_euclidean_ic0.0_ip0.9_k10.json",{"0":0,"1":0,"2":0,"3":0,"4":0,"6":0,"7":0,"8":0,"9":0,"10":0,"undefined":null}
2018-03-09-13-06-34,"1","T1","titanic_survived_breadth_first_picking_euclidean_ic0.0_ip0.9_k10.json",{"0":0,"1":0,"2":0,"3":0,"4":0,"6":0,"7":0,"8":0,"9":0,"10":0,"undefined":null}
2018-03-09-13-06-39,"1","T1","titanic_survived_breadth_first_picking_euclidean_ic0.0_ip0.9_k10.json",{"0":0,"1":0,"2":0,"3":0,"4":0,"6":0,"7":0,"8":0,"9":0,"10":0,"undefined":null}
2018-03-09-13-06-42,"1","T1","titanic_survived_breadth_first_picking_euclidean_ic0.0_ip0.9_k10.json",{"0":0,"1":0,"2":0,"3":0,"4":0,"6":0,"7":0,"8":0,"9":0,"10":0,"undefined":null}
2018-03-09-13-07-45,"1","T1","titanic_survived_breadth_first_picking_euclidean_ic0.0_ip0.9_k10.json",{"0":0,"1":0,"2":0,"3":0,"4":0,"6":0,"7":0,"8":0,"9":0,"10":0,"undefined":null}
2018-03-09-13-16-56,"1","T1","titanic_survived_breadth_first_picking_euclidean_ic0.0_ip0.9_k10.json",{"0":0,"1":0,"2":0,"3":0,"4":0,"6":0,"7":0,"8":0,"9":0,"10":0,"undefined":null}
2018-03-09-13-21-49,"1","T1","titanic_survived_breadth_first_picking_euclidean_ic0.0_ip0.9_k10.json",{"0":0,"1":0,"2":0,"3":0,"4":0,"6":0,"7":0,"8":0,"9":0,"10":0,"undefined":null}
2018-03-09-13-25-57,"1","T1","titanic_survived_breadth_first_picking_euclidean_ic0.0_ip0.9_k10.json",{"0":0,"1":0,"2":0,"3":0,"4":0,"6":0,"7":0,"8":0,"9":0,"10":0,"undefined":null}
2018-03-09-13-26-20,"1","T1","titanic_survived_breadth_first_picking_euclidean_ic0.0_ip0.9_k10.json",{"0":1,"1":0,"2":0,"3":0,"4":0,"6":0,"7":0,"8":0,"9":0,"10":0,"undefined":null}
2018-03-09-13-26-20,"1","T1","titanic_survived_breadth_first_picking_euclidean_ic0.0_ip0.9_k10.json",{"0":2,"1":0,"2":0,"3":0,"4":0,"6":0,"7":0,"8":0,"9":0,"10":0,"undefined":null}
2018-03-09-13-26-21,"1","T1","titanic_survived_breadth_first_picking_euclidean_ic0.0_ip0.9_k10.json",{"0":2,"1":0,"2":0,"3":1,"4":0,"6":0,"7":0,"8":0,"9":0,"10":0,"undefined":null}
2018-03-09-13-26-21,"1","T1","titanic_survived_breadth_first_picking_euclidean_ic0.0_ip0.9_k10.json",{"0":2,"1":0,"2":0,"3":2,"4":0,"6":0,"7":0,"8":0,"9":0,"10":0,"undefined":null}
2018-03-09-13-26-22,"1","T1","titanic_survived_breadth_first_picking_euclidean_ic0.0_ip0.9_k10.json",{"0":2,"1":0,"2":0,"3":2,"4":0,"6":0,"7":0,"8":0,"9":0,"10":0,"undefined":null}
2018-03-09-13-26-24,"1","T1","titanic_survived_breadth_first_picking_euclidean_ic0.0_ip0.9_k10.json",{"0":2,"1":0,"2":0,"3":2,"4":1,"6":0,"7":0,"8":0,"9":0,"10":0,"undefined":null}
2018-03-09-13-26-24,"1","T1","titanic_survived_breadth_first_picking_euclidean_ic0.0_ip0.9_k10.json",{"0":2,"1":0,"2":0,"3":2,"4":2,"6":0,"7":0,"8":0,"9":0,"10":0,"undefined":null}
2018-03-09-13-26-24,"1","T1","titanic_survived_breadth_first_picking_euclidean_ic0.0_ip0.9_k10.json",{"0":2,"1":0,"2":0,"3":2,"4":3,"6":0,"7":0,"8":0,"9":0,"10":0,"undefined":null}
2018-03-09-13-26-25,"1","T1","titanic_survived_breadth_first_picking_euclidean_ic0.0_ip0.9_k10.json",{"0":2,"1":0,"2":0,"3":2,"4":3,"6":0,"7":0,"8":0,"9":0,"10":0,"undefined":null}
2018-03-09-13-26-46,"1","T1","titanic_survived_breadth_first_picking_euclidean_ic0.0_ip0.9_k10.json",{"0":0,"1":0,"2":0,"3":0,"4":0,"6":0,"7":0,"8":0,"9":0,"10":0,"undefined":null}
2018-03-09-13-26-48,"1","T1","titanic_survived_breadth_first_picking_euclidean_ic0.0_ip0.9_k10.json",{"0":0,"1":0,"2":0,"3":0,"4":0,"6":0,"7":0,"8":0,"9":0,"10":0,"undefined":null}
2018-03-09-13-27-37,"1","T1","titanic_survived_breadth_first_picking_euclidean_ic0.0_ip0.9_k10.json",{"0":0,"1":0,"2":0,"3":0,"4":0,"6":0,"7":0,"8":0,"9":0,"10":0,"undefined":null}
2018-03-09-13-29-13,"1","T2","default",{}
2018-03-09-13-29-13,"1","T2","default",{}
2018-03-09-13-30-24,"1","T2","default",[0,1,0,0,0,0,0,0,0,0,0,0,0,0,0,0,0,0,0,0]
2018-03-09-13-30-24,"1","T2","default",[0,2,0,0,0,0,0,0,0,0,0,0,0,0,0,0,0,0,0,0]
2018-03-09-13-30-24,"1","T2","default",[0,3,0,0,0,0,0,0,0,0,0,0,0,0,0,0,0,0,0,0]
2018-03-09-13-30-25,"1","T2","default",[1,3,0,0,0,0,0,0,0,0,0,0,0,0,0,0,0,0,0,0]
2018-03-09-13-30-25,"1","T2","default",[2,3,0,0,0,0,0,0,0,0,0,0,0,0,0,0,0,0,0,0]
2018-03-09-13-30-25,"1","T2","default",[3,3,0,0,0,0,0,0,0,0,0,0,0,0,0,0,0,0,0,0]
2018-03-09-13-35-15,"1","T1","titanic_survived_breadth_first_picking_euclidean_ic0.0_ip0.9_k10.json",{"0":0,"1":0,"2":0,"3":0,"4":0,"6":0,"7":0,"8":0,"9":0,"10":0,"undefined":null}
2018-03-09-13-35-29,"1","T1","titanic_survived_breadth_first_picking_euclidean_ic0.0_ip0.9_k10.json",{"0":1,"1":0,"2":0,"3":0,"4":0,"6":0,"7":0,"8":0,"9":0,"10":0,"undefined":null}
2018-03-09-13-35-35,"1","T1","titanic_survived_breadth_first_picking_euclidean_ic0.0_ip0.9_k10.json",{"0":1,"1":0,"2":0,"3":0,"4":0,"6":0,"7":0,"8":0,"9":0,"10":0,"undefined":null}
2018-03-09-13-35-42,"1","T1","titanic_survived_breadth_first_picking_euclidean_ic0.0_ip0.9_k10.json",{"0":1,"1":0,"2":0,"3":0,"4":0,"6":0,"7":0,"8":0,"9":0,"10":0,"undefined":null}
2018-03-09-13-35-51,"1","T1","titanic_survived_breadth_first_picking_euclidean_ic0.0_ip0.9_k10.json",{"0":1,"1":0,"2":0,"3":0,"4":0,"6":0,"7":0,"8":0,"9":0,"10":0,"undefined":null}
2018-03-09-13-41-00,"1","T1","titanic_survived_breadth_first_picking_euclidean_ic0.0_ip0.9_k10.json",{"0":0,"1":0,"2":0,"3":0,"4":0,"6":0,"7":0,"8":0,"9":0,"10":0,"undefined":null}
2018-03-09-13-41-14,"1","T1","titanic_survived_breadth_first_picking_euclidean_ic0.0_ip0.9_k10.json",{"0":0,"1":0,"2":0,"3":0,"4":0,"6":0,"7":0,"8":0,"9":0,"10":0,"undefined":null}
2018-03-09-13-41-17,"1","T1","titanic_survived_breadth_first_picking_euclidean_ic0.0_ip0.9_k10.json",{"0":0,"1":0,"2":0,"3":0,"4":0,"6":0,"7":0,"8":0,"9":0,"10":0,"undefined":null}
2018-03-09-13-47-50,"1","T1","titanic_survived_breadth_first_picking_euclidean_ic0.0_ip0.9_k10.json",{"0":0,"1":0,"2":0,"3":0,"4":0,"6":0,"7":0,"8":0,"9":0,"10":0,"undefined":null}
2018-03-09-13-47-54,"1","T1","titanic_survived_breadth_first_picking_euclidean_ic0.0_ip0.9_k10.json",{"0":0,"1":0,"2":0,"3":0,"4":0,"6":0,"7":0,"8":0,"9":0,"10":0,"undefined":null}
2018-03-09-13-48-02,"1","T1","titanic_survived_breadth_first_picking_euclidean_ic0.0_ip0.9_k10.json",{"0":0,"1":0,"2":0,"3":0,"4":0,"6":0,"7":0,"8":0,"9":0,"10":0,"undefined":null}
2018-03-09-13-49-34,"1","T1","titanic_survived_breadth_first_picking_euclidean_ic0.0_ip0.9_k10.json",{"0":1,"1":0,"2":0,"3":0,"4":0,"6":0,"7":0,"8":0,"9":0,"10":0}
2018-03-09-13-49-38,"1","T1","titanic_survived_breadth_first_picking_euclidean_ic0.0_ip0.9_k10.json",{"0":1,"1":0,"2":0,"3":0,"4":0,"6":0,"7":0,"8":0,"9":0,"10":0,"undefined":null}
2018-03-09-13-49-53,"1","T1","titanic_survived_breadth_first_picking_euclidean_ic0.0_ip0.9_k10.json",{"0":1,"1":0,"2":0,"3":0,"4":0,"6":0,"7":0,"8":0,"9":0,"10":0,"undefined":null}
2018-03-09-13-50-01,"1","T1","titanic_survived_breadth_first_picking_euclidean_ic0.0_ip0.9_k10.json",{"0":1,"1":0,"2":0,"3":0,"4":0,"6":0,"7":0,"8":0,"9":0,"10":0,"undefined":null}
2018-03-09-13-52-15,"1","T1","titanic_survived_breadth_first_picking_euclidean_ic0.0_ip0.9_k10.json",{"0":0,"1":0,"2":0,"3":0,"4":0,"6":0,"7":0,"8":0,"9":0,"10":0,"12":0,"21":0,"22":0,"24":0,"25":0,"138":0,"141":0,"146":0,"153":0,"156":0,"157":0,"193":0,"196":0,"852":0,"1074":0,"1083":0,"4105":0,"undefined":null}
2018-03-09-13-53-53,"1","A1","ct_police_stop_is-arrested_breadth_first_picking_euclidean_ic0.0_ip0.9_k10.json",{"0":0,"1":0,"2":0,"3":0,"4":0,"6":0,"7":0,"8":0,"9":0,"10":0,"12":0,"138":0,"141":0,"193":0,"196":0,"852":0,"1074":0,"1083":0,"4105":0,"undefined":null}
2018-03-09-13-53-54,"1","A1","ct_police_stop_is-arrested_breadth_first_picking_euclidean_ic0.0_ip0.9_k10.json",{"0":0,"1":0,"2":0,"3":0,"4":0,"6":0,"7":0,"8":0,"9":0,"10":0,"12":0,"138":0,"141":0,"193":0,"196":0,"852":0,"1074":0,"1083":0,"4105":0,"undefined":null}
2018-03-09-13-54-07,"1","A1","ct_police_stop_is-arrested_breadth_first_picking_euclidean_ic0.0_ip0.9_k10.json",{"0":0,"1":0,"2":0,"3":0,"4":0,"6":0,"7":0,"8":0,"9":0,"10":0,"12":0,"138":0,"141":0,"193":0,"196":0,"852":0,"1074":0,"1083":0,"4105":0,"undefined":null}
2018-03-09-13-54-17,"1","T1","titanic_survived_breadth_first_picking_euclidean_ic0.0_ip0.9_k10.json",{"0":0,"1":0,"2":0,"3":0,"4":0,"6":0,"7":0,"8":0,"9":0,"10":0,"12":0,"138":0,"141":0,"193":0,"196":0,"852":0,"1074":0,"1083":0,"4105":0,"undefined":null}
2018-03-09-13-54-18,"1","T1","titanic_survived_breadth_first_picking_euclidean_ic0.0_ip0.9_k10.json",{"0":0,"1":0,"2":0,"3":0,"4":0,"6":0,"7":0,"8":0,"9":0,"10":0,"12":0,"138":0,"141":0,"193":0,"196":0,"852":0,"1074":0,"1083":0,"4105":0,"undefined":null}
2018-03-09-13-54-19,"1","T1","titanic_survived_breadth_first_picking_euclidean_ic0.0_ip0.9_k10.json",{"0":0,"1":0,"2":0,"3":0,"4":0,"6":0,"7":0,"8":0,"9":0,"10":0,"12":0,"138":0,"141":0,"193":0,"196":0,"852":0,"1074":0,"1083":0,"4105":0,"undefined":null}
2018-03-09-13-54-19,"1","T1","titanic_survived_breadth_first_picking_euclidean_ic0.0_ip0.9_k10.json",{"0":0,"1":0,"2":0,"3":0,"4":0,"6":0,"7":0,"8":0,"9":0,"10":0,"12":0,"138":0,"141":0,"193":0,"196":0,"852":0,"1074":0,"1083":0,"4105":0,"undefined":null}
2018-03-09-13-54-19,"1","T1","titanic_survived_breadth_first_picking_euclidean_ic0.0_ip0.9_k10.json",{"0":0,"1":0,"2":0,"3":0,"4":0,"6":0,"7":0,"8":0,"9":0,"10":0,"12":0,"138":0,"141":0,"193":0,"196":0,"852":0,"1074":0,"1083":0,"4105":0,"undefined":null}
2018-03-09-13-55-51,"1","A1","ct_police_stop_is-arrested_breadth_first_picking_euclidean_ic0.0_ip0.9_k10.json",{"0":0,"1":0,"2":0,"3":0,"4":0,"6":0,"7":0,"8":0,"9":0,"10":0,"12":0,"21":0,"22":0,"24":0,"25":0,"138":0,"141":0,"146":0,"153":0,"156":0,"157":0,"193":0,"196":0,"852":0,"1074":0,"1083":0,"4105":0,"undefined":null}
2018-03-09-13-55-59,"1","A1","ct_police_stop_is-arrested_breadth_first_picking_euclidean_ic0.0_ip0.9_k10.json",{"0":0,"1":0,"2":0,"3":0,"4":0,"6":0,"7":0,"8":0,"9":0,"10":0,"12":0,"21":0,"22":0,"24":0,"25":0,"138":0,"141":0,"146":0,"153":0,"156":0,"157":0,"193":0,"196":0,"852":0,"1074":0,"1083":0,"4105":1,"undefined":null}
2018-03-09-13-56-00,"1","A1","ct_police_stop_is-arrested_breadth_first_picking_euclidean_ic0.0_ip0.9_k10.json",{"0":0,"1":0,"2":0,"3":0,"4":0,"6":0,"7":0,"8":0,"9":0,"10":0,"12":0,"21":0,"22":0,"24":0,"25":0,"138":0,"141":0,"146":0,"153":0,"156":0,"157":0,"193":0,"196":0,"852":0,"1074":0,"1083":0,"4105":2,"undefined":null}
2018-03-09-13-56-02,"1","A1","ct_police_stop_is-arrested_breadth_first_picking_euclidean_ic0.0_ip0.9_k10.json",{"0":0,"1":0,"2":0,"3":0,"4":0,"6":0,"7":0,"8":0,"9":0,"10":0,"12":0,"21":0,"22":0,"24":0,"25":0,"138":0,"141":0,"146":0,"153":0,"156":0,"157":0,"193":0,"196":0,"852":0,"1074":0,"1083":0,"4105":2,"undefined":null}
2018-03-09-13-56-14,"1","A1","ct_police_stop_is-arrested_breadth_first_picking_euclidean_ic0.0_ip0.9_k10.json",{"0":0,"1":0,"2":0,"3":0,"4":0,"6":0,"7":0,"8":0,"9":0,"10":0,"12":0,"21":0,"22":0,"24":0,"25":0,"138":0,"141":0,"146":0,"153":0,"156":0,"157":0,"193":0,"196":0,"852":0,"1074":0,"1083":0,"4105":2,"undefined":null}
2018-03-09-13-56-59,"1","A1","ct_police_stop_is-arrested_breadth_first_picking_euclidean_ic0.0_ip0.9_k10.json",{"0":0,"1":0,"2":0,"3":0,"4":0,"6":0,"7":0,"8":0,"9":0,"10":0,"12":0,"21":0,"22":0,"24":0,"25":0,"138":0,"141":0,"146":0,"153":0,"156":0,"157":0,"193":0,"196":0,"852":0,"1074":0,"1083":0,"4105":2,"undefined":null}
2018-03-09-13-57-00,"1","A1","ct_police_stop_is-arrested_breadth_first_picking_euclidean_ic0.0_ip0.9_k10.json",{"0":0,"1":0,"2":0,"3":0,"4":0,"6":0,"7":0,"8":0,"9":0,"10":0,"12":0,"21":0,"22":0,"24":0,"25":0,"138":0,"141":0,"146":0,"153":0,"156":0,"157":0,"193":0,"196":0,"852":0,"1074":0,"1083":0,"4105":2,"undefined":null}
2018-03-09-13-57-02,"1","A1","ct_police_stop_is-arrested_breadth_first_picking_euclidean_ic0.0_ip0.9_k10.json",{"0":0,"1":0,"2":0,"3":0,"4":0,"6":0,"7":0,"8":0,"9":0,"10":0,"12":0,"21":0,"22":0,"24":0,"25":0,"138":0,"141":0,"146":0,"153":0,"156":0,"157":0,"193":0,"196":0,"852":0,"1074":0,"1083":0,"4105":2,"undefined":null}
2018-03-09-13-57-09,"1","A1","ct_police_stop_is-arrested_breadth_first_picking_euclidean_ic0.0_ip0.9_k10.json",{"0":0,"1":0,"2":0,"3":0,"4":0,"6":0,"7":0,"8":0,"9":0,"10":0,"12":0,"21":0,"22":0,"24":0,"25":0,"138":0,"141":0,"146":0,"153":0,"156":0,"157":0,"193":0,"196":0,"852":0,"1074":0,"1083":0,"4105":2,"undefined":null}
2018-03-09-13-57-20,"1","T1","titanic_survived_breadth_first_picking_euclidean_ic0.0_ip0.9_k10.json",{"0":0,"1":0,"2":0,"3":0,"4":0,"6":0,"7":0,"8":0,"9":0,"10":0,"12":0,"21":0,"22":0,"24":0,"25":0,"138":0,"141":0,"146":0,"153":0,"156":0,"157":0,"193":0,"196":0,"852":0,"1074":0,"1083":0,"4105":2,"undefined":null}
2018-03-09-13-58-24,"1","T1","titanic_survived_breadth_first_picking_euclidean_ic0.0_ip0.9_k10.json",{"0":0,"1":0,"2":0,"3":0,"4":0,"6":0,"7":0,"8":0,"9":0,"10":0,"undefined":null}
2018-03-09-13-59-39,"1","T1","titanic_survived_breadth_first_picking_euclidean_ic0.0_ip0.9_k10.json",{"0":0,"1":0,"2":0,"3":0,"4":0,"6":0,"7":0,"8":0,"9":0,"10":0,"undefined":null}
2018-03-09-13-59-45,"1","T1","titanic_survived_breadth_first_picking_euclidean_ic0.0_ip0.9_k10.json",{"0":0,"1":0,"2":0,"3":0,"4":0,"6":0,"7":0,"8":0,"9":0,"10":0,"undefined":null}
2018-03-09-13-59-49,"1","T1","titanic_survived_breadth_first_picking_euclidean_ic0.0_ip0.9_k10.json",{"0":0,"1":0,"2":0,"3":0,"4":0,"6":0,"7":0,"8":0,"9":0,"10":0,"undefined":null}
2018-03-09-14-00-12,"1","T1","titanic_survived_breadth_first_picking_euclidean_ic0.0_ip0.9_k10.json",{"0":0,"1":0,"2":0,"3":0,"4":0,"6":0,"7":0,"8":0,"9":0,"10":0,"undefined":null}
2018-03-09-14-00-28,"1","T1","titanic_survived_breadth_first_picking_euclidean_ic0.0_ip0.9_k10.json",{"0":0,"1":0,"2":1,"3":0,"4":0,"6":0,"7":0,"8":0,"9":0,"10":0,"undefined":null}
2018-03-09-14-00-42,"1","A1","ct_police_stop_is-arrested_breadth_first_picking_euclidean_ic0.0_ip0.9_k10.json",{"0":0,"1":0,"2":1,"3":0,"4":0,"6":0,"7":0,"8":0,"9":0,"10":0,"12":0,"138":0,"141":0,"193":0,"196":0,"852":1,"1074":0,"1083":0,"4105":0,"undefined":null}
2018-03-09-14-00-52,"1","A1","ct_police_stop_is-arrested_breadth_first_picking_euclidean_ic0.0_ip0.9_k10.json",{"0":0,"1":0,"2":1,"3":0,"4":0,"6":0,"7":0,"8":0,"9":0,"10":0,"12":0,"138":0,"141":0,"193":0,"196":0,"852":1,"1074":0,"1083":0,"4105":0,"undefined":null}
2018-03-09-14-01-08,"1","A1","ct_police_stop_is-arrested_breadth_first_picking_euclidean_ic0.0_ip0.9_k10.json",{"0":0,"1":0,"2":1,"3":0,"4":0,"6":0,"7":0,"8":0,"9":0,"10":0,"12":0,"138":0,"141":0,"193":0,"196":0,"852":1,"1074":0,"1083":0,"4105":0,"undefined":null}
2018-03-09-14-01-53,"1","T1","titanic_survived_breadth_first_picking_euclidean_ic0.0_ip0.9_k10.json",{"0":0,"1":0,"2":0,"3":0,"4":0,"6":0,"7":0,"8":0,"9":0,"10":0,"undefined":null}
2018-03-09-14-01-58,"1","T1","titanic_survived_breadth_first_picking_euclidean_ic0.0_ip0.9_k10.json",{"0":0,"1":0,"2":0,"3":0,"4":0,"6":0,"7":0,"8":0,"9":0,"10":0,"undefined":null}
2018-03-09-14-02-01,"1","T1","titanic_survived_breadth_first_picking_euclidean_ic0.0_ip0.9_k10.json",{"0":0,"1":0,"2":0,"3":0,"4":0,"6":0,"7":0,"8":0,"9":0,"10":0,"undefined":null}
2018-03-09-14-02-23,"1","A1","ct_police_stop_is-arrested_breadth_first_picking_euclidean_ic0.0_ip0.9_k10.json",{"0":0,"1":0,"2":0,"3":0,"4":0,"6":0,"7":0,"8":0,"9":0,"10":0,"12":0,"138":0,"141":0,"193":1,"196":0,"852":0,"1074":0,"1083":0,"4105":0,"undefined":null}
2018-03-09-14-02-24,"1","A1","ct_police_stop_is-arrested_breadth_first_picking_euclidean_ic0.0_ip0.9_k10.json",{"0":0,"1":0,"2":0,"3":0,"4":0,"6":0,"7":0,"8":0,"9":0,"10":0,"12":0,"138":0,"141":0,"193":1,"196":0,"852":0,"1074":0,"1083":0,"4105":0,"undefined":null}
2018-03-09-14-02-37,"1","T1","titanic_survived_breadth_first_picking_euclidean_ic0.0_ip0.9_k10.json",{"0":0,"1":0,"2":0,"3":0,"4":0,"6":0,"7":0,"8":0,"9":0,"10":0,"12":0,"138":0,"141":0,"193":1,"196":0,"852":0,"1074":0,"1083":0,"4105":0,"undefined":null}
2018-03-09-14-03-33,"1","T1","titanic_survived_breadth_first_picking_euclidean_ic0.0_ip0.9_k10.json",{"0":0,"1":0,"2":0,"3":0,"4":0,"6":0,"7":0,"8":0,"9":0,"10":0,"undefined":null}
2018-03-09-14-03-35,"1","T1","titanic_survived_breadth_first_picking_euclidean_ic0.0_ip0.9_k10.json",{"0":0,"1":0,"2":0,"3":0,"4":0,"6":0,"7":0,"8":0,"9":0,"10":0,"undefined":null}
2018-03-09-14-03-47,"1","A1","ct_police_stop_is-arrested_breadth_first_picking_euclidean_ic0.0_ip0.9_k10.json",{"0":0,"1":0,"2":0,"3":0,"4":0,"6":0,"7":0,"8":0,"9":0,"10":0,"12":0,"138":0,"141":0,"193":0,"196":0,"852":0,"1074":0,"1083":0,"4105":0,"undefined":null}
2018-03-09-14-46-11,"1","T1","titanic_survived_breadth_first_picking_euclidean_ic0.0_ip0.9_k10.json",{"0":1,"1":0,"2":0,"3":0,"4":0,"6":0,"7":0,"8":0,"9":0,"10":0}
2018-03-09-14-46-11,"1","T1","titanic_survived_breadth_first_picking_euclidean_ic0.0_ip0.9_k10.json",{"0":2,"1":0,"2":0,"3":0,"4":0,"6":0,"7":0,"8":0,"9":0,"10":0}
2018-03-09-14-46-12,"1","T1","titanic_survived_breadth_first_picking_euclidean_ic0.0_ip0.9_k10.json",{"0":2,"1":0,"2":1,"3":0,"4":0,"6":0,"7":0,"8":0,"9":0,"10":0}
2018-03-09-14-46-13,"1","T1","titanic_survived_breadth_first_picking_euclidean_ic0.0_ip0.9_k10.json",{"0":2,"1":0,"2":2,"3":0,"4":0,"6":0,"7":0,"8":0,"9":0,"10":0}
2018-03-09-14-46-13,"1","T1","titanic_survived_breadth_first_picking_euclidean_ic0.0_ip0.9_k10.json",{"0":2,"1":0,"2":3,"3":0,"4":0,"6":0,"7":0,"8":0,"9":0,"10":0}
2018-03-09-14-46-14,"1","T1","titanic_survived_breadth_first_picking_euclidean_ic0.0_ip0.9_k10.json",{"0":2,"1":0,"2":3,"3":1,"4":0,"6":0,"7":0,"8":0,"9":0,"10":0}
2018-03-09-14-46-14,"1","T1","titanic_survived_breadth_first_picking_euclidean_ic0.0_ip0.9_k10.json",{"0":2,"1":0,"2":3,"3":2,"4":0,"6":0,"7":0,"8":0,"9":0,"10":0}
2018-03-09-14-46-15,"1","T1","titanic_survived_breadth_first_picking_euclidean_ic0.0_ip0.9_k10.json",{"0":2,"1":0,"2":3,"3":2,"4":0,"6":0,"7":0,"8":0,"9":1,"10":0}
2018-03-09-14-46-15,"1","T1","titanic_survived_breadth_first_picking_euclidean_ic0.0_ip0.9_k10.json",{"0":2,"1":0,"2":3,"3":2,"4":0,"6":0,"7":0,"8":0,"9":2,"10":0}
2018-03-09-14-46-15,"1","T1","titanic_survived_breadth_first_picking_euclidean_ic0.0_ip0.9_k10.json",{"0":2,"1":0,"2":3,"3":2,"4":0,"6":0,"7":0,"8":0,"9":3,"10":0}
2018-03-09-14-46-17,"1","T1","titanic_survived_breadth_first_picking_euclidean_ic0.0_ip0.9_k10.json",{"0":2,"1":0,"2":3,"3":2,"4":1,"6":0,"7":0,"8":0,"9":3,"10":0}
2018-03-09-14-46-17,"1","T1","titanic_survived_breadth_first_picking_euclidean_ic0.0_ip0.9_k10.json",{"0":2,"1":0,"2":3,"3":2,"4":2,"6":0,"7":0,"8":0,"9":3,"10":0}
2018-03-09-14-46-18,"1","T1","titanic_survived_breadth_first_picking_euclidean_ic0.0_ip0.9_k10.json",{"0":2,"1":0,"2":3,"3":2,"4":2,"6":0,"7":0,"8":0,"9":3,"10":1}
2018-03-09-14-46-18,"1","T1","titanic_survived_breadth_first_picking_euclidean_ic0.0_ip0.9_k10.json",{"0":2,"1":0,"2":3,"3":2,"4":2,"6":0,"7":0,"8":0,"9":3,"10":2}
2018-03-09-14-46-18,"1","T1","titanic_survived_breadth_first_picking_euclidean_ic0.0_ip0.9_k10.json",{"0":2,"1":0,"2":3,"3":2,"4":2,"6":0,"7":0,"8":0,"9":3,"10":3}
2018-03-09-14-46-19,"1","T1","titanic_survived_breadth_first_picking_euclidean_ic0.0_ip0.9_k10.json",{"0":2,"1":0,"2":3,"3":2,"4":2,"6":0,"7":0,"8":0,"9":3,"10":3,"undefined":null}
2018-03-09-14-46-56,"1","T1","titanic_survived_breadth_first_picking_euclidean_ic0.0_ip0.9_k10.json",{"0":3,"1":0,"2":3,"3":2,"4":2,"6":0,"7":0,"8":0,"9":3,"10":3,"undefined":null}
2018-03-09-14-47-52,"1","T2","titanic_survived_breadth_first_picking_euclidean_ic0.0_ip0.9_k10.json",[0,1,0,0,0,0,0,0,0,0,0,0,0,0,0,0,0,0,0,0]
2018-03-09-14-47-52,"1","T2","titanic_survived_breadth_first_picking_euclidean_ic0.0_ip0.9_k10.json",[0,2,0,0,0,0,0,0,0,0,0,0,0,0,0,0,0,0,0,0]
2018-03-09-14-47-53,"1","T2","titanic_survived_breadth_first_picking_euclidean_ic0.0_ip0.9_k10.json",[1,2,0,0,0,0,0,0,0,0,0,0,0,0,0,0,0,0,0,0]
2018-03-09-14-47-53,"1","T2","titanic_survived_breadth_first_picking_euclidean_ic0.0_ip0.9_k10.json",[2,2,0,0,0,0,0,0,0,0,0,0,0,0,0,0,0,0,0,0]
2018-03-09-14-47-53,"1","T2","titanic_survived_breadth_first_picking_euclidean_ic0.0_ip0.9_k10.json",[3,2,0,0,0,0,0,0,0,0,0,0,0,0,0,0,0,0,0,0]
2018-03-09-14-47-54,"1","T2","titanic_survived_breadth_first_picking_euclidean_ic0.0_ip0.9_k10.json",[3,2,0,0,0,0,1,0,0,0,0,0,0,0,0,0,0,0,0,0]
2018-03-09-14-47-54,"1","T2","titanic_survived_breadth_first_picking_euclidean_ic0.0_ip0.9_k10.json",[3,2,0,0,0,0,2,0,0,0,0,0,0,0,0,0,0,0,0,0]
2018-03-09-14-47-54,"1","T2","titanic_survived_breadth_first_picking_euclidean_ic0.0_ip0.9_k10.json",[3,2,0,0,0,0,3,0,0,0,0,0,0,0,0,0,0,0,0,0]
2018-03-09-14-47-55,"1","T2","titanic_survived_breadth_first_picking_euclidean_ic0.0_ip0.9_k10.json",[3,2,0,0,0,0,3,1,0,0,0,0,0,0,0,0,0,0,0,0]
2018-03-09-14-47-55,"1","T2","titanic_survived_breadth_first_picking_euclidean_ic0.0_ip0.9_k10.json",[3,2,0,0,0,0,3,2,0,0,0,0,0,0,0,0,0,0,0,0]
2018-03-09-14-47-56,"1","T2","titanic_survived_breadth_first_picking_euclidean_ic0.0_ip0.9_k10.json",[3,2,0,0,0,1,3,2,0,0,0,0,0,0,0,0,0,0,0,0]
2018-03-09-14-47-56,"1","T2","titanic_survived_breadth_first_picking_euclidean_ic0.0_ip0.9_k10.json",[3,2,0,0,0,2,3,2,0,0,0,0,0,0,0,0,0,0,0,0]
2018-03-09-14-47-58,"1","T2","titanic_survived_breadth_first_picking_euclidean_ic0.0_ip0.9_k10.json",[3,2,0,0,0,2,3,2,1,0,0,0,0,0,0,0,0,0,0,0]
2018-03-09-14-47-58,"1","T2","titanic_survived_breadth_first_picking_euclidean_ic0.0_ip0.9_k10.json",[3,2,0,0,0,2,3,2,2,0,0,0,0,0,0,0,0,0,0,0]
2018-03-09-14-48-13,"1","T2","titanic_survived_breadth_first_picking_euclidean_ic0.0_ip0.9_k10.json",[3,2,1,0,0,2,3,2,2,0,0,0,0,0,0,0,0,0,0,0]
2018-03-09-14-48-14,"1","T2","titanic_survived_breadth_first_picking_euclidean_ic0.0_ip0.9_k10.json",[3,2,2,0,0,2,3,2,2,0,0,0,0,0,0,0,0,0,0,0]
2018-03-09-14-48-14,"1","T2","titanic_survived_breadth_first_picking_euclidean_ic0.0_ip0.9_k10.json",[3,2,3,0,0,2,3,2,2,0,0,0,0,0,0,0,0,0,0,0]
2018-03-09-14-48-14,"1","T2","titanic_survived_breadth_first_picking_euclidean_ic0.0_ip0.9_k10.json",[3,2,3,0,1,2,3,2,2,0,0,0,0,0,0,0,0,0,0,0]
2018-03-09-14-48-15,"1","T2","titanic_survived_breadth_first_picking_euclidean_ic0.0_ip0.9_k10.json",[3,2,3,0,2,2,3,2,2,0,0,0,0,0,0,0,0,0,0,0]
2018-03-09-14-48-15,"1","T2","titanic_survived_breadth_first_picking_euclidean_ic0.0_ip0.9_k10.json",[3,2,3,0,2,2,3,2,2,1,0,0,0,0,0,0,0,0,0,0]
2018-03-09-14-48-15,"1","T2","titanic_survived_breadth_first_picking_euclidean_ic0.0_ip0.9_k10.json",[3,2,3,0,2,2,3,2,2,2,0,0,0,0,0,0,0,0,0,0]
2018-03-09-14-49-56,"1","T2","default",{"0":0,"1":1,"2":0,"3":0,"4":0,"5":0,"6":0,"7":0,"8":0,"9":0}
2018-03-09-14-49-56,"1","T2","default",{"0":0,"1":2,"2":0,"3":0,"4":0,"5":0,"6":0,"7":0,"8":0,"9":0}
2018-03-09-14-49-56,"1","T2","default",{"0":0,"1":3,"2":0,"3":0,"4":0,"5":0,"6":0,"7":0,"8":0,"9":0}
2018-03-09-14-49-57,"1","T2","default",{"0":0,"1":3,"2":1,"3":0,"4":0,"5":0,"6":0,"7":0,"8":0,"9":0}
2018-03-09-14-49-57,"1","T2","default",{"0":0,"1":3,"2":2,"3":0,"4":0,"5":0,"6":0,"7":0,"8":0,"9":0}
2018-03-09-14-49-57,"1","T2","default",{"0":0,"1":3,"2":3,"3":0,"4":0,"5":0,"6":0,"7":0,"8":0,"9":0}
2018-03-09-14-49-58,"1","T2","default",{"0":0,"1":3,"2":3,"3":0,"4":0,"5":0,"6":0,"7":0,"8":1,"9":0}
2018-03-09-14-49-58,"1","T2","default",{"0":0,"1":3,"2":3,"3":0,"4":0,"5":0,"6":0,"7":0,"8":2,"9":0}
2018-03-09-14-49-58,"1","T2","default",{"0":0,"1":3,"2":3,"3":0,"4":0,"5":0,"6":0,"7":0,"8":3,"9":0}
2018-03-09-14-49-59,"1","T2","default",{"0":0,"1":3,"2":3,"3":0,"4":1,"5":0,"6":0,"7":0,"8":3,"9":0}
2018-03-09-14-49-59,"1","T2","default",{"0":0,"1":3,"2":3,"3":0,"4":2,"5":0,"6":0,"7":0,"8":3,"9":0}
2018-03-09-14-49-59,"1","T2","default",{"0":0,"1":3,"2":3,"3":0,"4":2,"5":0,"6":0,"7":1,"8":3,"9":0}
2018-03-09-14-50-00,"1","T2","default",{"0":0,"1":3,"2":3,"3":0,"4":2,"5":0,"6":0,"7":2,"8":3,"9":0}
2018-03-09-14-50-00,"1","T2","default",{"0":0,"1":3,"2":3,"3":0,"4":2,"5":1,"6":0,"7":2,"8":3,"9":0}
2018-03-09-14-50-00,"1","T2","default",{"0":0,"1":3,"2":3,"3":0,"4":2,"5":2,"6":0,"7":2,"8":3,"9":0}
2018-03-09-14-50-01,"1","T2","default",{"0":1,"1":3,"2":3,"3":0,"4":2,"5":2,"6":0,"7":2,"8":3,"9":0}
2018-03-09-14-50-03,"1","T2","default",{"0":2,"1":3,"2":3,"3":0,"4":2,"5":2,"6":0,"7":2,"8":3,"9":0}
2018-03-09-14-50-03,"1","T2","default",{"0":3,"1":3,"2":3,"3":0,"4":2,"5":2,"6":0,"7":2,"8":3,"9":0}
2018-03-09-14-50-04,"1","T2","default",{"0":3,"1":3,"2":3,"3":0,"4":2,"5":2,"6":0,"7":2,"8":3,"9":1}
2018-03-09-14-50-04,"1","T2","default",{"0":3,"1":3,"2":3,"3":0,"4":2,"5":2,"6":0,"7":2,"8":3,"9":2}
