\BOOKMARK [1][-]{section.1}{1 Introduction}{}% 1
\BOOKMARK [1][-]{section.2}{2 Distributional awareness and its applications}{}% 2
\BOOKMARK [1][-]{section.3}{3 Data and User Models}{}% 3
\BOOKMARK [2][-]{subsection.3.1}{3.1 Structure of visualization stories}{section.3}% 4
\BOOKMARK [2][-]{subsection.3.2}{3.2 Utility of Visualizations: User Expectation Model}{section.3}% 5
\BOOKMARK [2][-]{subsection.3.3}{3.3 Problem Formulation}{section.3}% 6
\BOOKMARK [1][-]{section.4}{4 System}{}% 7
\BOOKMARK [2][-]{subsection.4.1}{4.1 System Architecture}{section.4}% 8
\BOOKMARK [2][-]{subsection.4.2}{4.2 Algorithms}{section.4}% 9
\BOOKMARK [1][-]{section.5}{5 User Interaction}{}% 10
\BOOKMARK [2][-]{subsection.5.1}{5.1 Assistive tools for visualizing large lattices}{section.5}% 11
\BOOKMARK [1][-]{section.6}{6 User Study Evaluation}{}% 12
\BOOKMARK [2][-]{subsection.6.1}{6.1 Procedure}{section.6}% 13
\BOOKMARK [2][-]{subsection.6.2}{6.2 Result}{section.6}% 14
\BOOKMARK [2][-]{subsection.6.3}{6.3 Qualitative results \(RQ3\)}{section.6}% 15
\BOOKMARK [1][-]{section.7}{7 Discussion}{}% 16
\BOOKMARK [2][-]{subsection.7.1}{7.1 Statistical Paradoxes}{section.7}% 17
\BOOKMARK [2][-]{subsection.7.2}{7.2 Structural Insight}{section.7}% 18
\BOOKMARK [2][-]{subsection.7.3}{7.3 Other Visualization Lattices}{section.7}% 19
\BOOKMARK [1][-]{section.8}{8 Related Works}{}% 20
\BOOKMARK [2][-]{subsection.8.1}{8.1 Visualization recommendation}{section.8}% 21
\BOOKMARK [2][-]{subsection.8.2}{8.2 Data Exploration of OLAP Data Cubes}{section.8}% 22
\BOOKMARK [1][-]{section.9}{9 Conclusion}{}% 23
\BOOKMARK [1][-]{section*.15}{References}{}% 24
